16-Nov-2020 12:20:11.303 INFO [main] org.apache.catalina.startup.VersionLoggerListener.log Server version name:   Apache Tomcat/9.0.37
16-Nov-2020 12:20:11.303 INFO [main] org.apache.catalina.startup.VersionLoggerListener.log Server built:          Jun 30 2020 20:09:49 UTC
16-Nov-2020 12:20:11.303 INFO [main] org.apache.catalina.startup.VersionLoggerListener.log Server version number: 9.0.37.0
16-Nov-2020 12:20:11.303 INFO [main] org.apache.catalina.startup.VersionLoggerListener.log OS Name:               Windows 7
16-Nov-2020 12:20:11.303 INFO [main] org.apache.catalina.startup.VersionLoggerListener.log OS Version:            6.1
16-Nov-2020 12:20:11.303 INFO [main] org.apache.catalina.startup.VersionLoggerListener.log Architecture:          x86
16-Nov-2020 12:20:11.319 INFO [main] org.apache.catalina.startup.VersionLoggerListener.log Java Home:             c:\jdk1.8.0\jre
16-Nov-2020 12:20:11.319 INFO [main] org.apache.catalina.startup.VersionLoggerListener.log JVM Version:           1.8.0_251-b08
16-Nov-2020 12:20:11.319 INFO [main] org.apache.catalina.startup.VersionLoggerListener.log JVM Vendor:            Oracle Corporation
16-Nov-2020 12:20:11.319 INFO [main] org.apache.catalina.startup.VersionLoggerListener.log CATALINA_BASE:         C:\Study\JavaEE\tomcat9
16-Nov-2020 12:20:11.319 INFO [main] org.apache.catalina.startup.VersionLoggerListener.log CATALINA_HOME:         C:\Study\JavaEE\tomcat9
16-Nov-2020 12:20:11.319 INFO [main] org.apache.catalina.startup.VersionLoggerListener.log Command line argument: -Djava.util.logging.config.file=C:\Study\JavaEE\tomcat9\conf\logging.properties
16-Nov-2020 12:20:11.319 INFO [main] org.apache.catalina.startup.VersionLoggerListener.log Command line argument: -Djava.util.logging.manager=org.apache.juli.ClassLoaderLogManager
16-Nov-2020 12:20:11.319 INFO [main] org.apache.catalina.startup.VersionLoggerListener.log Command line argument: -Djdk.tls.ephemeralDHKeySize=2048
16-Nov-2020 12:20:11.319 INFO [main] org.apache.catalina.startup.VersionLoggerListener.log Command line argument: -Djava.protocol.handler.pkgs=org.apache.catalina.webresources
16-Nov-2020 12:20:11.319 INFO [main] org.apache.catalina.startup.VersionLoggerListener.log Command line argument: -Dignore.endorsed.dirs=
16-Nov-2020 12:20:11.319 INFO [main] org.apache.catalina.startup.VersionLoggerListener.log Command line argument: -Dcatalina.base=C:\Study\JavaEE\tomcat9
16-Nov-2020 12:20:11.335 INFO [main] org.apache.catalina.startup.VersionLoggerListener.log Command line argument: -Dcatalina.home=C:\Study\JavaEE\tomcat9
16-Nov-2020 12:20:11.335 INFO [main] org.apache.catalina.startup.VersionLoggerListener.log Command line argument: -Djava.io.tmpdir=C:\Study\JavaEE\tomcat9\temp
16-Nov-2020 12:20:11.335 INFO [main] org.apache.catalina.core.AprLifecycleListener.lifecycleEvent The Apache Tomcat Native library which allows using OpenSSL was not found on the java.library.path: [c:\jdk1.8.0\bin;C:\Windows\Sun\Java\bin;C:\Windows\system32;C:\Windows;C:\Program Files\Common Files\Oracle\Java\javapath;C:\ProgramData\Oracle\Java\javapath;C:\Program Files\Common Files\Microsoft Shared\Windows Live;C:\Windows\system32;C:\Windows;C:\Windows\System32\Wbem;C:\Windows\System32\WindowsPowerShell\v1.0\;C:\Program Files\Windows Live\Shared;C:\Program Files\TortoiseSVN\bin;C:\Program Files\PuTTY\;C:\Program Files\Git\cmd;C:\Program Files\Windows Kits\10\Windows Performance Toolkit\;C:\Program Files\Microsoft SQL Server\120\Tools\Binn\;C:\Program Files\dotnet\;C:\Users\esha\AppData\Local\Programs\Python\Python36-32\Scripts\;C:\Users\esha\AppData\Local\Programs\Python\Python36-32\;C:\Windows;C:\Windows\System32;C:\Program Files\Java\jre1.8.0_144\bin;C:\Users\esha\AppData\Local\Programs\Python\Python36-32;C:\jdk1.8.0\bin;C:\tc\BIN;C:\MinGW\bin;.]
16-Nov-2020 12:20:12.342 INFO [main] org.apache.coyote.AbstractProtocol.init Initializing ProtocolHandler ["http-nio-8080"]
16-Nov-2020 12:20:12.779 INFO [main] org.apache.catalina.startup.Catalina.load Server initialization in [2153] milliseconds
16-Nov-2020 12:20:12.841 INFO [main] org.apache.catalina.core.StandardService.startInternal Starting service [Catalina]
16-Nov-2020 12:20:12.841 INFO [main] org.apache.catalina.core.StandardEngine.startInternal Starting Servlet engine: [Apache Tomcat/9.0.37]
16-Nov-2020 12:20:12.903 INFO [main] org.apache.catalina.startup.HostConfig.deployDirectory Deploying web application directory [C:\Study\JavaEE\tomcat9\webapps\docs]
16-Nov-2020 12:20:13.971 INFO [main] org.apache.jasper.servlet.TldScanner.scanJars At least one JAR was scanned for TLDs yet contained no TLDs. Enable debug logging for this logger for a complete list of JARs that were scanned but no TLDs were found in them. Skipping unneeded JARs during scanning can improve startup time and JSP compilation time.
16-Nov-2020 12:20:14.132 INFO [main] org.apache.catalina.startup.HostConfig.deployDirectory Deployment of web application directory [C:\Study\JavaEE\tomcat9\webapps\docs] has finished in [1,229] ms
16-Nov-2020 12:20:14.132 INFO [main] org.apache.catalina.startup.HostConfig.deployDirectory Deploying web application directory [C:\Study\JavaEE\tomcat9\webapps\examples]
16-Nov-2020 12:20:15.213 INFO [main] org.apache.jasper.servlet.TldScanner.scanJars At least one JAR was scanned for TLDs yet contained no TLDs. Enable debug logging for this logger for a complete list of JARs that were scanned but no TLDs were found in them. Skipping unneeded JARs during scanning can improve startup time and JSP compilation time.
16-Nov-2020 12:20:15.307 INFO [main] org.apache.catalina.startup.HostConfig.deployDirectory Deployment of web application directory [C:\Study\JavaEE\tomcat9\webapps\examples] has finished in [1,175] ms
16-Nov-2020 12:20:15.307 INFO [main] org.apache.catalina.startup.HostConfig.deployDirectory Deploying web application directory [C:\Study\JavaEE\tomcat9\webapps\five]
16-Nov-2020 12:20:15.686 INFO [main] org.apache.jasper.servlet.TldScanner.scanJars At least one JAR was scanned for TLDs yet contained no TLDs. Enable debug logging for this logger for a complete list of JARs that were scanned but no TLDs were found in them. Skipping unneeded JARs during scanning can improve startup time and JSP compilation time.
16-Nov-2020 12:20:15.702 INFO [main] org.apache.catalina.startup.HostConfig.deployDirectory Deployment of web application directory [C:\Study\JavaEE\tomcat9\webapps\five] has finished in [395] ms
16-Nov-2020 12:20:15.702 INFO [main] org.apache.catalina.startup.HostConfig.deployDirectory Deploying web application directory [C:\Study\JavaEE\tomcat9\webapps\four]
16-Nov-2020 12:20:16.190 INFO [main] org.apache.jasper.servlet.TldScanner.scanJars At least one JAR was scanned for TLDs yet contained no TLDs. Enable debug logging for this logger for a complete list of JARs that were scanned but no TLDs were found in them. Skipping unneeded JARs during scanning can improve startup time and JSP compilation time.
16-Nov-2020 12:20:16.190 INFO [main] org.apache.catalina.startup.HostConfig.deployDirectory Deployment of web application directory [C:\Study\JavaEE\tomcat9\webapps\four] has finished in [488] ms
16-Nov-2020 12:20:16.190 INFO [main] org.apache.catalina.startup.HostConfig.deployDirectory Deploying web application directory [C:\Study\JavaEE\tomcat9\webapps\host-manager]
16-Nov-2020 12:20:16.658 INFO [main] org.apache.jasper.servlet.TldScanner.scanJars At least one JAR was scanned for TLDs yet contained no TLDs. Enable debug logging for this logger for a complete list of JARs that were scanned but no TLDs were found in them. Skipping unneeded JARs during scanning can improve startup time and JSP compilation time.
16-Nov-2020 12:20:16.674 INFO [main] org.apache.catalina.startup.HostConfig.deployDirectory Deployment of web application directory [C:\Study\JavaEE\tomcat9\webapps\host-manager] has finished in [484] ms
16-Nov-2020 12:20:16.674 INFO [main] org.apache.catalina.startup.HostConfig.deployDirectory Deploying web application directory [C:\Study\JavaEE\tomcat9\webapps\manager]
16-Nov-2020 12:20:17.146 INFO [main] org.apache.jasper.servlet.TldScanner.scanJars At least one JAR was scanned for TLDs yet contained no TLDs. Enable debug logging for this logger for a complete list of JARs that were scanned but no TLDs were found in them. Skipping unneeded JARs during scanning can improve startup time and JSP compilation time.
16-Nov-2020 12:20:17.146 INFO [main] org.apache.catalina.startup.HostConfig.deployDirectory Deployment of web application directory [C:\Study\JavaEE\tomcat9\webapps\manager] has finished in [472] ms
16-Nov-2020 12:20:17.162 INFO [main] org.apache.catalina.startup.HostConfig.deployDirectory Deploying web application directory [C:\Study\JavaEE\tomcat9\webapps\one]
16-Nov-2020 12:20:17.539 INFO [main] org.apache.jasper.servlet.TldScanner.scanJars At least one JAR was scanned for TLDs yet contained no TLDs. Enable debug logging for this logger for a complete list of JARs that were scanned but no TLDs were found in them. Skipping unneeded JARs during scanning can improve startup time and JSP compilation time.
16-Nov-2020 12:20:17.554 INFO [main] org.apache.catalina.startup.HostConfig.deployDirectory Deployment of web application directory [C:\Study\JavaEE\tomcat9\webapps\one] has finished in [392] ms
16-Nov-2020 12:20:17.554 INFO [main] org.apache.catalina.startup.HostConfig.deployDirectory Deploying web application directory [C:\Study\JavaEE\tomcat9\webapps\ROOT]
16-Nov-2020 12:20:17.866 INFO [main] org.apache.jasper.servlet.TldScanner.scanJars At least one JAR was scanned for TLDs yet contained no TLDs. Enable debug logging for this logger for a complete list of JARs that were scanned but no TLDs were found in them. Skipping unneeded JARs during scanning can improve startup time and JSP compilation time.
16-Nov-2020 12:20:17.882 INFO [main] org.apache.catalina.startup.HostConfig.deployDirectory Deployment of web application directory [C:\Study\JavaEE\tomcat9\webapps\ROOT] has finished in [328] ms
16-Nov-2020 12:20:17.882 INFO [main] org.apache.catalina.startup.HostConfig.deployDirectory Deploying web application directory [C:\Study\JavaEE\tomcat9\webapps\styleone]
16-Nov-2020 12:20:18.565 INFO [main] org.apache.jasper.servlet.TldScanner.scanJars At least one JAR was scanned for TLDs yet contained no TLDs. Enable debug logging for this logger for a complete list of JARs that were scanned but no TLDs were found in them. Skipping unneeded JARs during scanning can improve startup time and JSP compilation time.
16-Nov-2020 12:20:18.565 INFO [main] org.apache.catalina.startup.HostConfig.deployDirectory Deployment of web application directory [C:\Study\JavaEE\tomcat9\webapps\styleone] has finished in [683] ms
16-Nov-2020 12:20:18.581 INFO [main] org.apache.catalina.startup.HostConfig.deployDirectory Deploying web application directory [C:\Study\JavaEE\tomcat9\webapps\three]
16-Nov-2020 12:20:19.101 INFO [main] org.apache.jasper.servlet.TldScanner.scanJars At least one JAR was scanned for TLDs yet contained no TLDs. Enable debug logging for this logger for a complete list of JARs that were scanned but no TLDs were found in them. Skipping unneeded JARs during scanning can improve startup time and JSP compilation time.
16-Nov-2020 12:20:19.101 INFO [main] org.apache.catalina.startup.HostConfig.deployDirectory Deployment of web application directory [C:\Study\JavaEE\tomcat9\webapps\three] has finished in [520] ms
16-Nov-2020 12:20:19.101 INFO [main] org.apache.catalina.startup.HostConfig.deployDirectory Deploying web application directory [C:\Study\JavaEE\tomcat9\webapps\two]
16-Nov-2020 12:20:19.601 INFO [main] org.apache.jasper.servlet.TldScanner.scanJars At least one JAR was scanned for TLDs yet contained no TLDs. Enable debug logging for this logger for a complete list of JARs that were scanned but no TLDs were found in them. Skipping unneeded JARs during scanning can improve startup time and JSP compilation time.
16-Nov-2020 12:20:19.601 INFO [main] org.apache.catalina.startup.HostConfig.deployDirectory Deployment of web application directory [C:\Study\JavaEE\tomcat9\webapps\two] has finished in [500] ms
16-Nov-2020 12:20:19.616 INFO [main] org.apache.coyote.AbstractProtocol.start Starting ProtocolHandler ["http-nio-8080"]
16-Nov-2020 12:20:19.647 INFO [main] org.apache.catalina.startup.Catalina.start Server startup in [6859] milliseconds
16-Nov-2020 12:30:52.870 INFO [Thread-4] org.apache.coyote.AbstractProtocol.pause Pausing ProtocolHandler ["http-nio-8080"]
16-Nov-2020 12:30:53.254 INFO [Thread-4] org.apache.catalina.core.StandardService.stopInternal Stopping service [Catalina]
16-Nov-2020 12:30:53.390 WARNING [Thread-4] org.apache.catalina.loader.WebappClassLoaderBase.clearReferencesJdbc The web application [styleone] registered the JDBC driver [com.mysql.jdbc.Driver] but failed to unregister it when the web application was stopped. To prevent a memory leak, the JDBC Driver has been forcibly unregistered.
16-Nov-2020 12:30:53.390 WARNING [Thread-4] org.apache.catalina.loader.WebappClassLoaderBase.clearReferencesJdbc The web application [styleone] registered the JDBC driver [com.mysql.fabric.jdbc.FabricMySQLDriver] but failed to unregister it when the web application was stopped. To prevent a memory leak, the JDBC Driver has been forcibly unregistered.
16-Nov-2020 12:30:53.390 WARNING [Thread-4] org.apache.catalina.loader.WebappClassLoaderBase.clearReferencesThreads The web application [styleone] appears to have started a thread named [mysql-cj-abandoned-connection-cleanup] but has failed to stop it. This is very likely to create a memory leak. Stack trace of thread:
 java.lang.Object.wait(Native Method)
 java.lang.ref.ReferenceQueue.remove(ReferenceQueue.java:144)
 com.mysql.jdbc.AbandonedConnectionCleanupThread.run(AbandonedConnectionCleanupThread.java:80)
 java.util.concurrent.ThreadPoolExecutor.runWorker(ThreadPoolExecutor.java:1149)
 java.util.concurrent.ThreadPoolExecutor$Worker.run(ThreadPoolExecutor.java:624)
 java.lang.Thread.run(Thread.java:748)
16-Nov-2020 12:30:53.514 INFO [mysql-cj-abandoned-connection-cleanup] org.apache.catalina.loader.WebappClassLoaderBase.checkStateForResourceLoading Illegal access: this web application instance has been stopped already. Could not load []. The following stack trace is thrown for debugging purposes as well as to attempt to terminate the thread which caused the illegal access.
	java.lang.IllegalStateException: Illegal access: this web application instance has been stopped already. Could not load []. The following stack trace is thrown for debugging purposes as well as to attempt to terminate the thread which caused the illegal access.
		at org.apache.catalina.loader.WebappClassLoaderBase.checkStateForResourceLoading(WebappClassLoaderBase.java:1385)
		at org.apache.catalina.loader.WebappClassLoaderBase.getResource(WebappClassLoaderBase.java:1038)
		at com.mysql.jdbc.AbandonedConnectionCleanupThread.checkThreadContextClassLoader(AbandonedConnectionCleanupThread.java:112)
		at com.mysql.jdbc.AbandonedConnectionCleanupThread.run(AbandonedConnectionCleanupThread.java:79)
		at java.util.concurrent.ThreadPoolExecutor.runWorker(ThreadPoolExecutor.java:1149)
		at java.util.concurrent.ThreadPoolExecutor$Worker.run(ThreadPoolExecutor.java:624)
		at java.lang.Thread.run(Thread.java:748)
16-Nov-2020 12:30:53.561 INFO [Thread-4] org.apache.coyote.AbstractProtocol.stop Stopping ProtocolHandler ["http-nio-8080"]
16-Nov-2020 12:30:53.561 INFO [Thread-4] org.apache.coyote.AbstractProtocol.destroy Destroying ProtocolHandler ["http-nio-8080"]
16-Nov-2020 12:31:01.036 INFO [main] org.apache.catalina.startup.VersionLoggerListener.log Server version name:   Apache Tomcat/9.0.37
16-Nov-2020 12:31:01.036 INFO [main] org.apache.catalina.startup.VersionLoggerListener.log Server built:          Jun 30 2020 20:09:49 UTC
16-Nov-2020 12:31:01.036 INFO [main] org.apache.catalina.startup.VersionLoggerListener.log Server version number: 9.0.37.0
16-Nov-2020 12:31:01.036 INFO [main] org.apache.catalina.startup.VersionLoggerListener.log OS Name:               Windows 7
16-Nov-2020 12:31:01.036 INFO [main] org.apache.catalina.startup.VersionLoggerListener.log OS Version:            6.1
16-Nov-2020 12:31:01.036 INFO [main] org.apache.catalina.startup.VersionLoggerListener.log Architecture:          x86
16-Nov-2020 12:31:01.036 INFO [main] org.apache.catalina.startup.VersionLoggerListener.log Java Home:             c:\jdk1.8.0\jre
16-Nov-2020 12:31:01.036 INFO [main] org.apache.catalina.startup.VersionLoggerListener.log JVM Version:           1.8.0_251-b08
16-Nov-2020 12:31:01.036 INFO [main] org.apache.catalina.startup.VersionLoggerListener.log JVM Vendor:            Oracle Corporation
16-Nov-2020 12:31:01.036 INFO [main] org.apache.catalina.startup.VersionLoggerListener.log CATALINA_BASE:         C:\Study\JavaEE\tomcat9
16-Nov-2020 12:31:01.036 INFO [main] org.apache.catalina.startup.VersionLoggerListener.log CATALINA_HOME:         C:\Study\JavaEE\tomcat9
16-Nov-2020 12:31:01.051 INFO [main] org.apache.catalina.startup.VersionLoggerListener.log Command line argument: -Djava.util.logging.config.file=C:\Study\JavaEE\tomcat9\conf\logging.properties
16-Nov-2020 12:31:01.051 INFO [main] org.apache.catalina.startup.VersionLoggerListener.log Command line argument: -Djava.util.logging.manager=org.apache.juli.ClassLoaderLogManager
16-Nov-2020 12:31:01.051 INFO [main] org.apache.catalina.startup.VersionLoggerListener.log Command line argument: -Djdk.tls.ephemeralDHKeySize=2048
16-Nov-2020 12:31:01.051 INFO [main] org.apache.catalina.startup.VersionLoggerListener.log Command line argument: -Djava.protocol.handler.pkgs=org.apache.catalina.webresources
16-Nov-2020 12:31:01.051 INFO [main] org.apache.catalina.startup.VersionLoggerListener.log Command line argument: -Dignore.endorsed.dirs=
16-Nov-2020 12:31:01.051 INFO [main] org.apache.catalina.startup.VersionLoggerListener.log Command line argument: -Dcatalina.base=C:\Study\JavaEE\tomcat9
16-Nov-2020 12:31:01.051 INFO [main] org.apache.catalina.startup.VersionLoggerListener.log Command line argument: -Dcatalina.home=C:\Study\JavaEE\tomcat9
16-Nov-2020 12:31:01.051 INFO [main] org.apache.catalina.startup.VersionLoggerListener.log Command line argument: -Djava.io.tmpdir=C:\Study\JavaEE\tomcat9\temp
16-Nov-2020 12:31:01.051 INFO [main] org.apache.catalina.core.AprLifecycleListener.lifecycleEvent The Apache Tomcat Native library which allows using OpenSSL was not found on the java.library.path: [c:\jdk1.8.0\bin;C:\Windows\Sun\Java\bin;C:\Windows\system32;C:\Windows;C:\Program Files\Common Files\Oracle\Java\javapath;C:\ProgramData\Oracle\Java\javapath;C:\Program Files\Common Files\Microsoft Shared\Windows Live;C:\Windows\system32;C:\Windows;C:\Windows\System32\Wbem;C:\Windows\System32\WindowsPowerShell\v1.0\;C:\Program Files\Windows Live\Shared;C:\Program Files\TortoiseSVN\bin;C:\Program Files\PuTTY\;C:\Program Files\Git\cmd;C:\Program Files\Windows Kits\10\Windows Performance Toolkit\;C:\Program Files\Microsoft SQL Server\120\Tools\Binn\;C:\Program Files\dotnet\;C:\Users\esha\AppData\Local\Programs\Python\Python36-32\Scripts\;C:\Users\esha\AppData\Local\Programs\Python\Python36-32\;C:\Windows;C:\Windows\System32;C:\Program Files\Java\jre1.8.0_144\bin;C:\Users\esha\AppData\Local\Programs\Python\Python36-32;C:\jdk1.8.0\bin;C:\tc\BIN;C:\MinGW\bin;.]
16-Nov-2020 12:31:02.148 INFO [main] org.apache.coyote.AbstractProtocol.init Initializing ProtocolHandler ["http-nio-8080"]
16-Nov-2020 12:31:02.553 INFO [main] org.apache.catalina.startup.Catalina.load Server initialization in [2158] milliseconds
16-Nov-2020 12:31:02.616 INFO [main] org.apache.catalina.core.StandardService.startInternal Starting service [Catalina]
16-Nov-2020 12:31:02.616 INFO [main] org.apache.catalina.core.StandardEngine.startInternal Starting Servlet engine: [Apache Tomcat/9.0.37]
16-Nov-2020 12:31:02.647 INFO [main] org.apache.catalina.startup.HostConfig.deployDirectory Deploying web application directory [C:\Study\JavaEE\tomcat9\webapps\docs]
16-Nov-2020 12:31:03.452 INFO [main] org.apache.jasper.servlet.TldScanner.scanJars At least one JAR was scanned for TLDs yet contained no TLDs. Enable debug logging for this logger for a complete list of JARs that were scanned but no TLDs were found in them. Skipping unneeded JARs during scanning can improve startup time and JSP compilation time.
16-Nov-2020 12:31:03.577 INFO [main] org.apache.catalina.startup.HostConfig.deployDirectory Deployment of web application directory [C:\Study\JavaEE\tomcat9\webapps\docs] has finished in [930] ms
16-Nov-2020 12:31:03.577 INFO [main] org.apache.catalina.startup.HostConfig.deployDirectory Deploying web application directory [C:\Study\JavaEE\tomcat9\webapps\examples]
16-Nov-2020 12:31:04.414 INFO [main] org.apache.jasper.servlet.TldScanner.scanJars At least one JAR was scanned for TLDs yet contained no TLDs. Enable debug logging for this logger for a complete list of JARs that were scanned but no TLDs were found in them. Skipping unneeded JARs during scanning can improve startup time and JSP compilation time.
16-Nov-2020 12:31:04.508 INFO [main] org.apache.catalina.startup.HostConfig.deployDirectory Deployment of web application directory [C:\Study\JavaEE\tomcat9\webapps\examples] has finished in [931] ms
16-Nov-2020 12:31:04.508 INFO [main] org.apache.catalina.startup.HostConfig.deployDirectory Deploying web application directory [C:\Study\JavaEE\tomcat9\webapps\five]
16-Nov-2020 12:31:04.851 INFO [main] org.apache.jasper.servlet.TldScanner.scanJars At least one JAR was scanned for TLDs yet contained no TLDs. Enable debug logging for this logger for a complete list of JARs that were scanned but no TLDs were found in them. Skipping unneeded JARs during scanning can improve startup time and JSP compilation time.
16-Nov-2020 12:31:04.866 INFO [main] org.apache.catalina.startup.HostConfig.deployDirectory Deployment of web application directory [C:\Study\JavaEE\tomcat9\webapps\five] has finished in [343] ms
16-Nov-2020 12:31:04.866 INFO [main] org.apache.catalina.startup.HostConfig.deployDirectory Deploying web application directory [C:\Study\JavaEE\tomcat9\webapps\four]
16-Nov-2020 12:31:05.195 INFO [main] org.apache.jasper.servlet.TldScanner.scanJars At least one JAR was scanned for TLDs yet contained no TLDs. Enable debug logging for this logger for a complete list of JARs that were scanned but no TLDs were found in them. Skipping unneeded JARs during scanning can improve startup time and JSP compilation time.
16-Nov-2020 12:31:05.195 INFO [main] org.apache.catalina.startup.HostConfig.deployDirectory Deployment of web application directory [C:\Study\JavaEE\tomcat9\webapps\four] has finished in [329] ms
16-Nov-2020 12:31:05.195 INFO [main] org.apache.catalina.startup.HostConfig.deployDirectory Deploying web application directory [C:\Study\JavaEE\tomcat9\webapps\host-manager]
16-Nov-2020 12:31:05.476 INFO [main] org.apache.jasper.servlet.TldScanner.scanJars At least one JAR was scanned for TLDs yet contained no TLDs. Enable debug logging for this logger for a complete list of JARs that were scanned but no TLDs were found in them. Skipping unneeded JARs during scanning can improve startup time and JSP compilation time.
16-Nov-2020 12:31:05.491 INFO [main] org.apache.catalina.startup.HostConfig.deployDirectory Deployment of web application directory [C:\Study\JavaEE\tomcat9\webapps\host-manager] has finished in [296] ms
16-Nov-2020 12:31:05.491 INFO [main] org.apache.catalina.startup.HostConfig.deployDirectory Deploying web application directory [C:\Study\JavaEE\tomcat9\webapps\manager]
16-Nov-2020 12:31:05.819 INFO [main] org.apache.jasper.servlet.TldScanner.scanJars At least one JAR was scanned for TLDs yet contained no TLDs. Enable debug logging for this logger for a complete list of JARs that were scanned but no TLDs were found in them. Skipping unneeded JARs during scanning can improve startup time and JSP compilation time.
16-Nov-2020 12:31:05.819 INFO [main] org.apache.catalina.startup.HostConfig.deployDirectory Deployment of web application directory [C:\Study\JavaEE\tomcat9\webapps\manager] has finished in [328] ms
16-Nov-2020 12:31:05.819 INFO [main] org.apache.catalina.startup.HostConfig.deployDirectory Deploying web application directory [C:\Study\JavaEE\tomcat9\webapps\one]
16-Nov-2020 12:31:06.100 INFO [main] org.apache.jasper.servlet.TldScanner.scanJars At least one JAR was scanned for TLDs yet contained no TLDs. Enable debug logging for this logger for a complete list of JARs that were scanned but no TLDs were found in them. Skipping unneeded JARs during scanning can improve startup time and JSP compilation time.
16-Nov-2020 12:31:06.100 INFO [main] org.apache.catalina.startup.HostConfig.deployDirectory Deployment of web application directory [C:\Study\JavaEE\tomcat9\webapps\one] has finished in [281] ms
16-Nov-2020 12:31:06.100 INFO [main] org.apache.catalina.startup.HostConfig.deployDirectory Deploying web application directory [C:\Study\JavaEE\tomcat9\webapps\ROOT]
16-Nov-2020 12:31:06.328 INFO [main] org.apache.jasper.servlet.TldScanner.scanJars At least one JAR was scanned for TLDs yet contained no TLDs. Enable debug logging for this logger for a complete list of JARs that were scanned but no TLDs were found in them. Skipping unneeded JARs during scanning can improve startup time and JSP compilation time.
16-Nov-2020 12:31:06.328 INFO [main] org.apache.catalina.startup.HostConfig.deployDirectory Deployment of web application directory [C:\Study\JavaEE\tomcat9\webapps\ROOT] has finished in [228] ms
16-Nov-2020 12:31:06.344 INFO [main] org.apache.catalina.startup.HostConfig.deployDirectory Deploying web application directory [C:\Study\JavaEE\tomcat9\webapps\styleone]
16-Nov-2020 12:31:06.671 INFO [main] org.apache.jasper.servlet.TldScanner.scanJars At least one JAR was scanned for TLDs yet contained no TLDs. Enable debug logging for this logger for a complete list of JARs that were scanned but no TLDs were found in them. Skipping unneeded JARs during scanning can improve startup time and JSP compilation time.
16-Nov-2020 12:31:06.671 INFO [main] org.apache.catalina.startup.HostConfig.deployDirectory Deployment of web application directory [C:\Study\JavaEE\tomcat9\webapps\styleone] has finished in [327] ms
16-Nov-2020 12:31:06.671 INFO [main] org.apache.catalina.startup.HostConfig.deployDirectory Deploying web application directory [C:\Study\JavaEE\tomcat9\webapps\three]
16-Nov-2020 12:31:07.014 INFO [main] org.apache.jasper.servlet.TldScanner.scanJars At least one JAR was scanned for TLDs yet contained no TLDs. Enable debug logging for this logger for a complete list of JARs that were scanned but no TLDs were found in them. Skipping unneeded JARs during scanning can improve startup time and JSP compilation time.
16-Nov-2020 12:31:07.030 INFO [main] org.apache.catalina.startup.HostConfig.deployDirectory Deployment of web application directory [C:\Study\JavaEE\tomcat9\webapps\three] has finished in [359] ms
16-Nov-2020 12:31:07.030 INFO [main] org.apache.catalina.startup.HostConfig.deployDirectory Deploying web application directory [C:\Study\JavaEE\tomcat9\webapps\two]
16-Nov-2020 12:31:07.274 INFO [main] org.apache.jasper.servlet.TldScanner.scanJars At least one JAR was scanned for TLDs yet contained no TLDs. Enable debug logging for this logger for a complete list of JARs that were scanned but no TLDs were found in them. Skipping unneeded JARs during scanning can improve startup time and JSP compilation time.
16-Nov-2020 12:31:07.290 INFO [main] org.apache.catalina.startup.HostConfig.deployDirectory Deployment of web application directory [C:\Study\JavaEE\tomcat9\webapps\two] has finished in [260] ms
16-Nov-2020 12:31:07.290 INFO [main] org.apache.coyote.AbstractProtocol.start Starting ProtocolHandler ["http-nio-8080"]
16-Nov-2020 12:31:07.305 INFO [main] org.apache.catalina.startup.Catalina.start Server startup in [4754] milliseconds
16-Nov-2020 12:36:29.792 INFO [Thread-4] org.apache.coyote.AbstractProtocol.pause Pausing ProtocolHandler ["http-nio-8080"]
16-Nov-2020 12:36:30.102 INFO [Thread-4] org.apache.catalina.core.StandardService.stopInternal Stopping service [Catalina]
16-Nov-2020 12:36:30.138 WARNING [Thread-4] org.apache.catalina.loader.WebappClassLoaderBase.clearReferencesJdbc The web application [styleone] registered the JDBC driver [com.mysql.jdbc.Driver] but failed to unregister it when the web application was stopped. To prevent a memory leak, the JDBC Driver has been forcibly unregistered.
16-Nov-2020 12:36:30.143 WARNING [Thread-4] org.apache.catalina.loader.WebappClassLoaderBase.clearReferencesJdbc The web application [styleone] registered the JDBC driver [com.mysql.fabric.jdbc.FabricMySQLDriver] but failed to unregister it when the web application was stopped. To prevent a memory leak, the JDBC Driver has been forcibly unregistered.
16-Nov-2020 12:36:30.143 WARNING [Thread-4] org.apache.catalina.loader.WebappClassLoaderBase.clearReferencesThreads The web application [styleone] appears to have started a thread named [mysql-cj-abandoned-connection-cleanup] but has failed to stop it. This is very likely to create a memory leak. Stack trace of thread:
 java.lang.Object.wait(Native Method)
 java.lang.ref.ReferenceQueue.remove(ReferenceQueue.java:144)
 com.mysql.jdbc.AbandonedConnectionCleanupThread.run(AbandonedConnectionCleanupThread.java:80)
 java.util.concurrent.ThreadPoolExecutor.runWorker(ThreadPoolExecutor.java:1149)
 java.util.concurrent.ThreadPoolExecutor$Worker.run(ThreadPoolExecutor.java:624)
 java.lang.Thread.run(Thread.java:748)
16-Nov-2020 12:36:30.208 INFO [Thread-4] org.apache.coyote.AbstractProtocol.stop Stopping ProtocolHandler ["http-nio-8080"]
16-Nov-2020 12:36:30.213 INFO [Thread-4] org.apache.coyote.AbstractProtocol.destroy Destroying ProtocolHandler ["http-nio-8080"]
16-Nov-2020 12:36:35.471 INFO [main] org.apache.catalina.startup.VersionLoggerListener.log Server version name:   Apache Tomcat/9.0.37
16-Nov-2020 12:36:35.481 INFO [main] org.apache.catalina.startup.VersionLoggerListener.log Server built:          Jun 30 2020 20:09:49 UTC
16-Nov-2020 12:36:35.481 INFO [main] org.apache.catalina.startup.VersionLoggerListener.log Server version number: 9.0.37.0
16-Nov-2020 12:36:35.486 INFO [main] org.apache.catalina.startup.VersionLoggerListener.log OS Name:               Windows 7
16-Nov-2020 12:36:35.486 INFO [main] org.apache.catalina.startup.VersionLoggerListener.log OS Version:            6.1
16-Nov-2020 12:36:35.491 INFO [main] org.apache.catalina.startup.VersionLoggerListener.log Architecture:          x86
16-Nov-2020 12:36:35.491 INFO [main] org.apache.catalina.startup.VersionLoggerListener.log Java Home:             c:\jdk1.8.0\jre
16-Nov-2020 12:36:35.491 INFO [main] org.apache.catalina.startup.VersionLoggerListener.log JVM Version:           1.8.0_251-b08
16-Nov-2020 12:36:35.491 INFO [main] org.apache.catalina.startup.VersionLoggerListener.log JVM Vendor:            Oracle Corporation
16-Nov-2020 12:36:35.491 INFO [main] org.apache.catalina.startup.VersionLoggerListener.log CATALINA_BASE:         C:\Study\JavaEE\tomcat9
16-Nov-2020 12:36:35.491 INFO [main] org.apache.catalina.startup.VersionLoggerListener.log CATALINA_HOME:         C:\Study\JavaEE\tomcat9
16-Nov-2020 12:36:35.491 INFO [main] org.apache.catalina.startup.VersionLoggerListener.log Command line argument: -Djava.util.logging.config.file=C:\Study\JavaEE\tomcat9\conf\logging.properties
16-Nov-2020 12:36:35.506 INFO [main] org.apache.catalina.startup.VersionLoggerListener.log Command line argument: -Djava.util.logging.manager=org.apache.juli.ClassLoaderLogManager
16-Nov-2020 12:36:35.506 INFO [main] org.apache.catalina.startup.VersionLoggerListener.log Command line argument: -Djdk.tls.ephemeralDHKeySize=2048
16-Nov-2020 12:36:35.506 INFO [main] org.apache.catalina.startup.VersionLoggerListener.log Command line argument: -Djava.protocol.handler.pkgs=org.apache.catalina.webresources
16-Nov-2020 12:36:35.506 INFO [main] org.apache.catalina.startup.VersionLoggerListener.log Command line argument: -Dignore.endorsed.dirs=
16-Nov-2020 12:36:35.511 INFO [main] org.apache.catalina.startup.VersionLoggerListener.log Command line argument: -Dcatalina.base=C:\Study\JavaEE\tomcat9
16-Nov-2020 12:36:35.511 INFO [main] org.apache.catalina.startup.VersionLoggerListener.log Command line argument: -Dcatalina.home=C:\Study\JavaEE\tomcat9
16-Nov-2020 12:36:35.511 INFO [main] org.apache.catalina.startup.VersionLoggerListener.log Command line argument: -Djava.io.tmpdir=C:\Study\JavaEE\tomcat9\temp
16-Nov-2020 12:36:35.511 INFO [main] org.apache.catalina.core.AprLifecycleListener.lifecycleEvent The Apache Tomcat Native library which allows using OpenSSL was not found on the java.library.path: [c:\jdk1.8.0\bin;C:\Windows\Sun\Java\bin;C:\Windows\system32;C:\Windows;C:\Program Files\Common Files\Oracle\Java\javapath;C:\ProgramData\Oracle\Java\javapath;C:\Program Files\Common Files\Microsoft Shared\Windows Live;C:\Windows\system32;C:\Windows;C:\Windows\System32\Wbem;C:\Windows\System32\WindowsPowerShell\v1.0\;C:\Program Files\Windows Live\Shared;C:\Program Files\TortoiseSVN\bin;C:\Program Files\PuTTY\;C:\Program Files\Git\cmd;C:\Program Files\Windows Kits\10\Windows Performance Toolkit\;C:\Program Files\Microsoft SQL Server\120\Tools\Binn\;C:\Program Files\dotnet\;C:\Users\esha\AppData\Local\Programs\Python\Python36-32\Scripts\;C:\Users\esha\AppData\Local\Programs\Python\Python36-32\;C:\Windows;C:\Windows\System32;C:\Program Files\Java\jre1.8.0_144\bin;C:\Users\esha\AppData\Local\Programs\Python\Python36-32;C:\jdk1.8.0\bin;C:\tc\BIN;C:\MinGW\bin;.]
16-Nov-2020 12:36:36.332 INFO [main] org.apache.coyote.AbstractProtocol.init Initializing ProtocolHandler ["http-nio-8080"]
16-Nov-2020 12:36:37.022 INFO [main] org.apache.catalina.startup.Catalina.load Server initialization in [2034] milliseconds
16-Nov-2020 12:36:37.077 INFO [main] org.apache.catalina.core.StandardService.startInternal Starting service [Catalina]
16-Nov-2020 12:36:37.077 INFO [main] org.apache.catalina.core.StandardEngine.startInternal Starting Servlet engine: [Apache Tomcat/9.0.37]
16-Nov-2020 12:36:37.097 INFO [main] org.apache.catalina.startup.HostConfig.deployDirectory Deploying web application directory [C:\Study\JavaEE\tomcat9\webapps\docs]
16-Nov-2020 12:36:37.812 INFO [main] org.apache.jasper.servlet.TldScanner.scanJars At least one JAR was scanned for TLDs yet contained no TLDs. Enable debug logging for this logger for a complete list of JARs that were scanned but no TLDs were found in them. Skipping unneeded JARs during scanning can improve startup time and JSP compilation time.
16-Nov-2020 12:36:37.917 INFO [main] org.apache.catalina.startup.HostConfig.deployDirectory Deployment of web application directory [C:\Study\JavaEE\tomcat9\webapps\docs] has finished in [820] ms
16-Nov-2020 12:36:37.917 INFO [main] org.apache.catalina.startup.HostConfig.deployDirectory Deploying web application directory [C:\Study\JavaEE\tomcat9\webapps\examples]
16-Nov-2020 12:36:38.757 INFO [main] org.apache.jasper.servlet.TldScanner.scanJars At least one JAR was scanned for TLDs yet contained no TLDs. Enable debug logging for this logger for a complete list of JARs that were scanned but no TLDs were found in them. Skipping unneeded JARs during scanning can improve startup time and JSP compilation time.
16-Nov-2020 12:36:38.832 INFO [main] org.apache.catalina.startup.HostConfig.deployDirectory Deployment of web application directory [C:\Study\JavaEE\tomcat9\webapps\examples] has finished in [915] ms
16-Nov-2020 12:36:38.832 INFO [main] org.apache.catalina.startup.HostConfig.deployDirectory Deploying web application directory [C:\Study\JavaEE\tomcat9\webapps\five]
16-Nov-2020 12:36:39.167 INFO [main] org.apache.jasper.servlet.TldScanner.scanJars At least one JAR was scanned for TLDs yet contained no TLDs. Enable debug logging for this logger for a complete list of JARs that were scanned but no TLDs were found in them. Skipping unneeded JARs during scanning can improve startup time and JSP compilation time.
16-Nov-2020 12:36:39.177 INFO [main] org.apache.catalina.startup.HostConfig.deployDirectory Deployment of web application directory [C:\Study\JavaEE\tomcat9\webapps\five] has finished in [345] ms
16-Nov-2020 12:36:39.182 INFO [main] org.apache.catalina.startup.HostConfig.deployDirectory Deploying web application directory [C:\Study\JavaEE\tomcat9\webapps\four]
16-Nov-2020 12:36:39.727 INFO [main] org.apache.jasper.servlet.TldScanner.scanJars At least one JAR was scanned for TLDs yet contained no TLDs. Enable debug logging for this logger for a complete list of JARs that were scanned but no TLDs were found in them. Skipping unneeded JARs during scanning can improve startup time and JSP compilation time.
16-Nov-2020 12:36:39.737 INFO [main] org.apache.catalina.startup.HostConfig.deployDirectory Deployment of web application directory [C:\Study\JavaEE\tomcat9\webapps\four] has finished in [550] ms
16-Nov-2020 12:36:39.737 INFO [main] org.apache.catalina.startup.HostConfig.deployDirectory Deploying web application directory [C:\Study\JavaEE\tomcat9\webapps\host-manager]
16-Nov-2020 12:36:40.237 INFO [main] org.apache.jasper.servlet.TldScanner.scanJars At least one JAR was scanned for TLDs yet contained no TLDs. Enable debug logging for this logger for a complete list of JARs that were scanned but no TLDs were found in them. Skipping unneeded JARs during scanning can improve startup time and JSP compilation time.
16-Nov-2020 12:36:40.257 INFO [main] org.apache.catalina.startup.HostConfig.deployDirectory Deployment of web application directory [C:\Study\JavaEE\tomcat9\webapps\host-manager] has finished in [520] ms
16-Nov-2020 12:36:40.257 INFO [main] org.apache.catalina.startup.HostConfig.deployDirectory Deploying web application directory [C:\Study\JavaEE\tomcat9\webapps\manager]
16-Nov-2020 12:36:40.822 INFO [main] org.apache.jasper.servlet.TldScanner.scanJars At least one JAR was scanned for TLDs yet contained no TLDs. Enable debug logging for this logger for a complete list of JARs that were scanned but no TLDs were found in them. Skipping unneeded JARs during scanning can improve startup time and JSP compilation time.
16-Nov-2020 12:36:40.827 INFO [main] org.apache.catalina.startup.HostConfig.deployDirectory Deployment of web application directory [C:\Study\JavaEE\tomcat9\webapps\manager] has finished in [570] ms
16-Nov-2020 12:36:40.827 INFO [main] org.apache.catalina.startup.HostConfig.deployDirectory Deploying web application directory [C:\Study\JavaEE\tomcat9\webapps\one]
16-Nov-2020 12:36:41.257 INFO [main] org.apache.jasper.servlet.TldScanner.scanJars At least one JAR was scanned for TLDs yet contained no TLDs. Enable debug logging for this logger for a complete list of JARs that were scanned but no TLDs were found in them. Skipping unneeded JARs during scanning can improve startup time and JSP compilation time.
16-Nov-2020 12:36:41.262 INFO [main] org.apache.catalina.startup.HostConfig.deployDirectory Deployment of web application directory [C:\Study\JavaEE\tomcat9\webapps\one] has finished in [435] ms
16-Nov-2020 12:36:41.267 INFO [main] org.apache.catalina.startup.HostConfig.deployDirectory Deploying web application directory [C:\Study\JavaEE\tomcat9\webapps\ROOT]
16-Nov-2020 12:36:41.697 INFO [main] org.apache.jasper.servlet.TldScanner.scanJars At least one JAR was scanned for TLDs yet contained no TLDs. Enable debug logging for this logger for a complete list of JARs that were scanned but no TLDs were found in them. Skipping unneeded JARs during scanning can improve startup time and JSP compilation time.
16-Nov-2020 12:36:41.702 INFO [main] org.apache.catalina.startup.HostConfig.deployDirectory Deployment of web application directory [C:\Study\JavaEE\tomcat9\webapps\ROOT] has finished in [435] ms
16-Nov-2020 12:36:41.702 INFO [main] org.apache.catalina.startup.HostConfig.deployDirectory Deploying web application directory [C:\Study\JavaEE\tomcat9\webapps\styleone]
16-Nov-2020 12:36:42.272 INFO [main] org.apache.jasper.servlet.TldScanner.scanJars At least one JAR was scanned for TLDs yet contained no TLDs. Enable debug logging for this logger for a complete list of JARs that were scanned but no TLDs were found in them. Skipping unneeded JARs during scanning can improve startup time and JSP compilation time.
16-Nov-2020 12:36:42.272 INFO [main] org.apache.catalina.startup.HostConfig.deployDirectory Deployment of web application directory [C:\Study\JavaEE\tomcat9\webapps\styleone] has finished in [570] ms
16-Nov-2020 12:36:42.282 INFO [main] org.apache.catalina.startup.HostConfig.deployDirectory Deploying web application directory [C:\Study\JavaEE\tomcat9\webapps\three]
16-Nov-2020 12:36:42.802 INFO [main] org.apache.jasper.servlet.TldScanner.scanJars At least one JAR was scanned for TLDs yet contained no TLDs. Enable debug logging for this logger for a complete list of JARs that were scanned but no TLDs were found in them. Skipping unneeded JARs during scanning can improve startup time and JSP compilation time.
16-Nov-2020 12:36:42.807 INFO [main] org.apache.catalina.startup.HostConfig.deployDirectory Deployment of web application directory [C:\Study\JavaEE\tomcat9\webapps\three] has finished in [525] ms
16-Nov-2020 12:36:42.807 INFO [main] org.apache.catalina.startup.HostConfig.deployDirectory Deploying web application directory [C:\Study\JavaEE\tomcat9\webapps\two]
16-Nov-2020 12:36:43.137 INFO [main] org.apache.jasper.servlet.TldScanner.scanJars At least one JAR was scanned for TLDs yet contained no TLDs. Enable debug logging for this logger for a complete list of JARs that were scanned but no TLDs were found in them. Skipping unneeded JARs during scanning can improve startup time and JSP compilation time.
16-Nov-2020 12:36:43.137 INFO [main] org.apache.catalina.startup.HostConfig.deployDirectory Deployment of web application directory [C:\Study\JavaEE\tomcat9\webapps\two] has finished in [330] ms
16-Nov-2020 12:36:43.152 INFO [main] org.apache.coyote.AbstractProtocol.start Starting ProtocolHandler ["http-nio-8080"]
16-Nov-2020 12:36:43.172 INFO [main] org.apache.catalina.startup.Catalina.start Server startup in [6149] milliseconds
16-Nov-2020 12:37:30.004 INFO [Thread-4] org.apache.coyote.AbstractProtocol.pause Pausing ProtocolHandler ["http-nio-8080"]
16-Nov-2020 12:37:30.319 INFO [Thread-4] org.apache.catalina.core.StandardService.stopInternal Stopping service [Catalina]
16-Nov-2020 12:37:30.375 WARNING [Thread-4] org.apache.catalina.loader.WebappClassLoaderBase.clearReferencesJdbc The web application [styleone] registered the JDBC driver [com.mysql.jdbc.Driver] but failed to unregister it when the web application was stopped. To prevent a memory leak, the JDBC Driver has been forcibly unregistered.
16-Nov-2020 12:37:30.375 WARNING [Thread-4] org.apache.catalina.loader.WebappClassLoaderBase.clearReferencesJdbc The web application [styleone] registered the JDBC driver [com.mysql.fabric.jdbc.FabricMySQLDriver] but failed to unregister it when the web application was stopped. To prevent a memory leak, the JDBC Driver has been forcibly unregistered.
16-Nov-2020 12:37:30.380 WARNING [Thread-4] org.apache.catalina.loader.WebappClassLoaderBase.clearReferencesThreads The web application [styleone] appears to have started a thread named [mysql-cj-abandoned-connection-cleanup] but has failed to stop it. This is very likely to create a memory leak. Stack trace of thread:
 java.lang.Object.wait(Native Method)
 java.lang.ref.ReferenceQueue.remove(ReferenceQueue.java:144)
 com.mysql.jdbc.AbandonedConnectionCleanupThread.run(AbandonedConnectionCleanupThread.java:80)
 java.util.concurrent.ThreadPoolExecutor.runWorker(ThreadPoolExecutor.java:1149)
 java.util.concurrent.ThreadPoolExecutor$Worker.run(ThreadPoolExecutor.java:624)
 java.lang.Thread.run(Thread.java:748)
16-Nov-2020 12:37:30.480 INFO [Thread-4] org.apache.coyote.AbstractProtocol.stop Stopping ProtocolHandler ["http-nio-8080"]
16-Nov-2020 12:37:30.485 INFO [Thread-4] org.apache.coyote.AbstractProtocol.destroy Destroying ProtocolHandler ["http-nio-8080"]
16-Nov-2020 12:37:34.448 INFO [main] org.apache.catalina.startup.VersionLoggerListener.log Server version name:   Apache Tomcat/9.0.37
16-Nov-2020 12:37:34.453 INFO [main] org.apache.catalina.startup.VersionLoggerListener.log Server built:          Jun 30 2020 20:09:49 UTC
16-Nov-2020 12:37:34.453 INFO [main] org.apache.catalina.startup.VersionLoggerListener.log Server version number: 9.0.37.0
16-Nov-2020 12:37:34.453 INFO [main] org.apache.catalina.startup.VersionLoggerListener.log OS Name:               Windows 7
16-Nov-2020 12:37:34.453 INFO [main] org.apache.catalina.startup.VersionLoggerListener.log OS Version:            6.1
16-Nov-2020 12:37:34.458 INFO [main] org.apache.catalina.startup.VersionLoggerListener.log Architecture:          x86
16-Nov-2020 12:37:34.458 INFO [main] org.apache.catalina.startup.VersionLoggerListener.log Java Home:             c:\jdk1.8.0\jre
16-Nov-2020 12:37:34.458 INFO [main] org.apache.catalina.startup.VersionLoggerListener.log JVM Version:           1.8.0_251-b08
16-Nov-2020 12:37:34.458 INFO [main] org.apache.catalina.startup.VersionLoggerListener.log JVM Vendor:            Oracle Corporation
16-Nov-2020 12:37:34.458 INFO [main] org.apache.catalina.startup.VersionLoggerListener.log CATALINA_BASE:         C:\Study\JavaEE\tomcat9
16-Nov-2020 12:37:34.458 INFO [main] org.apache.catalina.startup.VersionLoggerListener.log CATALINA_HOME:         C:\Study\JavaEE\tomcat9
16-Nov-2020 12:37:34.458 INFO [main] org.apache.catalina.startup.VersionLoggerListener.log Command line argument: -Djava.util.logging.config.file=C:\Study\JavaEE\tomcat9\conf\logging.properties
16-Nov-2020 12:37:34.458 INFO [main] org.apache.catalina.startup.VersionLoggerListener.log Command line argument: -Djava.util.logging.manager=org.apache.juli.ClassLoaderLogManager
16-Nov-2020 12:37:34.463 INFO [main] org.apache.catalina.startup.VersionLoggerListener.log Command line argument: -Djdk.tls.ephemeralDHKeySize=2048
16-Nov-2020 12:37:34.463 INFO [main] org.apache.catalina.startup.VersionLoggerListener.log Command line argument: -Djava.protocol.handler.pkgs=org.apache.catalina.webresources
16-Nov-2020 12:37:34.463 INFO [main] org.apache.catalina.startup.VersionLoggerListener.log Command line argument: -Dignore.endorsed.dirs=
16-Nov-2020 12:37:34.473 INFO [main] org.apache.catalina.startup.VersionLoggerListener.log Command line argument: -Dcatalina.base=C:\Study\JavaEE\tomcat9
16-Nov-2020 12:37:34.478 INFO [main] org.apache.catalina.startup.VersionLoggerListener.log Command line argument: -Dcatalina.home=C:\Study\JavaEE\tomcat9
16-Nov-2020 12:37:34.478 INFO [main] org.apache.catalina.startup.VersionLoggerListener.log Command line argument: -Djava.io.tmpdir=C:\Study\JavaEE\tomcat9\temp
16-Nov-2020 12:37:34.478 INFO [main] org.apache.catalina.core.AprLifecycleListener.lifecycleEvent The Apache Tomcat Native library which allows using OpenSSL was not found on the java.library.path: [c:\jdk1.8.0\bin;C:\Windows\Sun\Java\bin;C:\Windows\system32;C:\Windows;C:\Program Files\Common Files\Oracle\Java\javapath;C:\ProgramData\Oracle\Java\javapath;C:\Program Files\Common Files\Microsoft Shared\Windows Live;C:\Windows\system32;C:\Windows;C:\Windows\System32\Wbem;C:\Windows\System32\WindowsPowerShell\v1.0\;C:\Program Files\Windows Live\Shared;C:\Program Files\TortoiseSVN\bin;C:\Program Files\PuTTY\;C:\Program Files\Git\cmd;C:\Program Files\Windows Kits\10\Windows Performance Toolkit\;C:\Program Files\Microsoft SQL Server\120\Tools\Binn\;C:\Program Files\dotnet\;C:\Users\esha\AppData\Local\Programs\Python\Python36-32\Scripts\;C:\Users\esha\AppData\Local\Programs\Python\Python36-32\;C:\Windows;C:\Windows\System32;C:\Program Files\Java\jre1.8.0_144\bin;C:\Users\esha\AppData\Local\Programs\Python\Python36-32;C:\jdk1.8.0\bin;C:\tc\BIN;C:\MinGW\bin;.]
16-Nov-2020 12:37:35.339 INFO [main] org.apache.coyote.AbstractProtocol.init Initializing ProtocolHandler ["http-nio-8080"]
16-Nov-2020 12:37:35.809 INFO [main] org.apache.catalina.startup.Catalina.load Server initialization in [1889] milliseconds
16-Nov-2020 12:37:35.869 INFO [main] org.apache.catalina.core.StandardService.startInternal Starting service [Catalina]
16-Nov-2020 12:37:35.869 INFO [main] org.apache.catalina.core.StandardEngine.startInternal Starting Servlet engine: [Apache Tomcat/9.0.37]
16-Nov-2020 12:37:35.889 INFO [main] org.apache.catalina.startup.HostConfig.deployDirectory Deploying web application directory [C:\Study\JavaEE\tomcat9\webapps\docs]
16-Nov-2020 12:37:36.774 INFO [main] org.apache.jasper.servlet.TldScanner.scanJars At least one JAR was scanned for TLDs yet contained no TLDs. Enable debug logging for this logger for a complete list of JARs that were scanned but no TLDs were found in them. Skipping unneeded JARs during scanning can improve startup time and JSP compilation time.
16-Nov-2020 12:37:36.899 INFO [main] org.apache.catalina.startup.HostConfig.deployDirectory Deployment of web application directory [C:\Study\JavaEE\tomcat9\webapps\docs] has finished in [1,010] ms
16-Nov-2020 12:37:36.899 INFO [main] org.apache.catalina.startup.HostConfig.deployDirectory Deploying web application directory [C:\Study\JavaEE\tomcat9\webapps\examples]
16-Nov-2020 12:37:38.470 INFO [main] org.apache.jasper.servlet.TldScanner.scanJars At least one JAR was scanned for TLDs yet contained no TLDs. Enable debug logging for this logger for a complete list of JARs that were scanned but no TLDs were found in them. Skipping unneeded JARs during scanning can improve startup time and JSP compilation time.
16-Nov-2020 12:37:38.570 INFO [main] org.apache.catalina.startup.HostConfig.deployDirectory Deployment of web application directory [C:\Study\JavaEE\tomcat9\webapps\examples] has finished in [1,671] ms
16-Nov-2020 12:37:38.570 INFO [main] org.apache.catalina.startup.HostConfig.deployDirectory Deploying web application directory [C:\Study\JavaEE\tomcat9\webapps\five]
16-Nov-2020 12:37:38.970 INFO [main] org.apache.jasper.servlet.TldScanner.scanJars At least one JAR was scanned for TLDs yet contained no TLDs. Enable debug logging for this logger for a complete list of JARs that were scanned but no TLDs were found in them. Skipping unneeded JARs during scanning can improve startup time and JSP compilation time.
16-Nov-2020 12:37:38.975 INFO [main] org.apache.catalina.startup.HostConfig.deployDirectory Deployment of web application directory [C:\Study\JavaEE\tomcat9\webapps\five] has finished in [405] ms
16-Nov-2020 12:37:38.980 INFO [main] org.apache.catalina.startup.HostConfig.deployDirectory Deploying web application directory [C:\Study\JavaEE\tomcat9\webapps\four]
16-Nov-2020 12:37:39.440 INFO [main] org.apache.jasper.servlet.TldScanner.scanJars At least one JAR was scanned for TLDs yet contained no TLDs. Enable debug logging for this logger for a complete list of JARs that were scanned but no TLDs were found in them. Skipping unneeded JARs during scanning can improve startup time and JSP compilation time.
16-Nov-2020 12:37:39.445 INFO [main] org.apache.catalina.startup.HostConfig.deployDirectory Deployment of web application directory [C:\Study\JavaEE\tomcat9\webapps\four] has finished in [465] ms
16-Nov-2020 12:37:39.450 INFO [main] org.apache.catalina.startup.HostConfig.deployDirectory Deploying web application directory [C:\Study\JavaEE\tomcat9\webapps\host-manager]
16-Nov-2020 12:37:39.890 INFO [main] org.apache.jasper.servlet.TldScanner.scanJars At least one JAR was scanned for TLDs yet contained no TLDs. Enable debug logging for this logger for a complete list of JARs that were scanned but no TLDs were found in them. Skipping unneeded JARs during scanning can improve startup time and JSP compilation time.
16-Nov-2020 12:37:39.905 INFO [main] org.apache.catalina.startup.HostConfig.deployDirectory Deployment of web application directory [C:\Study\JavaEE\tomcat9\webapps\host-manager] has finished in [455] ms
16-Nov-2020 12:37:39.905 INFO [main] org.apache.catalina.startup.HostConfig.deployDirectory Deploying web application directory [C:\Study\JavaEE\tomcat9\webapps\manager]
16-Nov-2020 12:37:40.385 INFO [main] org.apache.jasper.servlet.TldScanner.scanJars At least one JAR was scanned for TLDs yet contained no TLDs. Enable debug logging for this logger for a complete list of JARs that were scanned but no TLDs were found in them. Skipping unneeded JARs during scanning can improve startup time and JSP compilation time.
16-Nov-2020 12:37:40.390 INFO [main] org.apache.catalina.startup.HostConfig.deployDirectory Deployment of web application directory [C:\Study\JavaEE\tomcat9\webapps\manager] has finished in [485] ms
16-Nov-2020 12:37:40.390 INFO [main] org.apache.catalina.startup.HostConfig.deployDirectory Deploying web application directory [C:\Study\JavaEE\tomcat9\webapps\one]
16-Nov-2020 12:37:40.775 INFO [main] org.apache.jasper.servlet.TldScanner.scanJars At least one JAR was scanned for TLDs yet contained no TLDs. Enable debug logging for this logger for a complete list of JARs that were scanned but no TLDs were found in them. Skipping unneeded JARs during scanning can improve startup time and JSP compilation time.
16-Nov-2020 12:37:40.780 INFO [main] org.apache.catalina.startup.HostConfig.deployDirectory Deployment of web application directory [C:\Study\JavaEE\tomcat9\webapps\one] has finished in [390] ms
16-Nov-2020 12:37:40.780 INFO [main] org.apache.catalina.startup.HostConfig.deployDirectory Deploying web application directory [C:\Study\JavaEE\tomcat9\webapps\ROOT]
16-Nov-2020 12:37:41.160 INFO [main] org.apache.jasper.servlet.TldScanner.scanJars At least one JAR was scanned for TLDs yet contained no TLDs. Enable debug logging for this logger for a complete list of JARs that were scanned but no TLDs were found in them. Skipping unneeded JARs during scanning can improve startup time and JSP compilation time.
16-Nov-2020 12:37:41.170 INFO [main] org.apache.catalina.startup.HostConfig.deployDirectory Deployment of web application directory [C:\Study\JavaEE\tomcat9\webapps\ROOT] has finished in [390] ms
16-Nov-2020 12:37:41.170 INFO [main] org.apache.catalina.startup.HostConfig.deployDirectory Deploying web application directory [C:\Study\JavaEE\tomcat9\webapps\styleone]
16-Nov-2020 12:37:41.866 INFO [main] org.apache.jasper.servlet.TldScanner.scanJars At least one JAR was scanned for TLDs yet contained no TLDs. Enable debug logging for this logger for a complete list of JARs that were scanned but no TLDs were found in them. Skipping unneeded JARs during scanning can improve startup time and JSP compilation time.
16-Nov-2020 12:37:41.871 INFO [main] org.apache.catalina.startup.HostConfig.deployDirectory Deployment of web application directory [C:\Study\JavaEE\tomcat9\webapps\styleone] has finished in [701] ms
16-Nov-2020 12:37:41.876 INFO [main] org.apache.catalina.startup.HostConfig.deployDirectory Deploying web application directory [C:\Study\JavaEE\tomcat9\webapps\three]
16-Nov-2020 12:37:42.366 INFO [main] org.apache.jasper.servlet.TldScanner.scanJars At least one JAR was scanned for TLDs yet contained no TLDs. Enable debug logging for this logger for a complete list of JARs that were scanned but no TLDs were found in them. Skipping unneeded JARs during scanning can improve startup time and JSP compilation time.
16-Nov-2020 12:37:42.376 INFO [main] org.apache.catalina.startup.HostConfig.deployDirectory Deployment of web application directory [C:\Study\JavaEE\tomcat9\webapps\three] has finished in [500] ms
16-Nov-2020 12:37:42.376 INFO [main] org.apache.catalina.startup.HostConfig.deployDirectory Deploying web application directory [C:\Study\JavaEE\tomcat9\webapps\two]
16-Nov-2020 12:37:42.806 INFO [main] org.apache.jasper.servlet.TldScanner.scanJars At least one JAR was scanned for TLDs yet contained no TLDs. Enable debug logging for this logger for a complete list of JARs that were scanned but no TLDs were found in them. Skipping unneeded JARs during scanning can improve startup time and JSP compilation time.
16-Nov-2020 12:37:42.811 INFO [main] org.apache.catalina.startup.HostConfig.deployDirectory Deployment of web application directory [C:\Study\JavaEE\tomcat9\webapps\two] has finished in [435] ms
16-Nov-2020 12:37:42.821 INFO [main] org.apache.coyote.AbstractProtocol.start Starting ProtocolHandler ["http-nio-8080"]
16-Nov-2020 12:37:42.851 INFO [main] org.apache.catalina.startup.Catalina.start Server startup in [7039] milliseconds
16-Nov-2020 13:08:17.589 INFO [Thread-4] org.apache.coyote.AbstractProtocol.pause Pausing ProtocolHandler ["http-nio-8080"]
16-Nov-2020 13:08:17.894 INFO [Thread-4] org.apache.catalina.core.StandardService.stopInternal Stopping service [Catalina]
16-Nov-2020 13:08:17.935 WARNING [Thread-4] org.apache.catalina.loader.WebappClassLoaderBase.clearReferencesJdbc The web application [styleone] registered the JDBC driver [com.mysql.jdbc.Driver] but failed to unregister it when the web application was stopped. To prevent a memory leak, the JDBC Driver has been forcibly unregistered.
16-Nov-2020 13:08:17.935 WARNING [Thread-4] org.apache.catalina.loader.WebappClassLoaderBase.clearReferencesJdbc The web application [styleone] registered the JDBC driver [com.mysql.fabric.jdbc.FabricMySQLDriver] but failed to unregister it when the web application was stopped. To prevent a memory leak, the JDBC Driver has been forcibly unregistered.
16-Nov-2020 13:08:17.940 WARNING [Thread-4] org.apache.catalina.loader.WebappClassLoaderBase.clearReferencesThreads The web application [styleone] appears to have started a thread named [mysql-cj-abandoned-connection-cleanup] but has failed to stop it. This is very likely to create a memory leak. Stack trace of thread:
 java.lang.Object.wait(Native Method)
 java.lang.ref.ReferenceQueue.remove(ReferenceQueue.java:144)
 com.mysql.jdbc.AbandonedConnectionCleanupThread.run(AbandonedConnectionCleanupThread.java:80)
 java.util.concurrent.ThreadPoolExecutor.runWorker(ThreadPoolExecutor.java:1149)
 java.util.concurrent.ThreadPoolExecutor$Worker.run(ThreadPoolExecutor.java:624)
 java.lang.Thread.run(Thread.java:748)
16-Nov-2020 13:08:17.985 INFO [mysql-cj-abandoned-connection-cleanup] org.apache.catalina.loader.WebappClassLoaderBase.checkStateForResourceLoading Illegal access: this web application instance has been stopped already. Could not load []. The following stack trace is thrown for debugging purposes as well as to attempt to terminate the thread which caused the illegal access.
	java.lang.IllegalStateException: Illegal access: this web application instance has been stopped already. Could not load []. The following stack trace is thrown for debugging purposes as well as to attempt to terminate the thread which caused the illegal access.
		at org.apache.catalina.loader.WebappClassLoaderBase.checkStateForResourceLoading(WebappClassLoaderBase.java:1385)
		at org.apache.catalina.loader.WebappClassLoaderBase.getResource(WebappClassLoaderBase.java:1038)
		at com.mysql.jdbc.AbandonedConnectionCleanupThread.checkThreadContextClassLoader(AbandonedConnectionCleanupThread.java:112)
		at com.mysql.jdbc.AbandonedConnectionCleanupThread.run(AbandonedConnectionCleanupThread.java:79)
		at java.util.concurrent.ThreadPoolExecutor.runWorker(ThreadPoolExecutor.java:1149)
		at java.util.concurrent.ThreadPoolExecutor$Worker.run(ThreadPoolExecutor.java:624)
		at java.lang.Thread.run(Thread.java:748)
16-Nov-2020 13:08:18.025 INFO [Thread-4] org.apache.coyote.AbstractProtocol.stop Stopping ProtocolHandler ["http-nio-8080"]
16-Nov-2020 13:08:18.030 INFO [Thread-4] org.apache.coyote.AbstractProtocol.destroy Destroying ProtocolHandler ["http-nio-8080"]
16-Nov-2020 13:08:49.357 INFO [main] org.apache.catalina.startup.VersionLoggerListener.log Server version name:   Apache Tomcat/9.0.37
16-Nov-2020 13:08:49.372 INFO [main] org.apache.catalina.startup.VersionLoggerListener.log Server built:          Jun 30 2020 20:09:49 UTC
16-Nov-2020 13:08:49.372 INFO [main] org.apache.catalina.startup.VersionLoggerListener.log Server version number: 9.0.37.0
16-Nov-2020 13:08:49.372 INFO [main] org.apache.catalina.startup.VersionLoggerListener.log OS Name:               Windows 7
16-Nov-2020 13:08:49.372 INFO [main] org.apache.catalina.startup.VersionLoggerListener.log OS Version:            6.1
16-Nov-2020 13:08:49.377 INFO [main] org.apache.catalina.startup.VersionLoggerListener.log Architecture:          x86
16-Nov-2020 13:08:49.377 INFO [main] org.apache.catalina.startup.VersionLoggerListener.log Java Home:             c:\jdk1.8.0\jre
16-Nov-2020 13:08:49.377 INFO [main] org.apache.catalina.startup.VersionLoggerListener.log JVM Version:           1.8.0_251-b08
16-Nov-2020 13:08:49.377 INFO [main] org.apache.catalina.startup.VersionLoggerListener.log JVM Vendor:            Oracle Corporation
16-Nov-2020 13:08:49.382 INFO [main] org.apache.catalina.startup.VersionLoggerListener.log CATALINA_BASE:         C:\Study\JavaEE\tomcat9
16-Nov-2020 13:08:49.382 INFO [main] org.apache.catalina.startup.VersionLoggerListener.log CATALINA_HOME:         C:\Study\JavaEE\tomcat9
16-Nov-2020 13:08:49.382 INFO [main] org.apache.catalina.startup.VersionLoggerListener.log Command line argument: -Djava.util.logging.config.file=C:\Study\JavaEE\tomcat9\conf\logging.properties
16-Nov-2020 13:08:49.382 INFO [main] org.apache.catalina.startup.VersionLoggerListener.log Command line argument: -Djava.util.logging.manager=org.apache.juli.ClassLoaderLogManager
16-Nov-2020 13:08:49.387 INFO [main] org.apache.catalina.startup.VersionLoggerListener.log Command line argument: -Djdk.tls.ephemeralDHKeySize=2048
16-Nov-2020 13:08:49.387 INFO [main] org.apache.catalina.startup.VersionLoggerListener.log Command line argument: -Djava.protocol.handler.pkgs=org.apache.catalina.webresources
16-Nov-2020 13:08:49.387 INFO [main] org.apache.catalina.startup.VersionLoggerListener.log Command line argument: -Dignore.endorsed.dirs=
16-Nov-2020 13:08:49.392 INFO [main] org.apache.catalina.startup.VersionLoggerListener.log Command line argument: -Dcatalina.base=C:\Study\JavaEE\tomcat9
16-Nov-2020 13:08:49.392 INFO [main] org.apache.catalina.startup.VersionLoggerListener.log Command line argument: -Dcatalina.home=C:\Study\JavaEE\tomcat9
16-Nov-2020 13:08:49.392 INFO [main] org.apache.catalina.startup.VersionLoggerListener.log Command line argument: -Djava.io.tmpdir=C:\Study\JavaEE\tomcat9\temp
16-Nov-2020 13:08:49.392 INFO [main] org.apache.catalina.core.AprLifecycleListener.lifecycleEvent The Apache Tomcat Native library which allows using OpenSSL was not found on the java.library.path: [c:\jdk1.8.0\bin;C:\Windows\Sun\Java\bin;C:\Windows\system32;C:\Windows;C:\Program Files\Common Files\Oracle\Java\javapath;C:\ProgramData\Oracle\Java\javapath;C:\Program Files\Common Files\Microsoft Shared\Windows Live;C:\Windows\system32;C:\Windows;C:\Windows\System32\Wbem;C:\Windows\System32\WindowsPowerShell\v1.0\;C:\Program Files\Windows Live\Shared;C:\Program Files\TortoiseSVN\bin;C:\Program Files\PuTTY\;C:\Program Files\Git\cmd;C:\Program Files\Windows Kits\10\Windows Performance Toolkit\;C:\Program Files\Microsoft SQL Server\120\Tools\Binn\;C:\Program Files\dotnet\;C:\Users\esha\AppData\Local\Programs\Python\Python36-32\Scripts\;C:\Users\esha\AppData\Local\Programs\Python\Python36-32\;C:\Windows;C:\Windows\System32;C:\Program Files\Java\jre1.8.0_144\bin;C:\Users\esha\AppData\Local\Programs\Python\Python36-32;C:\jdk1.8.0\bin;C:\tc\BIN;C:\MinGW\bin;.]
16-Nov-2020 13:08:50.342 INFO [main] org.apache.coyote.AbstractProtocol.init Initializing ProtocolHandler ["http-nio-8080"]
16-Nov-2020 13:08:50.822 INFO [main] org.apache.catalina.startup.Catalina.load Server initialization in [2033] milliseconds
16-Nov-2020 13:08:50.882 INFO [main] org.apache.catalina.core.StandardService.startInternal Starting service [Catalina]
16-Nov-2020 13:08:50.882 INFO [main] org.apache.catalina.core.StandardEngine.startInternal Starting Servlet engine: [Apache Tomcat/9.0.37]
16-Nov-2020 13:08:50.907 INFO [main] org.apache.catalina.startup.HostConfig.deployDirectory Deploying web application directory [C:\Study\JavaEE\tomcat9\webapps\docs]
16-Nov-2020 13:08:51.892 INFO [main] org.apache.jasper.servlet.TldScanner.scanJars At least one JAR was scanned for TLDs yet contained no TLDs. Enable debug logging for this logger for a complete list of JARs that were scanned but no TLDs were found in them. Skipping unneeded JARs during scanning can improve startup time and JSP compilation time.
16-Nov-2020 13:08:52.047 INFO [main] org.apache.catalina.startup.HostConfig.deployDirectory Deployment of web application directory [C:\Study\JavaEE\tomcat9\webapps\docs] has finished in [1,135] ms
16-Nov-2020 13:08:52.047 INFO [main] org.apache.catalina.startup.HostConfig.deployDirectory Deploying web application directory [C:\Study\JavaEE\tomcat9\webapps\examples]
16-Nov-2020 13:08:53.202 INFO [main] org.apache.jasper.servlet.TldScanner.scanJars At least one JAR was scanned for TLDs yet contained no TLDs. Enable debug logging for this logger for a complete list of JARs that were scanned but no TLDs were found in them. Skipping unneeded JARs during scanning can improve startup time and JSP compilation time.
16-Nov-2020 13:08:53.322 INFO [main] org.apache.catalina.startup.HostConfig.deployDirectory Deployment of web application directory [C:\Study\JavaEE\tomcat9\webapps\examples] has finished in [1,275] ms
16-Nov-2020 13:08:53.322 INFO [main] org.apache.catalina.startup.HostConfig.deployDirectory Deploying web application directory [C:\Study\JavaEE\tomcat9\webapps\five]
16-Nov-2020 13:08:53.752 INFO [main] org.apache.jasper.servlet.TldScanner.scanJars At least one JAR was scanned for TLDs yet contained no TLDs. Enable debug logging for this logger for a complete list of JARs that were scanned but no TLDs were found in them. Skipping unneeded JARs during scanning can improve startup time and JSP compilation time.
16-Nov-2020 13:08:53.757 INFO [main] org.apache.catalina.startup.HostConfig.deployDirectory Deployment of web application directory [C:\Study\JavaEE\tomcat9\webapps\five] has finished in [435] ms
16-Nov-2020 13:08:53.757 INFO [main] org.apache.catalina.startup.HostConfig.deployDirectory Deploying web application directory [C:\Study\JavaEE\tomcat9\webapps\four]
16-Nov-2020 13:08:54.142 INFO [main] org.apache.jasper.servlet.TldScanner.scanJars At least one JAR was scanned for TLDs yet contained no TLDs. Enable debug logging for this logger for a complete list of JARs that were scanned but no TLDs were found in them. Skipping unneeded JARs during scanning can improve startup time and JSP compilation time.
16-Nov-2020 13:08:54.147 INFO [main] org.apache.catalina.startup.HostConfig.deployDirectory Deployment of web application directory [C:\Study\JavaEE\tomcat9\webapps\four] has finished in [390] ms
16-Nov-2020 13:08:54.147 INFO [main] org.apache.catalina.startup.HostConfig.deployDirectory Deploying web application directory [C:\Study\JavaEE\tomcat9\webapps\host-manager]
16-Nov-2020 13:08:54.502 INFO [main] org.apache.jasper.servlet.TldScanner.scanJars At least one JAR was scanned for TLDs yet contained no TLDs. Enable debug logging for this logger for a complete list of JARs that were scanned but no TLDs were found in them. Skipping unneeded JARs during scanning can improve startup time and JSP compilation time.
16-Nov-2020 13:08:54.517 INFO [main] org.apache.catalina.startup.HostConfig.deployDirectory Deployment of web application directory [C:\Study\JavaEE\tomcat9\webapps\host-manager] has finished in [365] ms
16-Nov-2020 13:08:54.517 INFO [main] org.apache.catalina.startup.HostConfig.deployDirectory Deploying web application directory [C:\Study\JavaEE\tomcat9\webapps\manager]
16-Nov-2020 13:08:54.917 INFO [main] org.apache.jasper.servlet.TldScanner.scanJars At least one JAR was scanned for TLDs yet contained no TLDs. Enable debug logging for this logger for a complete list of JARs that were scanned but no TLDs were found in them. Skipping unneeded JARs during scanning can improve startup time and JSP compilation time.
16-Nov-2020 13:08:54.932 INFO [main] org.apache.catalina.startup.HostConfig.deployDirectory Deployment of web application directory [C:\Study\JavaEE\tomcat9\webapps\manager] has finished in [415] ms
16-Nov-2020 13:08:54.932 INFO [main] org.apache.catalina.startup.HostConfig.deployDirectory Deploying web application directory [C:\Study\JavaEE\tomcat9\webapps\one]
16-Nov-2020 13:08:55.357 INFO [main] org.apache.jasper.servlet.TldScanner.scanJars At least one JAR was scanned for TLDs yet contained no TLDs. Enable debug logging for this logger for a complete list of JARs that were scanned but no TLDs were found in them. Skipping unneeded JARs during scanning can improve startup time and JSP compilation time.
16-Nov-2020 13:08:55.362 INFO [main] org.apache.catalina.startup.HostConfig.deployDirectory Deployment of web application directory [C:\Study\JavaEE\tomcat9\webapps\one] has finished in [430] ms
16-Nov-2020 13:08:55.362 INFO [main] org.apache.catalina.startup.HostConfig.deployDirectory Deploying web application directory [C:\Study\JavaEE\tomcat9\webapps\ROOT]
16-Nov-2020 13:08:55.782 INFO [main] org.apache.jasper.servlet.TldScanner.scanJars At least one JAR was scanned for TLDs yet contained no TLDs. Enable debug logging for this logger for a complete list of JARs that were scanned but no TLDs were found in them. Skipping unneeded JARs during scanning can improve startup time and JSP compilation time.
16-Nov-2020 13:08:55.787 INFO [main] org.apache.catalina.startup.HostConfig.deployDirectory Deployment of web application directory [C:\Study\JavaEE\tomcat9\webapps\ROOT] has finished in [425] ms
16-Nov-2020 13:08:55.792 INFO [main] org.apache.catalina.startup.HostConfig.deployDirectory Deploying web application directory [C:\Study\JavaEE\tomcat9\webapps\styleone]
16-Nov-2020 13:08:56.367 INFO [main] org.apache.jasper.servlet.TldScanner.scanJars At least one JAR was scanned for TLDs yet contained no TLDs. Enable debug logging for this logger for a complete list of JARs that were scanned but no TLDs were found in them. Skipping unneeded JARs during scanning can improve startup time and JSP compilation time.
16-Nov-2020 13:08:56.372 INFO [main] org.apache.catalina.startup.HostConfig.deployDirectory Deployment of web application directory [C:\Study\JavaEE\tomcat9\webapps\styleone] has finished in [585] ms
16-Nov-2020 13:08:56.377 INFO [main] org.apache.catalina.startup.HostConfig.deployDirectory Deploying web application directory [C:\Study\JavaEE\tomcat9\webapps\three]
16-Nov-2020 13:08:56.912 INFO [main] org.apache.jasper.servlet.TldScanner.scanJars At least one JAR was scanned for TLDs yet contained no TLDs. Enable debug logging for this logger for a complete list of JARs that were scanned but no TLDs were found in them. Skipping unneeded JARs during scanning can improve startup time and JSP compilation time.
16-Nov-2020 13:08:56.917 INFO [main] org.apache.catalina.startup.HostConfig.deployDirectory Deployment of web application directory [C:\Study\JavaEE\tomcat9\webapps\three] has finished in [540] ms
16-Nov-2020 13:08:56.922 INFO [main] org.apache.catalina.startup.HostConfig.deployDirectory Deploying web application directory [C:\Study\JavaEE\tomcat9\webapps\two]
16-Nov-2020 13:08:57.307 INFO [main] org.apache.jasper.servlet.TldScanner.scanJars At least one JAR was scanned for TLDs yet contained no TLDs. Enable debug logging for this logger for a complete list of JARs that were scanned but no TLDs were found in them. Skipping unneeded JARs during scanning can improve startup time and JSP compilation time.
16-Nov-2020 13:08:57.312 INFO [main] org.apache.catalina.startup.HostConfig.deployDirectory Deployment of web application directory [C:\Study\JavaEE\tomcat9\webapps\two] has finished in [390] ms
16-Nov-2020 13:08:57.322 INFO [main] org.apache.coyote.AbstractProtocol.start Starting ProtocolHandler ["http-nio-8080"]
16-Nov-2020 13:08:57.347 INFO [main] org.apache.catalina.startup.Catalina.start Server startup in [6525] milliseconds
16-Nov-2020 13:31:27.618 INFO [Thread-4] org.apache.coyote.AbstractProtocol.pause Pausing ProtocolHandler ["http-nio-8080"]
16-Nov-2020 13:31:28.014 INFO [Thread-4] org.apache.catalina.core.StandardService.stopInternal Stopping service [Catalina]
16-Nov-2020 13:31:28.139 WARNING [Thread-4] org.apache.catalina.loader.WebappClassLoaderBase.clearReferencesJdbc The web application [styleone] registered the JDBC driver [com.mysql.jdbc.Driver] but failed to unregister it when the web application was stopped. To prevent a memory leak, the JDBC Driver has been forcibly unregistered.
16-Nov-2020 13:31:28.139 WARNING [Thread-4] org.apache.catalina.loader.WebappClassLoaderBase.clearReferencesJdbc The web application [styleone] registered the JDBC driver [com.mysql.fabric.jdbc.FabricMySQLDriver] but failed to unregister it when the web application was stopped. To prevent a memory leak, the JDBC Driver has been forcibly unregistered.
16-Nov-2020 13:31:28.144 WARNING [Thread-4] org.apache.catalina.loader.WebappClassLoaderBase.clearReferencesThreads The web application [styleone] appears to have started a thread named [mysql-cj-abandoned-connection-cleanup] but has failed to stop it. This is very likely to create a memory leak. Stack trace of thread:
 java.lang.Object.wait(Native Method)
 java.lang.ref.ReferenceQueue.remove(ReferenceQueue.java:144)
 com.mysql.jdbc.AbandonedConnectionCleanupThread.run(AbandonedConnectionCleanupThread.java:80)
 java.util.concurrent.ThreadPoolExecutor.runWorker(ThreadPoolExecutor.java:1149)
 java.util.concurrent.ThreadPoolExecutor$Worker.run(ThreadPoolExecutor.java:624)
 java.lang.Thread.run(Thread.java:748)
16-Nov-2020 13:31:28.269 INFO [Thread-4] org.apache.coyote.AbstractProtocol.stop Stopping ProtocolHandler ["http-nio-8080"]
16-Nov-2020 13:31:28.279 INFO [Thread-4] org.apache.coyote.AbstractProtocol.destroy Destroying ProtocolHandler ["http-nio-8080"]
