27-Dec-2020 11:22:38.697 INFO [main] org.apache.catalina.startup.VersionLoggerListener.log Server version name:   Apache Tomcat/9.0.37
27-Dec-2020 11:22:38.774 INFO [main] org.apache.catalina.startup.VersionLoggerListener.log Server built:          Jun 30 2020 20:09:49 UTC
27-Dec-2020 11:22:38.787 INFO [main] org.apache.catalina.startup.VersionLoggerListener.log Server version number: 9.0.37.0
27-Dec-2020 11:22:38.788 INFO [main] org.apache.catalina.startup.VersionLoggerListener.log OS Name:               Windows 7
27-Dec-2020 11:22:38.789 INFO [main] org.apache.catalina.startup.VersionLoggerListener.log OS Version:            6.1
27-Dec-2020 11:22:38.789 INFO [main] org.apache.catalina.startup.VersionLoggerListener.log Architecture:          x86
27-Dec-2020 11:22:38.790 INFO [main] org.apache.catalina.startup.VersionLoggerListener.log Java Home:             c:\jdk1.8.0\jre
27-Dec-2020 11:22:38.791 INFO [main] org.apache.catalina.startup.VersionLoggerListener.log JVM Version:           1.8.0_251-b08
27-Dec-2020 11:22:38.792 INFO [main] org.apache.catalina.startup.VersionLoggerListener.log JVM Vendor:            Oracle Corporation
27-Dec-2020 11:22:38.792 INFO [main] org.apache.catalina.startup.VersionLoggerListener.log CATALINA_BASE:         C:\Study\JavaEE\tomcat9
27-Dec-2020 11:22:38.793 INFO [main] org.apache.catalina.startup.VersionLoggerListener.log CATALINA_HOME:         C:\Study\JavaEE\tomcat9
27-Dec-2020 11:22:38.839 INFO [main] org.apache.catalina.startup.VersionLoggerListener.log Command line argument: -Djava.util.logging.config.file=C:\Study\JavaEE\tomcat9\conf\logging.properties
27-Dec-2020 11:22:38.841 INFO [main] org.apache.catalina.startup.VersionLoggerListener.log Command line argument: -Djava.util.logging.manager=org.apache.juli.ClassLoaderLogManager
27-Dec-2020 11:22:38.843 INFO [main] org.apache.catalina.startup.VersionLoggerListener.log Command line argument: -Djdk.tls.ephemeralDHKeySize=2048
27-Dec-2020 11:22:38.846 INFO [main] org.apache.catalina.startup.VersionLoggerListener.log Command line argument: -Djava.protocol.handler.pkgs=org.apache.catalina.webresources
27-Dec-2020 11:22:38.849 INFO [main] org.apache.catalina.startup.VersionLoggerListener.log Command line argument: -Dignore.endorsed.dirs=
27-Dec-2020 11:22:38.852 INFO [main] org.apache.catalina.startup.VersionLoggerListener.log Command line argument: -Dcatalina.base=C:\Study\JavaEE\tomcat9
27-Dec-2020 11:22:38.855 INFO [main] org.apache.catalina.startup.VersionLoggerListener.log Command line argument: -Dcatalina.home=C:\Study\JavaEE\tomcat9
27-Dec-2020 11:22:38.857 INFO [main] org.apache.catalina.startup.VersionLoggerListener.log Command line argument: -Djava.io.tmpdir=C:\Study\JavaEE\tomcat9\temp
27-Dec-2020 11:22:38.859 INFO [main] org.apache.catalina.core.AprLifecycleListener.lifecycleEvent The Apache Tomcat Native library which allows using OpenSSL was not found on the java.library.path: [c:\jdk1.8.0\bin;C:\Windows\Sun\Java\bin;C:\Windows\system32;C:\Windows;C:\Program Files\Common Files\Oracle\Java\javapath;C:\ProgramData\Oracle\Java\javapath;C:\Program Files\Common Files\Microsoft Shared\Windows Live;C:\Windows\system32;C:\Windows;C:\Windows\System32\Wbem;C:\Windows\System32\WindowsPowerShell\v1.0\;C:\Program Files\Windows Live\Shared;C:\Program Files\TortoiseSVN\bin;C:\Program Files\PuTTY\;C:\Program Files\Git\cmd;C:\Program Files\Windows Kits\10\Windows Performance Toolkit\;C:\Program Files\Microsoft SQL Server\120\Tools\Binn\;C:\Program Files\dotnet\;C:\Users\esha\AppData\Local\Programs\Python\Python36-32\Scripts\;C:\Users\esha\AppData\Local\Programs\Python\Python36-32\;C:\Windows;C:\Windows\System32;C:\Program Files\Java\jre1.8.0_144\bin;C:\Users\esha\AppData\Local\Programs\Python\Python36-32;C:\jdk1.8.0\bin;C:\tc\BIN;C:\MinGW\bin;.]
27-Dec-2020 11:22:43.168 INFO [main] org.apache.coyote.AbstractProtocol.init Initializing ProtocolHandler ["http-nio-8080"]
27-Dec-2020 11:22:45.657 INFO [main] org.apache.catalina.startup.Catalina.load Server initialization in [11752] milliseconds
27-Dec-2020 11:22:46.285 INFO [main] org.apache.catalina.core.StandardService.startInternal Starting service [Catalina]
27-Dec-2020 11:22:46.287 INFO [main] org.apache.catalina.core.StandardEngine.startInternal Starting Servlet engine: [Apache Tomcat/9.0.37]
27-Dec-2020 11:22:46.601 INFO [main] org.apache.catalina.startup.HostConfig.deployDirectory Deploying web application directory [C:\Study\JavaEE\tomcat9\webapps\docs]
27-Dec-2020 11:22:50.500 INFO [main] org.apache.jasper.servlet.TldScanner.scanJars At least one JAR was scanned for TLDs yet contained no TLDs. Enable debug logging for this logger for a complete list of JARs that were scanned but no TLDs were found in them. Skipping unneeded JARs during scanning can improve startup time and JSP compilation time.
27-Dec-2020 11:22:50.906 INFO [main] org.apache.catalina.startup.HostConfig.deployDirectory Deployment of web application directory [C:\Study\JavaEE\tomcat9\webapps\docs] has finished in [4,290] ms
27-Dec-2020 11:22:50.941 INFO [main] org.apache.catalina.startup.HostConfig.deployDirectory Deploying web application directory [C:\Study\JavaEE\tomcat9\webapps\examples]
27-Dec-2020 11:22:55.788 INFO [main] org.apache.jasper.servlet.TldScanner.scanJars At least one JAR was scanned for TLDs yet contained no TLDs. Enable debug logging for this logger for a complete list of JARs that were scanned but no TLDs were found in them. Skipping unneeded JARs during scanning can improve startup time and JSP compilation time.
27-Dec-2020 11:22:56.418 INFO [main] org.apache.catalina.startup.HostConfig.deployDirectory Deployment of web application directory [C:\Study\JavaEE\tomcat9\webapps\examples] has finished in [5,478] ms
27-Dec-2020 11:22:56.421 INFO [main] org.apache.catalina.startup.HostConfig.deployDirectory Deploying web application directory [C:\Study\JavaEE\tomcat9\webapps\five]
27-Dec-2020 11:22:57.305 INFO [main] org.apache.jasper.servlet.TldScanner.scanJars At least one JAR was scanned for TLDs yet contained no TLDs. Enable debug logging for this logger for a complete list of JARs that were scanned but no TLDs were found in them. Skipping unneeded JARs during scanning can improve startup time and JSP compilation time.
27-Dec-2020 11:22:57.311 INFO [main] org.apache.catalina.startup.HostConfig.deployDirectory Deployment of web application directory [C:\Study\JavaEE\tomcat9\webapps\five] has finished in [891] ms
27-Dec-2020 11:22:57.313 INFO [main] org.apache.catalina.startup.HostConfig.deployDirectory Deploying web application directory [C:\Study\JavaEE\tomcat9\webapps\four]
27-Dec-2020 11:22:58.132 INFO [main] org.apache.jasper.servlet.TldScanner.scanJars At least one JAR was scanned for TLDs yet contained no TLDs. Enable debug logging for this logger for a complete list of JARs that were scanned but no TLDs were found in them. Skipping unneeded JARs during scanning can improve startup time and JSP compilation time.
27-Dec-2020 11:22:58.139 INFO [main] org.apache.catalina.startup.HostConfig.deployDirectory Deployment of web application directory [C:\Study\JavaEE\tomcat9\webapps\four] has finished in [826] ms
27-Dec-2020 11:22:58.202 INFO [main] org.apache.catalina.startup.HostConfig.deployDirectory Deploying web application directory [C:\Study\JavaEE\tomcat9\webapps\host-manager]
27-Dec-2020 11:22:58.871 INFO [main] org.apache.jasper.servlet.TldScanner.scanJars At least one JAR was scanned for TLDs yet contained no TLDs. Enable debug logging for this logger for a complete list of JARs that were scanned but no TLDs were found in them. Skipping unneeded JARs during scanning can improve startup time and JSP compilation time.
27-Dec-2020 11:22:58.894 INFO [main] org.apache.catalina.startup.HostConfig.deployDirectory Deployment of web application directory [C:\Study\JavaEE\tomcat9\webapps\host-manager] has finished in [691] ms
27-Dec-2020 11:22:58.896 INFO [main] org.apache.catalina.startup.HostConfig.deployDirectory Deploying web application directory [C:\Study\JavaEE\tomcat9\webapps\manager]
27-Dec-2020 11:22:59.643 INFO [main] org.apache.jasper.servlet.TldScanner.scanJars At least one JAR was scanned for TLDs yet contained no TLDs. Enable debug logging for this logger for a complete list of JARs that were scanned but no TLDs were found in them. Skipping unneeded JARs during scanning can improve startup time and JSP compilation time.
27-Dec-2020 11:22:59.653 INFO [main] org.apache.catalina.startup.HostConfig.deployDirectory Deployment of web application directory [C:\Study\JavaEE\tomcat9\webapps\manager] has finished in [756] ms
27-Dec-2020 11:22:59.654 INFO [main] org.apache.catalina.startup.HostConfig.deployDirectory Deploying web application directory [C:\Study\JavaEE\tomcat9\webapps\one]
27-Dec-2020 11:23:00.235 INFO [main] org.apache.jasper.servlet.TldScanner.scanJars At least one JAR was scanned for TLDs yet contained no TLDs. Enable debug logging for this logger for a complete list of JARs that were scanned but no TLDs were found in them. Skipping unneeded JARs during scanning can improve startup time and JSP compilation time.
27-Dec-2020 11:23:00.242 INFO [main] org.apache.catalina.startup.HostConfig.deployDirectory Deployment of web application directory [C:\Study\JavaEE\tomcat9\webapps\one] has finished in [586] ms
27-Dec-2020 11:23:00.259 INFO [main] org.apache.catalina.startup.HostConfig.deployDirectory Deploying web application directory [C:\Study\JavaEE\tomcat9\webapps\ROOT]
27-Dec-2020 11:23:00.729 INFO [main] org.apache.jasper.servlet.TldScanner.scanJars At least one JAR was scanned for TLDs yet contained no TLDs. Enable debug logging for this logger for a complete list of JARs that were scanned but no TLDs were found in them. Skipping unneeded JARs during scanning can improve startup time and JSP compilation time.
27-Dec-2020 11:23:00.734 INFO [main] org.apache.catalina.startup.HostConfig.deployDirectory Deployment of web application directory [C:\Study\JavaEE\tomcat9\webapps\ROOT] has finished in [476] ms
27-Dec-2020 11:23:00.735 INFO [main] org.apache.catalina.startup.HostConfig.deployDirectory Deploying web application directory [C:\Study\JavaEE\tomcat9\webapps\styleone]
27-Dec-2020 11:23:02.176 INFO [main] org.apache.jasper.servlet.TldScanner.scanJars At least one JAR was scanned for TLDs yet contained no TLDs. Enable debug logging for this logger for a complete list of JARs that were scanned but no TLDs were found in them. Skipping unneeded JARs during scanning can improve startup time and JSP compilation time.
27-Dec-2020 11:23:02.186 INFO [main] org.apache.catalina.startup.HostConfig.deployDirectory Deployment of web application directory [C:\Study\JavaEE\tomcat9\webapps\styleone] has finished in [1,450] ms
27-Dec-2020 11:23:02.192 INFO [main] org.apache.catalina.startup.HostConfig.deployDirectory Deploying web application directory [C:\Study\JavaEE\tomcat9\webapps\three]
27-Dec-2020 11:23:02.929 INFO [main] org.apache.jasper.servlet.TldScanner.scanJars At least one JAR was scanned for TLDs yet contained no TLDs. Enable debug logging for this logger for a complete list of JARs that were scanned but no TLDs were found in them. Skipping unneeded JARs during scanning can improve startup time and JSP compilation time.
27-Dec-2020 11:23:02.936 INFO [main] org.apache.catalina.startup.HostConfig.deployDirectory Deployment of web application directory [C:\Study\JavaEE\tomcat9\webapps\three] has finished in [745] ms
27-Dec-2020 11:23:02.938 INFO [main] org.apache.catalina.startup.HostConfig.deployDirectory Deploying web application directory [C:\Study\JavaEE\tomcat9\webapps\two]
27-Dec-2020 11:23:03.562 INFO [main] org.apache.jasper.servlet.TldScanner.scanJars At least one JAR was scanned for TLDs yet contained no TLDs. Enable debug logging for this logger for a complete list of JARs that were scanned but no TLDs were found in them. Skipping unneeded JARs during scanning can improve startup time and JSP compilation time.
27-Dec-2020 11:23:03.568 INFO [main] org.apache.catalina.startup.HostConfig.deployDirectory Deployment of web application directory [C:\Study\JavaEE\tomcat9\webapps\two] has finished in [630] ms
27-Dec-2020 11:23:03.653 INFO [main] org.apache.coyote.AbstractProtocol.start Starting ProtocolHandler ["http-nio-8080"]
27-Dec-2020 11:23:03.707 INFO [main] org.apache.catalina.startup.Catalina.start Server startup in [18045] milliseconds
27-Dec-2020 12:32:22.543 INFO [Catalina-utility-1] org.apache.catalina.startup.HostConfig.reload Reloading context [/styleone]
27-Dec-2020 12:32:22.546 INFO [Catalina-utility-1] org.apache.catalina.core.StandardContext.reload Reloading Context with name [/styleone] has started
27-Dec-2020 12:32:22.680 WARNING [Catalina-utility-1] org.apache.catalina.loader.WebappClassLoaderBase.clearReferencesThreads The web application [styleone] appears to have started a thread named [mysql-cj-abandoned-connection-cleanup] but has failed to stop it. This is very likely to create a memory leak. Stack trace of thread:
 java.lang.Object.wait(Native Method)
 java.lang.ref.ReferenceQueue.remove(ReferenceQueue.java:144)
 com.mysql.jdbc.AbandonedConnectionCleanupThread.run(AbandonedConnectionCleanupThread.java:80)
 java.util.concurrent.ThreadPoolExecutor.runWorker(ThreadPoolExecutor.java:1149)
 java.util.concurrent.ThreadPoolExecutor$Worker.run(ThreadPoolExecutor.java:624)
 java.lang.Thread.run(Thread.java:748)
27-Dec-2020 12:32:23.008 SEVERE [Catalina-utility-1] org.apache.tomcat.util.digester.Digester.fatalError Parse fatal error at line [122] column [3]
	org.xml.sax.SAXParseException; systemId: file:/C:/Study/JavaEE/tomcat9/webapps/styleone/WEB-INF/web.xml; lineNumber: 122; columnNumber: 3; The element type "url-pattern" must be terminated by the matching end-tag "</url-pattern>".
		at com.sun.org.apache.xerces.internal.util.ErrorHandlerWrapper.createSAXParseException(ErrorHandlerWrapper.java:204)
		at com.sun.org.apache.xerces.internal.util.ErrorHandlerWrapper.fatalError(ErrorHandlerWrapper.java:178)
		at com.sun.org.apache.xerces.internal.impl.XMLErrorReporter.reportError(XMLErrorReporter.java:400)
		at com.sun.org.apache.xerces.internal.impl.XMLErrorReporter.reportError(XMLErrorReporter.java:327)
		at com.sun.org.apache.xerces.internal.impl.XMLScanner.reportFatalError(XMLScanner.java:1472)
		at com.sun.org.apache.xerces.internal.impl.XMLDocumentFragmentScannerImpl.scanEndElement(XMLDocumentFragmentScannerImpl.java:1749)
		at com.sun.org.apache.xerces.internal.impl.XMLDocumentFragmentScannerImpl$FragmentContentDriver.next(XMLDocumentFragmentScannerImpl.java:2967)
		at com.sun.org.apache.xerces.internal.impl.XMLDocumentScannerImpl.next(XMLDocumentScannerImpl.java:602)
		at com.sun.org.apache.xerces.internal.impl.XMLDocumentFragmentScannerImpl.scanDocument(XMLDocumentFragmentScannerImpl.java:505)
		at com.sun.org.apache.xerces.internal.parsers.XML11Configuration.parse(XML11Configuration.java:842)
		at com.sun.org.apache.xerces.internal.parsers.XML11Configuration.parse(XML11Configuration.java:771)
		at com.sun.org.apache.xerces.internal.parsers.XMLParser.parse(XMLParser.java:142)
		at com.sun.org.apache.xerces.internal.parsers.AbstractSAXParser.parse(AbstractSAXParser.java:1214)
		at com.sun.org.apache.xerces.internal.jaxp.SAXParserImpl$JAXPSAXParser.parse(SAXParserImpl.java:644)
		at org.apache.tomcat.util.digester.Digester.parse(Digester.java:1517)
		at org.apache.tomcat.util.descriptor.web.WebXmlParser.parseWebXml(WebXmlParser.java:119)
		at org.apache.catalina.startup.ContextConfig.webConfig(ContextConfig.java:1325)
		at org.apache.catalina.startup.ContextConfig.configureStart(ContextConfig.java:983)
		at org.apache.catalina.startup.ContextConfig.lifecycleEvent(ContextConfig.java:302)
		at org.apache.catalina.util.LifecycleBase.fireLifecycleEvent(LifecycleBase.java:123)
		at org.apache.catalina.core.StandardContext.startInternal(StandardContext.java:5044)
		at org.apache.catalina.util.LifecycleBase.start(LifecycleBase.java:183)
		at org.apache.catalina.core.StandardContext.reload(StandardContext.java:3754)
		at org.apache.catalina.startup.HostConfig.reload(HostConfig.java:1403)
		at org.apache.catalina.startup.HostConfig.checkResources(HostConfig.java:1376)
		at org.apache.catalina.startup.HostConfig.check(HostConfig.java:1611)
		at org.apache.catalina.startup.HostConfig.lifecycleEvent(HostConfig.java:305)
		at org.apache.catalina.util.LifecycleBase.fireLifecycleEvent(LifecycleBase.java:123)
		at org.apache.catalina.core.ContainerBase.backgroundProcess(ContainerBase.java:1151)
		at org.apache.catalina.core.ContainerBase$ContainerBackgroundProcessor.processChildren(ContainerBase.java:1353)
		at org.apache.catalina.core.ContainerBase$ContainerBackgroundProcessor.processChildren(ContainerBase.java:1357)
		at org.apache.catalina.core.ContainerBase$ContainerBackgroundProcessor.run(ContainerBase.java:1335)
		at java.util.concurrent.Executors$RunnableAdapter.call(Executors.java:511)
		at java.util.concurrent.FutureTask.runAndReset(FutureTask.java:308)
		at java.util.concurrent.ScheduledThreadPoolExecutor$ScheduledFutureTask.access$301(ScheduledThreadPoolExecutor.java:180)
		at java.util.concurrent.ScheduledThreadPoolExecutor$ScheduledFutureTask.run(ScheduledThreadPoolExecutor.java:294)
		at java.util.concurrent.ThreadPoolExecutor.runWorker(ThreadPoolExecutor.java:1149)
		at java.util.concurrent.ThreadPoolExecutor$Worker.run(ThreadPoolExecutor.java:624)
		at org.apache.tomcat.util.threads.TaskThread$WrappingRunnable.run(TaskThread.java:61)
		at java.lang.Thread.run(Thread.java:748)
27-Dec-2020 12:32:23.057 SEVERE [Catalina-utility-1] org.apache.tomcat.util.descriptor.web.WebXmlParser.parseWebXml Parse error in application web.xml file at [file:/C:/Study/JavaEE/tomcat9/webapps/styleone/WEB-INF/web.xml]
	org.xml.sax.SAXParseException; systemId: file:/C:/Study/JavaEE/tomcat9/webapps/styleone/WEB-INF/web.xml; lineNumber: 122; columnNumber: 3; The element type "url-pattern" must be terminated by the matching end-tag "</url-pattern>".
		at com.sun.org.apache.xerces.internal.util.ErrorHandlerWrapper.createSAXParseException(ErrorHandlerWrapper.java:204)
		at com.sun.org.apache.xerces.internal.util.ErrorHandlerWrapper.fatalError(ErrorHandlerWrapper.java:178)
		at com.sun.org.apache.xerces.internal.impl.XMLErrorReporter.reportError(XMLErrorReporter.java:400)
		at com.sun.org.apache.xerces.internal.impl.XMLErrorReporter.reportError(XMLErrorReporter.java:327)
		at com.sun.org.apache.xerces.internal.impl.XMLScanner.reportFatalError(XMLScanner.java:1472)
		at com.sun.org.apache.xerces.internal.impl.XMLDocumentFragmentScannerImpl.scanEndElement(XMLDocumentFragmentScannerImpl.java:1749)
		at com.sun.org.apache.xerces.internal.impl.XMLDocumentFragmentScannerImpl$FragmentContentDriver.next(XMLDocumentFragmentScannerImpl.java:2967)
		at com.sun.org.apache.xerces.internal.impl.XMLDocumentScannerImpl.next(XMLDocumentScannerImpl.java:602)
		at com.sun.org.apache.xerces.internal.impl.XMLDocumentFragmentScannerImpl.scanDocument(XMLDocumentFragmentScannerImpl.java:505)
		at com.sun.org.apache.xerces.internal.parsers.XML11Configuration.parse(XML11Configuration.java:842)
		at com.sun.org.apache.xerces.internal.parsers.XML11Configuration.parse(XML11Configuration.java:771)
		at com.sun.org.apache.xerces.internal.parsers.XMLParser.parse(XMLParser.java:142)
		at com.sun.org.apache.xerces.internal.parsers.AbstractSAXParser.parse(AbstractSAXParser.java:1214)
		at com.sun.org.apache.xerces.internal.jaxp.SAXParserImpl$JAXPSAXParser.parse(SAXParserImpl.java:644)
		at org.apache.tomcat.util.digester.Digester.parse(Digester.java:1517)
		at org.apache.tomcat.util.descriptor.web.WebXmlParser.parseWebXml(WebXmlParser.java:119)
		at org.apache.catalina.startup.ContextConfig.webConfig(ContextConfig.java:1325)
		at org.apache.catalina.startup.ContextConfig.configureStart(ContextConfig.java:983)
		at org.apache.catalina.startup.ContextConfig.lifecycleEvent(ContextConfig.java:302)
		at org.apache.catalina.util.LifecycleBase.fireLifecycleEvent(LifecycleBase.java:123)
		at org.apache.catalina.core.StandardContext.startInternal(StandardContext.java:5044)
		at org.apache.catalina.util.LifecycleBase.start(LifecycleBase.java:183)
		at org.apache.catalina.core.StandardContext.reload(StandardContext.java:3754)
		at org.apache.catalina.startup.HostConfig.reload(HostConfig.java:1403)
		at org.apache.catalina.startup.HostConfig.checkResources(HostConfig.java:1376)
		at org.apache.catalina.startup.HostConfig.check(HostConfig.java:1611)
		at org.apache.catalina.startup.HostConfig.lifecycleEvent(HostConfig.java:305)
		at org.apache.catalina.util.LifecycleBase.fireLifecycleEvent(LifecycleBase.java:123)
		at org.apache.catalina.core.ContainerBase.backgroundProcess(ContainerBase.java:1151)
		at org.apache.catalina.core.ContainerBase$ContainerBackgroundProcessor.processChildren(ContainerBase.java:1353)
		at org.apache.catalina.core.ContainerBase$ContainerBackgroundProcessor.processChildren(ContainerBase.java:1357)
		at org.apache.catalina.core.ContainerBase$ContainerBackgroundProcessor.run(ContainerBase.java:1335)
		at java.util.concurrent.Executors$RunnableAdapter.call(Executors.java:511)
		at java.util.concurrent.FutureTask.runAndReset(FutureTask.java:308)
		at java.util.concurrent.ScheduledThreadPoolExecutor$ScheduledFutureTask.access$301(ScheduledThreadPoolExecutor.java:180)
		at java.util.concurrent.ScheduledThreadPoolExecutor$ScheduledFutureTask.run(ScheduledThreadPoolExecutor.java:294)
		at java.util.concurrent.ThreadPoolExecutor.runWorker(ThreadPoolExecutor.java:1149)
		at java.util.concurrent.ThreadPoolExecutor$Worker.run(ThreadPoolExecutor.java:624)
		at org.apache.tomcat.util.threads.TaskThread$WrappingRunnable.run(TaskThread.java:61)
		at java.lang.Thread.run(Thread.java:748)
27-Dec-2020 12:32:23.073 SEVERE [Catalina-utility-1] org.apache.tomcat.util.descriptor.web.WebXmlParser.parseWebXml Occurred at line [122] column [3]
27-Dec-2020 12:32:23.114 SEVERE [Catalina-utility-1] org.apache.catalina.startup.ContextConfig.configureStart Marking this application unavailable due to previous error(s)
27-Dec-2020 12:32:23.116 SEVERE [Catalina-utility-1] org.apache.catalina.core.StandardContext.startInternal One or more components marked the context as not correctly configured
27-Dec-2020 12:32:23.118 SEVERE [Catalina-utility-1] org.apache.catalina.core.StandardContext.startInternal Context [/styleone] startup failed due to previous errors
27-Dec-2020 12:32:23.197 WARNING [Catalina-utility-1] org.apache.catalina.loader.WebappClassLoaderBase.clearReferencesThreads The web application [styleone] appears to have started a thread named [mysql-cj-abandoned-connection-cleanup] but has failed to stop it. This is very likely to create a memory leak. Stack trace of thread:
 org.apache.catalina.loader.WebappClassLoaderBase.trackLastModified(WebappClassLoaderBase.java:965)
 org.apache.catalina.loader.WebappClassLoaderBase.findResource(WebappClassLoaderBase.java:941)
 org.apache.catalina.loader.WebappClassLoaderBase.getResource(WebappClassLoaderBase.java:1057)
 com.mysql.jdbc.AbandonedConnectionCleanupThread.checkThreadContextClassLoader(AbandonedConnectionCleanupThread.java:112)
 com.mysql.jdbc.AbandonedConnectionCleanupThread.run(AbandonedConnectionCleanupThread.java:79)
 java.util.concurrent.ThreadPoolExecutor.runWorker(ThreadPoolExecutor.java:1149)
 java.util.concurrent.ThreadPoolExecutor$Worker.run(ThreadPoolExecutor.java:624)
 java.lang.Thread.run(Thread.java:748)
27-Dec-2020 12:32:23.209 INFO [Catalina-utility-1] org.apache.catalina.core.StandardContext.reload Reloading Context with name [/styleone] is completed
27-Dec-2020 12:32:27.680 INFO [mysql-cj-abandoned-connection-cleanup] org.apache.catalina.loader.WebappClassLoaderBase.checkStateForResourceLoading Illegal access: this web application instance has been stopped already. Could not load []. The following stack trace is thrown for debugging purposes as well as to attempt to terminate the thread which caused the illegal access.
	java.lang.IllegalStateException: Illegal access: this web application instance has been stopped already. Could not load []. The following stack trace is thrown for debugging purposes as well as to attempt to terminate the thread which caused the illegal access.
		at org.apache.catalina.loader.WebappClassLoaderBase.checkStateForResourceLoading(WebappClassLoaderBase.java:1385)
		at org.apache.catalina.loader.WebappClassLoaderBase.getResource(WebappClassLoaderBase.java:1038)
		at com.mysql.jdbc.AbandonedConnectionCleanupThread.checkThreadContextClassLoader(AbandonedConnectionCleanupThread.java:112)
		at com.mysql.jdbc.AbandonedConnectionCleanupThread.run(AbandonedConnectionCleanupThread.java:79)
		at java.util.concurrent.ThreadPoolExecutor.runWorker(ThreadPoolExecutor.java:1149)
		at java.util.concurrent.ThreadPoolExecutor$Worker.run(ThreadPoolExecutor.java:624)
		at java.lang.Thread.run(Thread.java:748)
27-Dec-2020 12:32:28.198 INFO [mysql-cj-abandoned-connection-cleanup] org.apache.catalina.loader.WebappClassLoaderBase.checkStateForResourceLoading Illegal access: this web application instance has been stopped already. Could not load []. The following stack trace is thrown for debugging purposes as well as to attempt to terminate the thread which caused the illegal access.
	java.lang.IllegalStateException: Illegal access: this web application instance has been stopped already. Could not load []. The following stack trace is thrown for debugging purposes as well as to attempt to terminate the thread which caused the illegal access.
		at org.apache.catalina.loader.WebappClassLoaderBase.checkStateForResourceLoading(WebappClassLoaderBase.java:1385)
		at org.apache.catalina.loader.WebappClassLoaderBase.getResource(WebappClassLoaderBase.java:1038)
		at com.mysql.jdbc.AbandonedConnectionCleanupThread.checkThreadContextClassLoader(AbandonedConnectionCleanupThread.java:112)
		at com.mysql.jdbc.AbandonedConnectionCleanupThread.run(AbandonedConnectionCleanupThread.java:79)
		at java.util.concurrent.ThreadPoolExecutor.runWorker(ThreadPoolExecutor.java:1149)
		at java.util.concurrent.ThreadPoolExecutor$Worker.run(ThreadPoolExecutor.java:624)
		at java.lang.Thread.run(Thread.java:748)
27-Dec-2020 12:32:33.232 INFO [Catalina-utility-1] org.apache.catalina.startup.HostConfig.reload Reloading context [/styleone]
27-Dec-2020 12:32:34.259 INFO [Catalina-utility-1] org.apache.jasper.servlet.TldScanner.scanJars At least one JAR was scanned for TLDs yet contained no TLDs. Enable debug logging for this logger for a complete list of JARs that were scanned but no TLDs were found in them. Skipping unneeded JARs during scanning can improve startup time and JSP compilation time.
27-Dec-2020 12:32:54.290 INFO [Catalina-utility-1] org.apache.catalina.startup.HostConfig.reload Reloading context [/styleone]
27-Dec-2020 12:32:54.291 INFO [Catalina-utility-1] org.apache.catalina.core.StandardContext.reload Reloading Context with name [/styleone] has started
27-Dec-2020 12:32:54.320 WARNING [Catalina-utility-1] org.apache.catalina.loader.WebappClassLoaderBase.clearReferencesThreads The web application [styleone] appears to have started a thread named [mysql-cj-abandoned-connection-cleanup] but has failed to stop it. This is very likely to create a memory leak. Stack trace of thread:
 java.lang.Object.wait(Native Method)
 java.lang.ref.ReferenceQueue.remove(ReferenceQueue.java:144)
 com.mysql.jdbc.AbandonedConnectionCleanupThread.run(AbandonedConnectionCleanupThread.java:80)
 java.util.concurrent.ThreadPoolExecutor.runWorker(ThreadPoolExecutor.java:1149)
 java.util.concurrent.ThreadPoolExecutor$Worker.run(ThreadPoolExecutor.java:624)
 java.lang.Thread.run(Thread.java:748)
27-Dec-2020 12:32:54.855 INFO [Catalina-utility-1] org.apache.jasper.servlet.TldScanner.scanJars At least one JAR was scanned for TLDs yet contained no TLDs. Enable debug logging for this logger for a complete list of JARs that were scanned but no TLDs were found in them. Skipping unneeded JARs during scanning can improve startup time and JSP compilation time.
27-Dec-2020 12:32:54.860 INFO [Catalina-utility-1] org.apache.catalina.core.StandardContext.reload Reloading Context with name [/styleone] is completed
27-Dec-2020 12:32:59.326 INFO [mysql-cj-abandoned-connection-cleanup] org.apache.catalina.loader.WebappClassLoaderBase.checkStateForResourceLoading Illegal access: this web application instance has been stopped already. Could not load []. The following stack trace is thrown for debugging purposes as well as to attempt to terminate the thread which caused the illegal access.
	java.lang.IllegalStateException: Illegal access: this web application instance has been stopped already. Could not load []. The following stack trace is thrown for debugging purposes as well as to attempt to terminate the thread which caused the illegal access.
		at org.apache.catalina.loader.WebappClassLoaderBase.checkStateForResourceLoading(WebappClassLoaderBase.java:1385)
		at org.apache.catalina.loader.WebappClassLoaderBase.getResource(WebappClassLoaderBase.java:1038)
		at com.mysql.jdbc.AbandonedConnectionCleanupThread.checkThreadContextClassLoader(AbandonedConnectionCleanupThread.java:112)
		at com.mysql.jdbc.AbandonedConnectionCleanupThread.run(AbandonedConnectionCleanupThread.java:79)
		at java.util.concurrent.ThreadPoolExecutor.runWorker(ThreadPoolExecutor.java:1149)
		at java.util.concurrent.ThreadPoolExecutor$Worker.run(ThreadPoolExecutor.java:624)
		at java.lang.Thread.run(Thread.java:748)
27-Dec-2020 12:34:25.954 INFO [Thread-4] org.apache.coyote.AbstractProtocol.pause Pausing ProtocolHandler ["http-nio-8080"]
27-Dec-2020 12:34:26.458 INFO [Thread-4] org.apache.catalina.core.StandardService.stopInternal Stopping service [Catalina]
27-Dec-2020 12:34:26.547 WARNING [Thread-4] org.apache.catalina.loader.WebappClassLoaderBase.clearReferencesThreads The web application [styleone] appears to have started a thread named [mysql-cj-abandoned-connection-cleanup] but has failed to stop it. This is very likely to create a memory leak. Stack trace of thread:
27-Dec-2020 12:34:26.723 INFO [Thread-4] org.apache.coyote.AbstractProtocol.stop Stopping ProtocolHandler ["http-nio-8080"]
27-Dec-2020 12:34:26.731 INFO [Thread-4] org.apache.coyote.AbstractProtocol.destroy Destroying ProtocolHandler ["http-nio-8080"]
27-Dec-2020 12:34:40.068 INFO [main] org.apache.catalina.startup.VersionLoggerListener.log Server version name:   Apache Tomcat/9.0.37
27-Dec-2020 12:34:40.091 INFO [main] org.apache.catalina.startup.VersionLoggerListener.log Server built:          Jun 30 2020 20:09:49 UTC
27-Dec-2020 12:34:40.092 INFO [main] org.apache.catalina.startup.VersionLoggerListener.log Server version number: 9.0.37.0
27-Dec-2020 12:34:40.095 INFO [main] org.apache.catalina.startup.VersionLoggerListener.log OS Name:               Windows 7
27-Dec-2020 12:34:40.096 INFO [main] org.apache.catalina.startup.VersionLoggerListener.log OS Version:            6.1
27-Dec-2020 12:34:40.096 INFO [main] org.apache.catalina.startup.VersionLoggerListener.log Architecture:          x86
27-Dec-2020 12:34:40.097 INFO [main] org.apache.catalina.startup.VersionLoggerListener.log Java Home:             c:\jdk1.8.0\jre
27-Dec-2020 12:34:40.098 INFO [main] org.apache.catalina.startup.VersionLoggerListener.log JVM Version:           1.8.0_251-b08
27-Dec-2020 12:34:40.098 INFO [main] org.apache.catalina.startup.VersionLoggerListener.log JVM Vendor:            Oracle Corporation
27-Dec-2020 12:34:40.099 INFO [main] org.apache.catalina.startup.VersionLoggerListener.log CATALINA_BASE:         C:\Study\JavaEE\tomcat9
27-Dec-2020 12:34:40.100 INFO [main] org.apache.catalina.startup.VersionLoggerListener.log CATALINA_HOME:         C:\Study\JavaEE\tomcat9
27-Dec-2020 12:34:40.165 INFO [main] org.apache.catalina.startup.VersionLoggerListener.log Command line argument: -Djava.util.logging.config.file=C:\Study\JavaEE\tomcat9\conf\logging.properties
27-Dec-2020 12:34:40.167 INFO [main] org.apache.catalina.startup.VersionLoggerListener.log Command line argument: -Djava.util.logging.manager=org.apache.juli.ClassLoaderLogManager
27-Dec-2020 12:34:40.171 INFO [main] org.apache.catalina.startup.VersionLoggerListener.log Command line argument: -Djdk.tls.ephemeralDHKeySize=2048
27-Dec-2020 12:34:40.174 INFO [main] org.apache.catalina.startup.VersionLoggerListener.log Command line argument: -Djava.protocol.handler.pkgs=org.apache.catalina.webresources
27-Dec-2020 12:34:40.176 INFO [main] org.apache.catalina.startup.VersionLoggerListener.log Command line argument: -Dignore.endorsed.dirs=
27-Dec-2020 12:34:40.178 INFO [main] org.apache.catalina.startup.VersionLoggerListener.log Command line argument: -Dcatalina.base=C:\Study\JavaEE\tomcat9
27-Dec-2020 12:34:40.180 INFO [main] org.apache.catalina.startup.VersionLoggerListener.log Command line argument: -Dcatalina.home=C:\Study\JavaEE\tomcat9
27-Dec-2020 12:34:40.182 INFO [main] org.apache.catalina.startup.VersionLoggerListener.log Command line argument: -Djava.io.tmpdir=C:\Study\JavaEE\tomcat9\temp
27-Dec-2020 12:34:40.184 INFO [main] org.apache.catalina.core.AprLifecycleListener.lifecycleEvent The Apache Tomcat Native library which allows using OpenSSL was not found on the java.library.path: [c:\jdk1.8.0\bin;C:\Windows\Sun\Java\bin;C:\Windows\system32;C:\Windows;C:\Program Files\Common Files\Oracle\Java\javapath;C:\ProgramData\Oracle\Java\javapath;C:\Program Files\Common Files\Microsoft Shared\Windows Live;C:\Windows\system32;C:\Windows;C:\Windows\System32\Wbem;C:\Windows\System32\WindowsPowerShell\v1.0\;C:\Program Files\Windows Live\Shared;C:\Program Files\TortoiseSVN\bin;C:\Program Files\PuTTY\;C:\Program Files\Git\cmd;C:\Program Files\Windows Kits\10\Windows Performance Toolkit\;C:\Program Files\Microsoft SQL Server\120\Tools\Binn\;C:\Program Files\dotnet\;C:\Users\esha\AppData\Local\Programs\Python\Python36-32\Scripts\;C:\Users\esha\AppData\Local\Programs\Python\Python36-32\;C:\Windows;C:\Windows\System32;C:\Program Files\Java\jre1.8.0_144\bin;C:\Users\esha\AppData\Local\Programs\Python\Python36-32;C:\jdk1.8.0\bin;C:\tc\BIN;C:\MinGW\bin;.]
27-Dec-2020 12:34:43.461 INFO [main] org.apache.coyote.AbstractProtocol.init Initializing ProtocolHandler ["http-nio-8080"]
27-Dec-2020 12:34:44.482 INFO [main] org.apache.catalina.startup.Catalina.load Server initialization in [6334] milliseconds
27-Dec-2020 12:34:44.742 INFO [main] org.apache.catalina.core.StandardService.startInternal Starting service [Catalina]
27-Dec-2020 12:34:44.743 INFO [main] org.apache.catalina.core.StandardEngine.startInternal Starting Servlet engine: [Apache Tomcat/9.0.37]
27-Dec-2020 12:34:44.776 INFO [main] org.apache.catalina.startup.HostConfig.deployDirectory Deploying web application directory [C:\Study\JavaEE\tomcat9\webapps\docs]
27-Dec-2020 12:34:46.579 INFO [main] org.apache.jasper.servlet.TldScanner.scanJars At least one JAR was scanned for TLDs yet contained no TLDs. Enable debug logging for this logger for a complete list of JARs that were scanned but no TLDs were found in them. Skipping unneeded JARs during scanning can improve startup time and JSP compilation time.
27-Dec-2020 12:34:46.887 INFO [main] org.apache.catalina.startup.HostConfig.deployDirectory Deployment of web application directory [C:\Study\JavaEE\tomcat9\webapps\docs] has finished in [2,090] ms
27-Dec-2020 12:34:46.891 INFO [main] org.apache.catalina.startup.HostConfig.deployDirectory Deploying web application directory [C:\Study\JavaEE\tomcat9\webapps\examples]
27-Dec-2020 12:34:50.283 INFO [main] org.apache.jasper.servlet.TldScanner.scanJars At least one JAR was scanned for TLDs yet contained no TLDs. Enable debug logging for this logger for a complete list of JARs that were scanned but no TLDs were found in them. Skipping unneeded JARs during scanning can improve startup time and JSP compilation time.
27-Dec-2020 12:34:50.555 INFO [main] org.apache.catalina.startup.HostConfig.deployDirectory Deployment of web application directory [C:\Study\JavaEE\tomcat9\webapps\examples] has finished in [3,664] ms
27-Dec-2020 12:34:50.559 INFO [main] org.apache.catalina.startup.HostConfig.deployDirectory Deploying web application directory [C:\Study\JavaEE\tomcat9\webapps\five]
27-Dec-2020 12:34:51.421 INFO [main] org.apache.jasper.servlet.TldScanner.scanJars At least one JAR was scanned for TLDs yet contained no TLDs. Enable debug logging for this logger for a complete list of JARs that were scanned but no TLDs were found in them. Skipping unneeded JARs during scanning can improve startup time and JSP compilation time.
27-Dec-2020 12:34:51.433 INFO [main] org.apache.catalina.startup.HostConfig.deployDirectory Deployment of web application directory [C:\Study\JavaEE\tomcat9\webapps\five] has finished in [874] ms
27-Dec-2020 12:34:51.437 INFO [main] org.apache.catalina.startup.HostConfig.deployDirectory Deploying web application directory [C:\Study\JavaEE\tomcat9\webapps\four]
27-Dec-2020 12:34:52.102 INFO [main] org.apache.jasper.servlet.TldScanner.scanJars At least one JAR was scanned for TLDs yet contained no TLDs. Enable debug logging for this logger for a complete list of JARs that were scanned but no TLDs were found in them. Skipping unneeded JARs during scanning can improve startup time and JSP compilation time.
27-Dec-2020 12:34:52.110 INFO [main] org.apache.catalina.startup.HostConfig.deployDirectory Deployment of web application directory [C:\Study\JavaEE\tomcat9\webapps\four] has finished in [673] ms
27-Dec-2020 12:34:52.112 INFO [main] org.apache.catalina.startup.HostConfig.deployDirectory Deploying web application directory [C:\Study\JavaEE\tomcat9\webapps\host-manager]
27-Dec-2020 12:34:52.741 INFO [main] org.apache.jasper.servlet.TldScanner.scanJars At least one JAR was scanned for TLDs yet contained no TLDs. Enable debug logging for this logger for a complete list of JARs that were scanned but no TLDs were found in them. Skipping unneeded JARs during scanning can improve startup time and JSP compilation time.
27-Dec-2020 12:34:52.757 INFO [main] org.apache.catalina.startup.HostConfig.deployDirectory Deployment of web application directory [C:\Study\JavaEE\tomcat9\webapps\host-manager] has finished in [645] ms
27-Dec-2020 12:34:52.759 INFO [main] org.apache.catalina.startup.HostConfig.deployDirectory Deploying web application directory [C:\Study\JavaEE\tomcat9\webapps\manager]
27-Dec-2020 12:34:53.430 INFO [main] org.apache.jasper.servlet.TldScanner.scanJars At least one JAR was scanned for TLDs yet contained no TLDs. Enable debug logging for this logger for a complete list of JARs that were scanned but no TLDs were found in them. Skipping unneeded JARs during scanning can improve startup time and JSP compilation time.
27-Dec-2020 12:34:53.440 INFO [main] org.apache.catalina.startup.HostConfig.deployDirectory Deployment of web application directory [C:\Study\JavaEE\tomcat9\webapps\manager] has finished in [680] ms
27-Dec-2020 12:34:53.441 INFO [main] org.apache.catalina.startup.HostConfig.deployDirectory Deploying web application directory [C:\Study\JavaEE\tomcat9\webapps\one]
27-Dec-2020 12:34:53.984 INFO [main] org.apache.jasper.servlet.TldScanner.scanJars At least one JAR was scanned for TLDs yet contained no TLDs. Enable debug logging for this logger for a complete list of JARs that were scanned but no TLDs were found in them. Skipping unneeded JARs during scanning can improve startup time and JSP compilation time.
27-Dec-2020 12:34:53.992 INFO [main] org.apache.catalina.startup.HostConfig.deployDirectory Deployment of web application directory [C:\Study\JavaEE\tomcat9\webapps\one] has finished in [550] ms
27-Dec-2020 12:34:53.995 INFO [main] org.apache.catalina.startup.HostConfig.deployDirectory Deploying web application directory [C:\Study\JavaEE\tomcat9\webapps\ROOT]
27-Dec-2020 12:34:54.468 INFO [main] org.apache.jasper.servlet.TldScanner.scanJars At least one JAR was scanned for TLDs yet contained no TLDs. Enable debug logging for this logger for a complete list of JARs that were scanned but no TLDs were found in them. Skipping unneeded JARs during scanning can improve startup time and JSP compilation time.
27-Dec-2020 12:34:54.476 INFO [main] org.apache.catalina.startup.HostConfig.deployDirectory Deployment of web application directory [C:\Study\JavaEE\tomcat9\webapps\ROOT] has finished in [480] ms
27-Dec-2020 12:34:54.477 INFO [main] org.apache.catalina.startup.HostConfig.deployDirectory Deploying web application directory [C:\Study\JavaEE\tomcat9\webapps\styleone]
27-Dec-2020 12:34:55.464 INFO [main] org.apache.jasper.servlet.TldScanner.scanJars At least one JAR was scanned for TLDs yet contained no TLDs. Enable debug logging for this logger for a complete list of JARs that were scanned but no TLDs were found in them. Skipping unneeded JARs during scanning can improve startup time and JSP compilation time.
27-Dec-2020 12:34:55.471 INFO [main] org.apache.catalina.startup.HostConfig.deployDirectory Deployment of web application directory [C:\Study\JavaEE\tomcat9\webapps\styleone] has finished in [993] ms
27-Dec-2020 12:34:55.474 INFO [main] org.apache.catalina.startup.HostConfig.deployDirectory Deploying web application directory [C:\Study\JavaEE\tomcat9\webapps\three]
27-Dec-2020 12:34:56.118 INFO [main] org.apache.jasper.servlet.TldScanner.scanJars At least one JAR was scanned for TLDs yet contained no TLDs. Enable debug logging for this logger for a complete list of JARs that were scanned but no TLDs were found in them. Skipping unneeded JARs during scanning can improve startup time and JSP compilation time.
27-Dec-2020 12:34:56.130 INFO [main] org.apache.catalina.startup.HostConfig.deployDirectory Deployment of web application directory [C:\Study\JavaEE\tomcat9\webapps\three] has finished in [655] ms
27-Dec-2020 12:34:56.153 INFO [main] org.apache.catalina.startup.HostConfig.deployDirectory Deploying web application directory [C:\Study\JavaEE\tomcat9\webapps\two]
27-Dec-2020 12:34:56.657 INFO [main] org.apache.jasper.servlet.TldScanner.scanJars At least one JAR was scanned for TLDs yet contained no TLDs. Enable debug logging for this logger for a complete list of JARs that were scanned but no TLDs were found in them. Skipping unneeded JARs during scanning can improve startup time and JSP compilation time.
27-Dec-2020 12:34:56.665 INFO [main] org.apache.catalina.startup.HostConfig.deployDirectory Deployment of web application directory [C:\Study\JavaEE\tomcat9\webapps\two] has finished in [511] ms
27-Dec-2020 12:34:56.675 INFO [main] org.apache.coyote.AbstractProtocol.start Starting ProtocolHandler ["http-nio-8080"]
27-Dec-2020 12:34:56.718 INFO [main] org.apache.catalina.startup.Catalina.start Server startup in [12234] milliseconds
27-Dec-2020 12:57:40.775 INFO [Thread-4] org.apache.coyote.AbstractProtocol.pause Pausing ProtocolHandler ["http-nio-8080"]
27-Dec-2020 12:57:41.136 INFO [Thread-4] org.apache.catalina.core.StandardService.stopInternal Stopping service [Catalina]
27-Dec-2020 12:57:41.283 WARNING [Thread-4] org.apache.catalina.loader.WebappClassLoaderBase.clearReferencesJdbc The web application [styleone] registered the JDBC driver [com.mysql.jdbc.Driver] but failed to unregister it when the web application was stopped. To prevent a memory leak, the JDBC Driver has been forcibly unregistered.
27-Dec-2020 12:57:41.285 WARNING [Thread-4] org.apache.catalina.loader.WebappClassLoaderBase.clearReferencesJdbc The web application [styleone] registered the JDBC driver [com.mysql.fabric.jdbc.FabricMySQLDriver] but failed to unregister it when the web application was stopped. To prevent a memory leak, the JDBC Driver has been forcibly unregistered.
27-Dec-2020 12:57:41.287 WARNING [Thread-4] org.apache.catalina.loader.WebappClassLoaderBase.clearReferencesThreads The web application [styleone] appears to have started a thread named [mysql-cj-abandoned-connection-cleanup] but has failed to stop it. This is very likely to create a memory leak. Stack trace of thread:
 java.lang.Object.wait(Native Method)
 java.lang.ref.ReferenceQueue.remove(ReferenceQueue.java:144)
 com.mysql.jdbc.AbandonedConnectionCleanupThread.run(AbandonedConnectionCleanupThread.java:80)
 java.util.concurrent.ThreadPoolExecutor.runWorker(ThreadPoolExecutor.java:1149)
 java.util.concurrent.ThreadPoolExecutor$Worker.run(ThreadPoolExecutor.java:624)
 java.lang.Thread.run(Thread.java:748)
27-Dec-2020 12:57:41.483 INFO [Thread-4] org.apache.coyote.AbstractProtocol.stop Stopping ProtocolHandler ["http-nio-8080"]
27-Dec-2020 12:57:41.487 INFO [Thread-4] org.apache.coyote.AbstractProtocol.destroy Destroying ProtocolHandler ["http-nio-8080"]
