20-Dec-2020 15:30:07.953 INFO [main] org.apache.catalina.startup.VersionLoggerListener.log Server version name:   Apache Tomcat/9.0.37
20-Dec-2020 15:30:08.030 INFO [main] org.apache.catalina.startup.VersionLoggerListener.log Server built:          Jun 30 2020 20:09:49 UTC
20-Dec-2020 15:30:08.031 INFO [main] org.apache.catalina.startup.VersionLoggerListener.log Server version number: 9.0.37.0
20-Dec-2020 15:30:08.031 INFO [main] org.apache.catalina.startup.VersionLoggerListener.log OS Name:               Windows 7
20-Dec-2020 15:30:08.032 INFO [main] org.apache.catalina.startup.VersionLoggerListener.log OS Version:            6.1
20-Dec-2020 15:30:08.033 INFO [main] org.apache.catalina.startup.VersionLoggerListener.log Architecture:          x86
20-Dec-2020 15:30:08.034 INFO [main] org.apache.catalina.startup.VersionLoggerListener.log Java Home:             c:\jdk1.8.0\jre
20-Dec-2020 15:30:08.034 INFO [main] org.apache.catalina.startup.VersionLoggerListener.log JVM Version:           1.8.0_251-b08
20-Dec-2020 15:30:08.035 INFO [main] org.apache.catalina.startup.VersionLoggerListener.log JVM Vendor:            Oracle Corporation
20-Dec-2020 15:30:08.036 INFO [main] org.apache.catalina.startup.VersionLoggerListener.log CATALINA_BASE:         C:\Study\JavaEE\tomcat9
20-Dec-2020 15:30:08.036 INFO [main] org.apache.catalina.startup.VersionLoggerListener.log CATALINA_HOME:         C:\Study\JavaEE\tomcat9
20-Dec-2020 15:30:08.128 INFO [main] org.apache.catalina.startup.VersionLoggerListener.log Command line argument: -Djava.util.logging.config.file=C:\Study\JavaEE\tomcat9\conf\logging.properties
20-Dec-2020 15:30:08.128 INFO [main] org.apache.catalina.startup.VersionLoggerListener.log Command line argument: -Djava.util.logging.manager=org.apache.juli.ClassLoaderLogManager
20-Dec-2020 15:30:08.131 INFO [main] org.apache.catalina.startup.VersionLoggerListener.log Command line argument: -Djdk.tls.ephemeralDHKeySize=2048
20-Dec-2020 15:30:08.131 INFO [main] org.apache.catalina.startup.VersionLoggerListener.log Command line argument: -Djava.protocol.handler.pkgs=org.apache.catalina.webresources
20-Dec-2020 15:30:08.132 INFO [main] org.apache.catalina.startup.VersionLoggerListener.log Command line argument: -Dignore.endorsed.dirs=
20-Dec-2020 15:30:08.133 INFO [main] org.apache.catalina.startup.VersionLoggerListener.log Command line argument: -Dcatalina.base=C:\Study\JavaEE\tomcat9
20-Dec-2020 15:30:08.133 INFO [main] org.apache.catalina.startup.VersionLoggerListener.log Command line argument: -Dcatalina.home=C:\Study\JavaEE\tomcat9
20-Dec-2020 15:30:08.134 INFO [main] org.apache.catalina.startup.VersionLoggerListener.log Command line argument: -Djava.io.tmpdir=C:\Study\JavaEE\tomcat9\temp
20-Dec-2020 15:30:08.135 INFO [main] org.apache.catalina.core.AprLifecycleListener.lifecycleEvent The Apache Tomcat Native library which allows using OpenSSL was not found on the java.library.path: [c:\jdk1.8.0\bin;C:\Windows\Sun\Java\bin;C:\Windows\system32;C:\Windows;C:\Program Files\Common Files\Oracle\Java\javapath;C:\ProgramData\Oracle\Java\javapath;C:\Program Files\Common Files\Microsoft Shared\Windows Live;C:\Windows\system32;C:\Windows;C:\Windows\System32\Wbem;C:\Windows\System32\WindowsPowerShell\v1.0\;C:\Program Files\Windows Live\Shared;C:\Program Files\TortoiseSVN\bin;C:\Program Files\PuTTY\;C:\Program Files\Git\cmd;C:\Program Files\Windows Kits\10\Windows Performance Toolkit\;C:\Program Files\Microsoft SQL Server\120\Tools\Binn\;C:\Program Files\dotnet\;C:\Users\esha\AppData\Local\Programs\Python\Python36-32\Scripts\;C:\Users\esha\AppData\Local\Programs\Python\Python36-32\;C:\Windows;C:\Windows\System32;C:\Program Files\Java\jre1.8.0_144\bin;C:\Users\esha\AppData\Local\Programs\Python\Python36-32;C:\jdk1.8.0\bin;C:\tc\BIN;C:\MinGW\bin;.]
20-Dec-2020 15:30:11.176 INFO [main] org.apache.coyote.AbstractProtocol.init Initializing ProtocolHandler ["http-nio-8080"]
20-Dec-2020 15:30:12.102 INFO [main] org.apache.catalina.startup.Catalina.load Server initialization in [6535] milliseconds
20-Dec-2020 15:30:12.327 INFO [main] org.apache.catalina.core.StandardService.startInternal Starting service [Catalina]
20-Dec-2020 15:30:12.328 INFO [main] org.apache.catalina.core.StandardEngine.startInternal Starting Servlet engine: [Apache Tomcat/9.0.37]
20-Dec-2020 15:30:12.358 INFO [main] org.apache.catalina.startup.HostConfig.deployDirectory Deploying web application directory [C:\Study\JavaEE\tomcat9\webapps\docs]
20-Dec-2020 15:30:14.099 INFO [main] org.apache.jasper.servlet.TldScanner.scanJars At least one JAR was scanned for TLDs yet contained no TLDs. Enable debug logging for this logger for a complete list of JARs that were scanned but no TLDs were found in them. Skipping unneeded JARs during scanning can improve startup time and JSP compilation time.
20-Dec-2020 15:30:14.351 INFO [main] org.apache.catalina.startup.HostConfig.deployDirectory Deployment of web application directory [C:\Study\JavaEE\tomcat9\webapps\docs] has finished in [1,981] ms
20-Dec-2020 15:30:14.353 INFO [main] org.apache.catalina.startup.HostConfig.deployDirectory Deploying web application directory [C:\Study\JavaEE\tomcat9\webapps\examples]
20-Dec-2020 15:30:17.628 INFO [main] org.apache.jasper.servlet.TldScanner.scanJars At least one JAR was scanned for TLDs yet contained no TLDs. Enable debug logging for this logger for a complete list of JARs that were scanned but no TLDs were found in them. Skipping unneeded JARs during scanning can improve startup time and JSP compilation time.
20-Dec-2020 15:30:17.785 INFO [main] org.apache.catalina.startup.HostConfig.deployDirectory Deployment of web application directory [C:\Study\JavaEE\tomcat9\webapps\examples] has finished in [3,432] ms
20-Dec-2020 15:30:17.787 INFO [main] org.apache.catalina.startup.HostConfig.deployDirectory Deploying web application directory [C:\Study\JavaEE\tomcat9\webapps\five]
20-Dec-2020 15:30:18.398 INFO [main] org.apache.jasper.servlet.TldScanner.scanJars At least one JAR was scanned for TLDs yet contained no TLDs. Enable debug logging for this logger for a complete list of JARs that were scanned but no TLDs were found in them. Skipping unneeded JARs during scanning can improve startup time and JSP compilation time.
20-Dec-2020 15:30:18.406 INFO [main] org.apache.catalina.startup.HostConfig.deployDirectory Deployment of web application directory [C:\Study\JavaEE\tomcat9\webapps\five] has finished in [619] ms
20-Dec-2020 15:30:18.408 INFO [main] org.apache.catalina.startup.HostConfig.deployDirectory Deploying web application directory [C:\Study\JavaEE\tomcat9\webapps\four]
20-Dec-2020 15:30:18.983 INFO [main] org.apache.jasper.servlet.TldScanner.scanJars At least one JAR was scanned for TLDs yet contained no TLDs. Enable debug logging for this logger for a complete list of JARs that were scanned but no TLDs were found in them. Skipping unneeded JARs during scanning can improve startup time and JSP compilation time.
20-Dec-2020 15:30:18.990 INFO [main] org.apache.catalina.startup.HostConfig.deployDirectory Deployment of web application directory [C:\Study\JavaEE\tomcat9\webapps\four] has finished in [581] ms
20-Dec-2020 15:30:18.992 INFO [main] org.apache.catalina.startup.HostConfig.deployDirectory Deploying web application directory [C:\Study\JavaEE\tomcat9\webapps\host-manager]
20-Dec-2020 15:30:19.724 INFO [main] org.apache.jasper.servlet.TldScanner.scanJars At least one JAR was scanned for TLDs yet contained no TLDs. Enable debug logging for this logger for a complete list of JARs that were scanned but no TLDs were found in them. Skipping unneeded JARs during scanning can improve startup time and JSP compilation time.
20-Dec-2020 15:30:19.809 INFO [main] org.apache.catalina.startup.HostConfig.deployDirectory Deployment of web application directory [C:\Study\JavaEE\tomcat9\webapps\host-manager] has finished in [817] ms
20-Dec-2020 15:30:19.811 INFO [main] org.apache.catalina.startup.HostConfig.deployDirectory Deploying web application directory [C:\Study\JavaEE\tomcat9\webapps\manager]
20-Dec-2020 15:30:20.281 INFO [main] org.apache.jasper.servlet.TldScanner.scanJars At least one JAR was scanned for TLDs yet contained no TLDs. Enable debug logging for this logger for a complete list of JARs that were scanned but no TLDs were found in them. Skipping unneeded JARs during scanning can improve startup time and JSP compilation time.
20-Dec-2020 15:30:20.287 INFO [main] org.apache.catalina.startup.HostConfig.deployDirectory Deployment of web application directory [C:\Study\JavaEE\tomcat9\webapps\manager] has finished in [477] ms
20-Dec-2020 15:30:20.289 INFO [main] org.apache.catalina.startup.HostConfig.deployDirectory Deploying web application directory [C:\Study\JavaEE\tomcat9\webapps\one]
20-Dec-2020 15:30:20.792 INFO [main] org.apache.jasper.servlet.TldScanner.scanJars At least one JAR was scanned for TLDs yet contained no TLDs. Enable debug logging for this logger for a complete list of JARs that were scanned but no TLDs were found in them. Skipping unneeded JARs during scanning can improve startup time and JSP compilation time.
20-Dec-2020 15:30:20.798 INFO [main] org.apache.catalina.startup.HostConfig.deployDirectory Deployment of web application directory [C:\Study\JavaEE\tomcat9\webapps\one] has finished in [509] ms
20-Dec-2020 15:30:20.800 INFO [main] org.apache.catalina.startup.HostConfig.deployDirectory Deploying web application directory [C:\Study\JavaEE\tomcat9\webapps\ROOT]
20-Dec-2020 15:30:21.252 INFO [main] org.apache.jasper.servlet.TldScanner.scanJars At least one JAR was scanned for TLDs yet contained no TLDs. Enable debug logging for this logger for a complete list of JARs that were scanned but no TLDs were found in them. Skipping unneeded JARs during scanning can improve startup time and JSP compilation time.
20-Dec-2020 15:30:21.259 INFO [main] org.apache.catalina.startup.HostConfig.deployDirectory Deployment of web application directory [C:\Study\JavaEE\tomcat9\webapps\ROOT] has finished in [459] ms
20-Dec-2020 15:30:21.261 INFO [main] org.apache.catalina.startup.HostConfig.deployDirectory Deploying web application directory [C:\Study\JavaEE\tomcat9\webapps\styleone]
20-Dec-2020 15:30:22.665 INFO [main] org.apache.jasper.servlet.TldScanner.scanJars At least one JAR was scanned for TLDs yet contained no TLDs. Enable debug logging for this logger for a complete list of JARs that were scanned but no TLDs were found in them. Skipping unneeded JARs during scanning can improve startup time and JSP compilation time.
20-Dec-2020 15:30:22.672 INFO [main] org.apache.catalina.startup.HostConfig.deployDirectory Deployment of web application directory [C:\Study\JavaEE\tomcat9\webapps\styleone] has finished in [1,412] ms
20-Dec-2020 15:30:22.675 INFO [main] org.apache.catalina.startup.HostConfig.deployDirectory Deploying web application directory [C:\Study\JavaEE\tomcat9\webapps\three]
20-Dec-2020 15:30:23.301 INFO [main] org.apache.jasper.servlet.TldScanner.scanJars At least one JAR was scanned for TLDs yet contained no TLDs. Enable debug logging for this logger for a complete list of JARs that were scanned but no TLDs were found in them. Skipping unneeded JARs during scanning can improve startup time and JSP compilation time.
20-Dec-2020 15:30:23.307 INFO [main] org.apache.catalina.startup.HostConfig.deployDirectory Deployment of web application directory [C:\Study\JavaEE\tomcat9\webapps\three] has finished in [632] ms
20-Dec-2020 15:30:23.310 INFO [main] org.apache.catalina.startup.HostConfig.deployDirectory Deploying web application directory [C:\Study\JavaEE\tomcat9\webapps\two]
20-Dec-2020 15:30:23.871 INFO [main] org.apache.jasper.servlet.TldScanner.scanJars At least one JAR was scanned for TLDs yet contained no TLDs. Enable debug logging for this logger for a complete list of JARs that were scanned but no TLDs were found in them. Skipping unneeded JARs during scanning can improve startup time and JSP compilation time.
20-Dec-2020 15:30:23.876 INFO [main] org.apache.catalina.startup.HostConfig.deployDirectory Deployment of web application directory [C:\Study\JavaEE\tomcat9\webapps\two] has finished in [567] ms
20-Dec-2020 15:30:23.889 INFO [main] org.apache.coyote.AbstractProtocol.start Starting ProtocolHandler ["http-nio-8080"]
20-Dec-2020 15:30:23.972 INFO [main] org.apache.catalina.startup.Catalina.start Server startup in [11869] milliseconds
