30-Nov-2020 14:38:47.969 INFO [main] org.apache.catalina.startup.VersionLoggerListener.log Server version name:   Apache Tomcat/9.0.37
30-Nov-2020 14:38:47.974 INFO [main] org.apache.catalina.startup.VersionLoggerListener.log Server built:          Jun 30 2020 20:09:49 UTC
30-Nov-2020 14:38:47.979 INFO [main] org.apache.catalina.startup.VersionLoggerListener.log Server version number: 9.0.37.0
30-Nov-2020 14:38:47.984 INFO [main] org.apache.catalina.startup.VersionLoggerListener.log OS Name:               Windows 7
30-Nov-2020 14:38:47.984 INFO [main] org.apache.catalina.startup.VersionLoggerListener.log OS Version:            6.1
30-Nov-2020 14:38:47.989 INFO [main] org.apache.catalina.startup.VersionLoggerListener.log Architecture:          x86
30-Nov-2020 14:38:47.989 INFO [main] org.apache.catalina.startup.VersionLoggerListener.log Java Home:             c:\jdk1.8.0\jre
30-Nov-2020 14:38:47.989 INFO [main] org.apache.catalina.startup.VersionLoggerListener.log JVM Version:           1.8.0_251-b08
30-Nov-2020 14:38:47.989 INFO [main] org.apache.catalina.startup.VersionLoggerListener.log JVM Vendor:            Oracle Corporation
30-Nov-2020 14:38:47.994 INFO [main] org.apache.catalina.startup.VersionLoggerListener.log CATALINA_BASE:         C:\Study\JavaEE\tomcat9
30-Nov-2020 14:38:47.994 INFO [main] org.apache.catalina.startup.VersionLoggerListener.log CATALINA_HOME:         C:\Study\JavaEE\tomcat9
30-Nov-2020 14:38:47.999 INFO [main] org.apache.catalina.startup.VersionLoggerListener.log Command line argument: -Djava.util.logging.config.file=C:\Study\JavaEE\tomcat9\conf\logging.properties
30-Nov-2020 14:38:48.004 INFO [main] org.apache.catalina.startup.VersionLoggerListener.log Command line argument: -Djava.util.logging.manager=org.apache.juli.ClassLoaderLogManager
30-Nov-2020 14:38:48.004 INFO [main] org.apache.catalina.startup.VersionLoggerListener.log Command line argument: -Djdk.tls.ephemeralDHKeySize=2048
30-Nov-2020 14:38:48.009 INFO [main] org.apache.catalina.startup.VersionLoggerListener.log Command line argument: -Djava.protocol.handler.pkgs=org.apache.catalina.webresources
30-Nov-2020 14:38:48.014 INFO [main] org.apache.catalina.startup.VersionLoggerListener.log Command line argument: -Dignore.endorsed.dirs=
30-Nov-2020 14:38:48.014 INFO [main] org.apache.catalina.startup.VersionLoggerListener.log Command line argument: -Dcatalina.base=C:\Study\JavaEE\tomcat9
30-Nov-2020 14:38:48.014 INFO [main] org.apache.catalina.startup.VersionLoggerListener.log Command line argument: -Dcatalina.home=C:\Study\JavaEE\tomcat9
30-Nov-2020 14:38:48.019 INFO [main] org.apache.catalina.startup.VersionLoggerListener.log Command line argument: -Djava.io.tmpdir=C:\Study\JavaEE\tomcat9\temp
30-Nov-2020 14:38:48.019 INFO [main] org.apache.catalina.core.AprLifecycleListener.lifecycleEvent The Apache Tomcat Native library which allows using OpenSSL was not found on the java.library.path: [c:\jdk1.8.0\bin;C:\Windows\Sun\Java\bin;C:\Windows\system32;C:\Windows;C:\Program Files\Common Files\Oracle\Java\javapath;C:\ProgramData\Oracle\Java\javapath;C:\Program Files\Common Files\Microsoft Shared\Windows Live;C:\Windows\system32;C:\Windows;C:\Windows\System32\Wbem;C:\Windows\System32\WindowsPowerShell\v1.0\;C:\Program Files\Windows Live\Shared;C:\Program Files\TortoiseSVN\bin;C:\Program Files\PuTTY\;C:\Program Files\Git\cmd;C:\Program Files\Windows Kits\10\Windows Performance Toolkit\;C:\Program Files\Microsoft SQL Server\120\Tools\Binn\;C:\Program Files\dotnet\;C:\Users\esha\AppData\Local\Programs\Python\Python36-32\Scripts\;C:\Users\esha\AppData\Local\Programs\Python\Python36-32\;C:\Windows;C:\Windows\System32;C:\Program Files\Java\jre1.8.0_144\bin;C:\Users\esha\AppData\Local\Programs\Python\Python36-32;C:\jdk1.8.0\bin;C:\tc\BIN;C:\MinGW\bin;.]
30-Nov-2020 14:38:49.099 INFO [main] org.apache.coyote.AbstractProtocol.init Initializing ProtocolHandler ["http-nio-8080"]
30-Nov-2020 14:38:49.684 INFO [main] org.apache.catalina.startup.Catalina.load Server initialization in [2414] milliseconds
30-Nov-2020 14:38:49.769 INFO [main] org.apache.catalina.core.StandardService.startInternal Starting service [Catalina]
30-Nov-2020 14:38:49.769 INFO [main] org.apache.catalina.core.StandardEngine.startInternal Starting Servlet engine: [Apache Tomcat/9.0.37]
30-Nov-2020 14:38:49.794 INFO [main] org.apache.catalina.startup.HostConfig.deployDirectory Deploying web application directory [C:\Study\JavaEE\tomcat9\webapps\docs]
30-Nov-2020 14:38:51.084 INFO [main] org.apache.jasper.servlet.TldScanner.scanJars At least one JAR was scanned for TLDs yet contained no TLDs. Enable debug logging for this logger for a complete list of JARs that were scanned but no TLDs were found in them. Skipping unneeded JARs during scanning can improve startup time and JSP compilation time.
30-Nov-2020 14:38:51.339 INFO [main] org.apache.catalina.startup.HostConfig.deployDirectory Deployment of web application directory [C:\Study\JavaEE\tomcat9\webapps\docs] has finished in [1,540] ms
30-Nov-2020 14:38:51.339 INFO [main] org.apache.catalina.startup.HostConfig.deployDirectory Deploying web application directory [C:\Study\JavaEE\tomcat9\webapps\examples]
30-Nov-2020 14:38:53.040 INFO [main] org.apache.jasper.servlet.TldScanner.scanJars At least one JAR was scanned for TLDs yet contained no TLDs. Enable debug logging for this logger for a complete list of JARs that were scanned but no TLDs were found in them. Skipping unneeded JARs during scanning can improve startup time and JSP compilation time.
30-Nov-2020 14:38:53.150 INFO [main] org.apache.catalina.startup.HostConfig.deployDirectory Deployment of web application directory [C:\Study\JavaEE\tomcat9\webapps\examples] has finished in [1,811] ms
30-Nov-2020 14:38:53.155 INFO [main] org.apache.catalina.startup.HostConfig.deployDirectory Deploying web application directory [C:\Study\JavaEE\tomcat9\webapps\five]
30-Nov-2020 14:38:53.640 INFO [main] org.apache.jasper.servlet.TldScanner.scanJars At least one JAR was scanned for TLDs yet contained no TLDs. Enable debug logging for this logger for a complete list of JARs that were scanned but no TLDs were found in them. Skipping unneeded JARs during scanning can improve startup time and JSP compilation time.
30-Nov-2020 14:38:53.650 INFO [main] org.apache.catalina.startup.HostConfig.deployDirectory Deployment of web application directory [C:\Study\JavaEE\tomcat9\webapps\five] has finished in [495] ms
30-Nov-2020 14:38:53.650 INFO [main] org.apache.catalina.startup.HostConfig.deployDirectory Deploying web application directory [C:\Study\JavaEE\tomcat9\webapps\four]
30-Nov-2020 14:38:54.085 INFO [main] org.apache.jasper.servlet.TldScanner.scanJars At least one JAR was scanned for TLDs yet contained no TLDs. Enable debug logging for this logger for a complete list of JARs that were scanned but no TLDs were found in them. Skipping unneeded JARs during scanning can improve startup time and JSP compilation time.
30-Nov-2020 14:38:54.095 INFO [main] org.apache.catalina.startup.HostConfig.deployDirectory Deployment of web application directory [C:\Study\JavaEE\tomcat9\webapps\four] has finished in [445] ms
30-Nov-2020 14:38:54.095 INFO [main] org.apache.catalina.startup.HostConfig.deployDirectory Deploying web application directory [C:\Study\JavaEE\tomcat9\webapps\host-manager]
30-Nov-2020 14:38:54.625 INFO [main] org.apache.jasper.servlet.TldScanner.scanJars At least one JAR was scanned for TLDs yet contained no TLDs. Enable debug logging for this logger for a complete list of JARs that were scanned but no TLDs were found in them. Skipping unneeded JARs during scanning can improve startup time and JSP compilation time.
30-Nov-2020 14:38:54.640 INFO [main] org.apache.catalina.startup.HostConfig.deployDirectory Deployment of web application directory [C:\Study\JavaEE\tomcat9\webapps\host-manager] has finished in [545] ms
30-Nov-2020 14:38:54.645 INFO [main] org.apache.catalina.startup.HostConfig.deployDirectory Deploying web application directory [C:\Study\JavaEE\tomcat9\webapps\manager]
30-Nov-2020 14:38:55.345 INFO [main] org.apache.jasper.servlet.TldScanner.scanJars At least one JAR was scanned for TLDs yet contained no TLDs. Enable debug logging for this logger for a complete list of JARs that were scanned but no TLDs were found in them. Skipping unneeded JARs during scanning can improve startup time and JSP compilation time.
30-Nov-2020 14:38:55.355 INFO [main] org.apache.catalina.startup.HostConfig.deployDirectory Deployment of web application directory [C:\Study\JavaEE\tomcat9\webapps\manager] has finished in [710] ms
30-Nov-2020 14:38:55.355 INFO [main] org.apache.catalina.startup.HostConfig.deployDirectory Deploying web application directory [C:\Study\JavaEE\tomcat9\webapps\one]
30-Nov-2020 14:38:55.875 INFO [main] org.apache.jasper.servlet.TldScanner.scanJars At least one JAR was scanned for TLDs yet contained no TLDs. Enable debug logging for this logger for a complete list of JARs that were scanned but no TLDs were found in them. Skipping unneeded JARs during scanning can improve startup time and JSP compilation time.
30-Nov-2020 14:38:55.885 INFO [main] org.apache.catalina.startup.HostConfig.deployDirectory Deployment of web application directory [C:\Study\JavaEE\tomcat9\webapps\one] has finished in [530] ms
30-Nov-2020 14:38:55.885 INFO [main] org.apache.catalina.startup.HostConfig.deployDirectory Deploying web application directory [C:\Study\JavaEE\tomcat9\webapps\ROOT]
30-Nov-2020 14:38:56.490 INFO [main] org.apache.jasper.servlet.TldScanner.scanJars At least one JAR was scanned for TLDs yet contained no TLDs. Enable debug logging for this logger for a complete list of JARs that were scanned but no TLDs were found in them. Skipping unneeded JARs during scanning can improve startup time and JSP compilation time.
30-Nov-2020 14:38:56.500 INFO [main] org.apache.catalina.startup.HostConfig.deployDirectory Deployment of web application directory [C:\Study\JavaEE\tomcat9\webapps\ROOT] has finished in [615] ms
30-Nov-2020 14:38:56.505 INFO [main] org.apache.catalina.startup.HostConfig.deployDirectory Deploying web application directory [C:\Study\JavaEE\tomcat9\webapps\styleone]
30-Nov-2020 14:38:57.091 INFO [main] org.apache.jasper.servlet.TldScanner.scanJars At least one JAR was scanned for TLDs yet contained no TLDs. Enable debug logging for this logger for a complete list of JARs that were scanned but no TLDs were found in them. Skipping unneeded JARs during scanning can improve startup time and JSP compilation time.
30-Nov-2020 14:38:57.096 INFO [main] org.apache.catalina.startup.HostConfig.deployDirectory Deployment of web application directory [C:\Study\JavaEE\tomcat9\webapps\styleone] has finished in [591] ms
30-Nov-2020 14:38:57.096 INFO [main] org.apache.catalina.startup.HostConfig.deployDirectory Deploying web application directory [C:\Study\JavaEE\tomcat9\webapps\three]
30-Nov-2020 14:38:57.636 INFO [main] org.apache.jasper.servlet.TldScanner.scanJars At least one JAR was scanned for TLDs yet contained no TLDs. Enable debug logging for this logger for a complete list of JARs that were scanned but no TLDs were found in them. Skipping unneeded JARs during scanning can improve startup time and JSP compilation time.
30-Nov-2020 14:38:57.646 INFO [main] org.apache.catalina.startup.HostConfig.deployDirectory Deployment of web application directory [C:\Study\JavaEE\tomcat9\webapps\three] has finished in [550] ms
30-Nov-2020 14:38:57.646 INFO [main] org.apache.catalina.startup.HostConfig.deployDirectory Deploying web application directory [C:\Study\JavaEE\tomcat9\webapps\two]
30-Nov-2020 14:38:58.121 INFO [main] org.apache.jasper.servlet.TldScanner.scanJars At least one JAR was scanned for TLDs yet contained no TLDs. Enable debug logging for this logger for a complete list of JARs that were scanned but no TLDs were found in them. Skipping unneeded JARs during scanning can improve startup time and JSP compilation time.
30-Nov-2020 14:38:58.131 INFO [main] org.apache.catalina.startup.HostConfig.deployDirectory Deployment of web application directory [C:\Study\JavaEE\tomcat9\webapps\two] has finished in [485] ms
30-Nov-2020 14:38:58.141 INFO [main] org.apache.coyote.AbstractProtocol.start Starting ProtocolHandler ["http-nio-8080"]
30-Nov-2020 14:38:58.171 INFO [main] org.apache.catalina.startup.Catalina.start Server startup in [8486] milliseconds
30-Nov-2020 14:40:41.413 INFO [Thread-4] org.apache.coyote.AbstractProtocol.pause Pausing ProtocolHandler ["http-nio-8080"]
30-Nov-2020 14:40:41.748 INFO [Thread-4] org.apache.catalina.core.StandardService.stopInternal Stopping service [Catalina]
30-Nov-2020 14:40:41.784 WARNING [Thread-4] org.apache.catalina.loader.WebappClassLoaderBase.clearReferencesJdbc The web application [styleone] registered the JDBC driver [com.mysql.jdbc.Driver] but failed to unregister it when the web application was stopped. To prevent a memory leak, the JDBC Driver has been forcibly unregistered.
30-Nov-2020 14:40:41.789 WARNING [Thread-4] org.apache.catalina.loader.WebappClassLoaderBase.clearReferencesJdbc The web application [styleone] registered the JDBC driver [com.mysql.fabric.jdbc.FabricMySQLDriver] but failed to unregister it when the web application was stopped. To prevent a memory leak, the JDBC Driver has been forcibly unregistered.
30-Nov-2020 14:40:41.789 WARNING [Thread-4] org.apache.catalina.loader.WebappClassLoaderBase.clearReferencesThreads The web application [styleone] appears to have started a thread named [mysql-cj-abandoned-connection-cleanup] but has failed to stop it. This is very likely to create a memory leak. Stack trace of thread:
 java.lang.Object.wait(Native Method)
 java.lang.ref.ReferenceQueue.remove(ReferenceQueue.java:144)
 com.mysql.jdbc.AbandonedConnectionCleanupThread.run(AbandonedConnectionCleanupThread.java:80)
 java.util.concurrent.ThreadPoolExecutor.runWorker(ThreadPoolExecutor.java:1149)
 java.util.concurrent.ThreadPoolExecutor$Worker.run(ThreadPoolExecutor.java:624)
 java.lang.Thread.run(Thread.java:748)
30-Nov-2020 14:40:41.859 INFO [Thread-4] org.apache.coyote.AbstractProtocol.stop Stopping ProtocolHandler ["http-nio-8080"]
30-Nov-2020 14:40:41.864 INFO [Thread-4] org.apache.coyote.AbstractProtocol.destroy Destroying ProtocolHandler ["http-nio-8080"]
30-Nov-2020 14:41:17.205 INFO [main] org.apache.catalina.startup.VersionLoggerListener.log Server version name:   Apache Tomcat/9.0.37
30-Nov-2020 14:41:17.215 INFO [main] org.apache.catalina.startup.VersionLoggerListener.log Server built:          Jun 30 2020 20:09:49 UTC
30-Nov-2020 14:41:17.215 INFO [main] org.apache.catalina.startup.VersionLoggerListener.log Server version number: 9.0.37.0
30-Nov-2020 14:41:17.215 INFO [main] org.apache.catalina.startup.VersionLoggerListener.log OS Name:               Windows 7
30-Nov-2020 14:41:17.215 INFO [main] org.apache.catalina.startup.VersionLoggerListener.log OS Version:            6.1
30-Nov-2020 14:41:17.215 INFO [main] org.apache.catalina.startup.VersionLoggerListener.log Architecture:          x86
30-Nov-2020 14:41:17.215 INFO [main] org.apache.catalina.startup.VersionLoggerListener.log Java Home:             c:\jdk1.8.0\jre
30-Nov-2020 14:41:17.215 INFO [main] org.apache.catalina.startup.VersionLoggerListener.log JVM Version:           1.8.0_251-b08
30-Nov-2020 14:41:17.215 INFO [main] org.apache.catalina.startup.VersionLoggerListener.log JVM Vendor:            Oracle Corporation
30-Nov-2020 14:41:17.215 INFO [main] org.apache.catalina.startup.VersionLoggerListener.log CATALINA_BASE:         C:\Study\JavaEE\tomcat9
30-Nov-2020 14:41:17.215 INFO [main] org.apache.catalina.startup.VersionLoggerListener.log CATALINA_HOME:         C:\Study\JavaEE\tomcat9
30-Nov-2020 14:41:17.220 INFO [main] org.apache.catalina.startup.VersionLoggerListener.log Command line argument: -Djava.util.logging.config.file=C:\Study\JavaEE\tomcat9\conf\logging.properties
30-Nov-2020 14:41:17.220 INFO [main] org.apache.catalina.startup.VersionLoggerListener.log Command line argument: -Djava.util.logging.manager=org.apache.juli.ClassLoaderLogManager
30-Nov-2020 14:41:17.225 INFO [main] org.apache.catalina.startup.VersionLoggerListener.log Command line argument: -Djdk.tls.ephemeralDHKeySize=2048
30-Nov-2020 14:41:17.225 INFO [main] org.apache.catalina.startup.VersionLoggerListener.log Command line argument: -Djava.protocol.handler.pkgs=org.apache.catalina.webresources
30-Nov-2020 14:41:17.230 INFO [main] org.apache.catalina.startup.VersionLoggerListener.log Command line argument: -Dignore.endorsed.dirs=
30-Nov-2020 14:41:17.230 INFO [main] org.apache.catalina.startup.VersionLoggerListener.log Command line argument: -Dcatalina.base=C:\Study\JavaEE\tomcat9
30-Nov-2020 14:41:17.230 INFO [main] org.apache.catalina.startup.VersionLoggerListener.log Command line argument: -Dcatalina.home=C:\Study\JavaEE\tomcat9
30-Nov-2020 14:41:17.235 INFO [main] org.apache.catalina.startup.VersionLoggerListener.log Command line argument: -Djava.io.tmpdir=C:\Study\JavaEE\tomcat9\temp
30-Nov-2020 14:41:17.235 INFO [main] org.apache.catalina.core.AprLifecycleListener.lifecycleEvent The Apache Tomcat Native library which allows using OpenSSL was not found on the java.library.path: [c:\jdk1.8.0\bin;C:\Windows\Sun\Java\bin;C:\Windows\system32;C:\Windows;C:\Program Files\Common Files\Oracle\Java\javapath;C:\ProgramData\Oracle\Java\javapath;C:\Program Files\Common Files\Microsoft Shared\Windows Live;C:\Windows\system32;C:\Windows;C:\Windows\System32\Wbem;C:\Windows\System32\WindowsPowerShell\v1.0\;C:\Program Files\Windows Live\Shared;C:\Program Files\TortoiseSVN\bin;C:\Program Files\PuTTY\;C:\Program Files\Git\cmd;C:\Program Files\Windows Kits\10\Windows Performance Toolkit\;C:\Program Files\Microsoft SQL Server\120\Tools\Binn\;C:\Program Files\dotnet\;C:\Users\esha\AppData\Local\Programs\Python\Python36-32\Scripts\;C:\Users\esha\AppData\Local\Programs\Python\Python36-32\;C:\Windows;C:\Windows\System32;C:\Program Files\Java\jre1.8.0_144\bin;C:\Users\esha\AppData\Local\Programs\Python\Python36-32;C:\jdk1.8.0\bin;C:\tc\BIN;C:\MinGW\bin;.]
30-Nov-2020 14:41:18.230 INFO [main] org.apache.coyote.AbstractProtocol.init Initializing ProtocolHandler ["http-nio-8080"]
30-Nov-2020 14:41:18.755 INFO [main] org.apache.catalina.startup.Catalina.load Server initialization in [2142] milliseconds
30-Nov-2020 14:41:18.830 INFO [main] org.apache.catalina.core.StandardService.startInternal Starting service [Catalina]
30-Nov-2020 14:41:18.830 INFO [main] org.apache.catalina.core.StandardEngine.startInternal Starting Servlet engine: [Apache Tomcat/9.0.37]
30-Nov-2020 14:41:18.855 INFO [main] org.apache.catalina.startup.HostConfig.deployDirectory Deploying web application directory [C:\Study\JavaEE\tomcat9\webapps\docs]
30-Nov-2020 14:41:19.841 INFO [main] org.apache.jasper.servlet.TldScanner.scanJars At least one JAR was scanned for TLDs yet contained no TLDs. Enable debug logging for this logger for a complete list of JARs that were scanned but no TLDs were found in them. Skipping unneeded JARs during scanning can improve startup time and JSP compilation time.
30-Nov-2020 14:41:19.976 INFO [main] org.apache.catalina.startup.HostConfig.deployDirectory Deployment of web application directory [C:\Study\JavaEE\tomcat9\webapps\docs] has finished in [1,121] ms
30-Nov-2020 14:41:19.981 INFO [main] org.apache.catalina.startup.HostConfig.deployDirectory Deploying web application directory [C:\Study\JavaEE\tomcat9\webapps\examples]
30-Nov-2020 14:41:20.991 INFO [main] org.apache.jasper.servlet.TldScanner.scanJars At least one JAR was scanned for TLDs yet contained no TLDs. Enable debug logging for this logger for a complete list of JARs that were scanned but no TLDs were found in them. Skipping unneeded JARs during scanning can improve startup time and JSP compilation time.
30-Nov-2020 14:41:21.096 INFO [main] org.apache.catalina.startup.HostConfig.deployDirectory Deployment of web application directory [C:\Study\JavaEE\tomcat9\webapps\examples] has finished in [1,115] ms
30-Nov-2020 14:41:21.096 INFO [main] org.apache.catalina.startup.HostConfig.deployDirectory Deploying web application directory [C:\Study\JavaEE\tomcat9\webapps\five]
30-Nov-2020 14:41:21.481 INFO [main] org.apache.jasper.servlet.TldScanner.scanJars At least one JAR was scanned for TLDs yet contained no TLDs. Enable debug logging for this logger for a complete list of JARs that were scanned but no TLDs were found in them. Skipping unneeded JARs during scanning can improve startup time and JSP compilation time.
30-Nov-2020 14:41:21.491 INFO [main] org.apache.catalina.startup.HostConfig.deployDirectory Deployment of web application directory [C:\Study\JavaEE\tomcat9\webapps\five] has finished in [395] ms
30-Nov-2020 14:41:21.491 INFO [main] org.apache.catalina.startup.HostConfig.deployDirectory Deploying web application directory [C:\Study\JavaEE\tomcat9\webapps\four]
30-Nov-2020 14:41:21.856 INFO [main] org.apache.jasper.servlet.TldScanner.scanJars At least one JAR was scanned for TLDs yet contained no TLDs. Enable debug logging for this logger for a complete list of JARs that were scanned but no TLDs were found in them. Skipping unneeded JARs during scanning can improve startup time and JSP compilation time.
30-Nov-2020 14:41:21.861 INFO [main] org.apache.catalina.startup.HostConfig.deployDirectory Deployment of web application directory [C:\Study\JavaEE\tomcat9\webapps\four] has finished in [370] ms
30-Nov-2020 14:41:21.861 INFO [main] org.apache.catalina.startup.HostConfig.deployDirectory Deploying web application directory [C:\Study\JavaEE\tomcat9\webapps\host-manager]
30-Nov-2020 14:41:22.221 INFO [main] org.apache.jasper.servlet.TldScanner.scanJars At least one JAR was scanned for TLDs yet contained no TLDs. Enable debug logging for this logger for a complete list of JARs that were scanned but no TLDs were found in them. Skipping unneeded JARs during scanning can improve startup time and JSP compilation time.
30-Nov-2020 14:41:22.231 INFO [main] org.apache.catalina.startup.HostConfig.deployDirectory Deployment of web application directory [C:\Study\JavaEE\tomcat9\webapps\host-manager] has finished in [370] ms
30-Nov-2020 14:41:22.231 INFO [main] org.apache.catalina.startup.HostConfig.deployDirectory Deploying web application directory [C:\Study\JavaEE\tomcat9\webapps\manager]
30-Nov-2020 14:41:22.632 INFO [main] org.apache.jasper.servlet.TldScanner.scanJars At least one JAR was scanned for TLDs yet contained no TLDs. Enable debug logging for this logger for a complete list of JARs that were scanned but no TLDs were found in them. Skipping unneeded JARs during scanning can improve startup time and JSP compilation time.
30-Nov-2020 14:41:22.637 INFO [main] org.apache.catalina.startup.HostConfig.deployDirectory Deployment of web application directory [C:\Study\JavaEE\tomcat9\webapps\manager] has finished in [406] ms
30-Nov-2020 14:41:22.637 INFO [main] org.apache.catalina.startup.HostConfig.deployDirectory Deploying web application directory [C:\Study\JavaEE\tomcat9\webapps\one]
30-Nov-2020 14:41:22.987 INFO [main] org.apache.jasper.servlet.TldScanner.scanJars At least one JAR was scanned for TLDs yet contained no TLDs. Enable debug logging for this logger for a complete list of JARs that were scanned but no TLDs were found in them. Skipping unneeded JARs during scanning can improve startup time and JSP compilation time.
30-Nov-2020 14:41:22.992 INFO [main] org.apache.catalina.startup.HostConfig.deployDirectory Deployment of web application directory [C:\Study\JavaEE\tomcat9\webapps\one] has finished in [355] ms
30-Nov-2020 14:41:22.992 INFO [main] org.apache.catalina.startup.HostConfig.deployDirectory Deploying web application directory [C:\Study\JavaEE\tomcat9\webapps\ROOT]
30-Nov-2020 14:41:23.317 INFO [main] org.apache.jasper.servlet.TldScanner.scanJars At least one JAR was scanned for TLDs yet contained no TLDs. Enable debug logging for this logger for a complete list of JARs that were scanned but no TLDs were found in them. Skipping unneeded JARs during scanning can improve startup time and JSP compilation time.
30-Nov-2020 14:41:23.322 INFO [main] org.apache.catalina.startup.HostConfig.deployDirectory Deployment of web application directory [C:\Study\JavaEE\tomcat9\webapps\ROOT] has finished in [330] ms
30-Nov-2020 14:41:23.327 INFO [main] org.apache.catalina.startup.HostConfig.deployDirectory Deploying web application directory [C:\Study\JavaEE\tomcat9\webapps\styleone]
30-Nov-2020 14:41:23.792 INFO [main] org.apache.jasper.servlet.TldScanner.scanJars At least one JAR was scanned for TLDs yet contained no TLDs. Enable debug logging for this logger for a complete list of JARs that were scanned but no TLDs were found in them. Skipping unneeded JARs during scanning can improve startup time and JSP compilation time.
30-Nov-2020 14:41:23.797 INFO [main] org.apache.catalina.startup.HostConfig.deployDirectory Deployment of web application directory [C:\Study\JavaEE\tomcat9\webapps\styleone] has finished in [475] ms
30-Nov-2020 14:41:23.797 INFO [main] org.apache.catalina.startup.HostConfig.deployDirectory Deploying web application directory [C:\Study\JavaEE\tomcat9\webapps\three]
30-Nov-2020 14:41:24.197 INFO [main] org.apache.jasper.servlet.TldScanner.scanJars At least one JAR was scanned for TLDs yet contained no TLDs. Enable debug logging for this logger for a complete list of JARs that were scanned but no TLDs were found in them. Skipping unneeded JARs during scanning can improve startup time and JSP compilation time.
30-Nov-2020 14:41:24.202 INFO [main] org.apache.catalina.startup.HostConfig.deployDirectory Deployment of web application directory [C:\Study\JavaEE\tomcat9\webapps\three] has finished in [405] ms
30-Nov-2020 14:41:24.207 INFO [main] org.apache.catalina.startup.HostConfig.deployDirectory Deploying web application directory [C:\Study\JavaEE\tomcat9\webapps\two]
30-Nov-2020 14:41:24.542 INFO [main] org.apache.jasper.servlet.TldScanner.scanJars At least one JAR was scanned for TLDs yet contained no TLDs. Enable debug logging for this logger for a complete list of JARs that were scanned but no TLDs were found in them. Skipping unneeded JARs during scanning can improve startup time and JSP compilation time.
30-Nov-2020 14:41:24.547 INFO [main] org.apache.catalina.startup.HostConfig.deployDirectory Deployment of web application directory [C:\Study\JavaEE\tomcat9\webapps\two] has finished in [340] ms
30-Nov-2020 14:41:24.557 INFO [main] org.apache.coyote.AbstractProtocol.start Starting ProtocolHandler ["http-nio-8080"]
30-Nov-2020 14:41:24.582 INFO [main] org.apache.catalina.startup.Catalina.start Server startup in [5823] milliseconds
30-Nov-2020 16:25:16.713 INFO [Thread-4] org.apache.coyote.AbstractProtocol.pause Pausing ProtocolHandler ["http-nio-8080"]
30-Nov-2020 16:25:17.068 INFO [Thread-4] org.apache.catalina.core.StandardService.stopInternal Stopping service [Catalina]
30-Nov-2020 16:25:17.119 WARNING [Thread-4] org.apache.catalina.loader.WebappClassLoaderBase.clearReferencesJdbc The web application [styleone] registered the JDBC driver [com.mysql.jdbc.Driver] but failed to unregister it when the web application was stopped. To prevent a memory leak, the JDBC Driver has been forcibly unregistered.
30-Nov-2020 16:25:17.119 WARNING [Thread-4] org.apache.catalina.loader.WebappClassLoaderBase.clearReferencesJdbc The web application [styleone] registered the JDBC driver [com.mysql.fabric.jdbc.FabricMySQLDriver] but failed to unregister it when the web application was stopped. To prevent a memory leak, the JDBC Driver has been forcibly unregistered.
30-Nov-2020 16:25:17.124 WARNING [Thread-4] org.apache.catalina.loader.WebappClassLoaderBase.clearReferencesThreads The web application [styleone] appears to have started a thread named [mysql-cj-abandoned-connection-cleanup] but has failed to stop it. This is very likely to create a memory leak. Stack trace of thread:
 java.lang.Object.wait(Native Method)
 java.lang.ref.ReferenceQueue.remove(ReferenceQueue.java:144)
 com.mysql.jdbc.AbandonedConnectionCleanupThread.run(AbandonedConnectionCleanupThread.java:80)
 java.util.concurrent.ThreadPoolExecutor.runWorker(ThreadPoolExecutor.java:1149)
 java.util.concurrent.ThreadPoolExecutor$Worker.run(ThreadPoolExecutor.java:624)
 java.lang.Thread.run(Thread.java:748)
30-Nov-2020 16:25:17.214 INFO [Thread-4] org.apache.coyote.AbstractProtocol.stop Stopping ProtocolHandler ["http-nio-8080"]
30-Nov-2020 16:25:17.219 INFO [Thread-4] org.apache.coyote.AbstractProtocol.destroy Destroying ProtocolHandler ["http-nio-8080"]
30-Nov-2020 16:25:22.973 INFO [main] org.apache.catalina.startup.VersionLoggerListener.log Server version name:   Apache Tomcat/9.0.37
30-Nov-2020 16:25:22.983 INFO [main] org.apache.catalina.startup.VersionLoggerListener.log Server built:          Jun 30 2020 20:09:49 UTC
30-Nov-2020 16:25:22.983 INFO [main] org.apache.catalina.startup.VersionLoggerListener.log Server version number: 9.0.37.0
30-Nov-2020 16:25:22.988 INFO [main] org.apache.catalina.startup.VersionLoggerListener.log OS Name:               Windows 7
30-Nov-2020 16:25:22.988 INFO [main] org.apache.catalina.startup.VersionLoggerListener.log OS Version:            6.1
30-Nov-2020 16:25:22.988 INFO [main] org.apache.catalina.startup.VersionLoggerListener.log Architecture:          x86
30-Nov-2020 16:25:22.988 INFO [main] org.apache.catalina.startup.VersionLoggerListener.log Java Home:             c:\jdk1.8.0\jre
30-Nov-2020 16:25:22.988 INFO [main] org.apache.catalina.startup.VersionLoggerListener.log JVM Version:           1.8.0_251-b08
30-Nov-2020 16:25:22.993 INFO [main] org.apache.catalina.startup.VersionLoggerListener.log JVM Vendor:            Oracle Corporation
30-Nov-2020 16:25:22.993 INFO [main] org.apache.catalina.startup.VersionLoggerListener.log CATALINA_BASE:         C:\Study\JavaEE\tomcat9
30-Nov-2020 16:25:22.993 INFO [main] org.apache.catalina.startup.VersionLoggerListener.log CATALINA_HOME:         C:\Study\JavaEE\tomcat9
30-Nov-2020 16:25:22.993 INFO [main] org.apache.catalina.startup.VersionLoggerListener.log Command line argument: -Djava.util.logging.config.file=C:\Study\JavaEE\tomcat9\conf\logging.properties
30-Nov-2020 16:25:22.993 INFO [main] org.apache.catalina.startup.VersionLoggerListener.log Command line argument: -Djava.util.logging.manager=org.apache.juli.ClassLoaderLogManager
30-Nov-2020 16:25:22.998 INFO [main] org.apache.catalina.startup.VersionLoggerListener.log Command line argument: -Djdk.tls.ephemeralDHKeySize=2048
30-Nov-2020 16:25:23.003 INFO [main] org.apache.catalina.startup.VersionLoggerListener.log Command line argument: -Djava.protocol.handler.pkgs=org.apache.catalina.webresources
30-Nov-2020 16:25:23.003 INFO [main] org.apache.catalina.startup.VersionLoggerListener.log Command line argument: -Dignore.endorsed.dirs=
30-Nov-2020 16:25:23.008 INFO [main] org.apache.catalina.startup.VersionLoggerListener.log Command line argument: -Dcatalina.base=C:\Study\JavaEE\tomcat9
30-Nov-2020 16:25:23.013 INFO [main] org.apache.catalina.startup.VersionLoggerListener.log Command line argument: -Dcatalina.home=C:\Study\JavaEE\tomcat9
30-Nov-2020 16:25:23.013 INFO [main] org.apache.catalina.startup.VersionLoggerListener.log Command line argument: -Djava.io.tmpdir=C:\Study\JavaEE\tomcat9\temp
30-Nov-2020 16:25:23.018 INFO [main] org.apache.catalina.core.AprLifecycleListener.lifecycleEvent The Apache Tomcat Native library which allows using OpenSSL was not found on the java.library.path: [c:\jdk1.8.0\bin;C:\Windows\Sun\Java\bin;C:\Windows\system32;C:\Windows;C:\Program Files\Common Files\Oracle\Java\javapath;C:\ProgramData\Oracle\Java\javapath;C:\Program Files\Common Files\Microsoft Shared\Windows Live;C:\Windows\system32;C:\Windows;C:\Windows\System32\Wbem;C:\Windows\System32\WindowsPowerShell\v1.0\;C:\Program Files\Windows Live\Shared;C:\Program Files\TortoiseSVN\bin;C:\Program Files\PuTTY\;C:\Program Files\Git\cmd;C:\Program Files\Windows Kits\10\Windows Performance Toolkit\;C:\Program Files\Microsoft SQL Server\120\Tools\Binn\;C:\Program Files\dotnet\;C:\Users\esha\AppData\Local\Programs\Python\Python36-32\Scripts\;C:\Users\esha\AppData\Local\Programs\Python\Python36-32\;C:\Windows;C:\Windows\System32;C:\Program Files\Java\jre1.8.0_144\bin;C:\Users\esha\AppData\Local\Programs\Python\Python36-32;C:\jdk1.8.0\bin;C:\tc\BIN;C:\MinGW\bin;.]
30-Nov-2020 16:25:24.467 INFO [main] org.apache.coyote.AbstractProtocol.init Initializing ProtocolHandler ["http-nio-8080"]
30-Nov-2020 16:25:25.184 INFO [main] org.apache.catalina.startup.Catalina.load Server initialization in [2963] milliseconds
30-Nov-2020 16:25:25.319 INFO [main] org.apache.catalina.core.StandardService.startInternal Starting service [Catalina]
30-Nov-2020 16:25:25.319 INFO [main] org.apache.catalina.core.StandardEngine.startInternal Starting Servlet engine: [Apache Tomcat/9.0.37]
30-Nov-2020 16:25:25.364 INFO [main] org.apache.catalina.startup.HostConfig.deployDirectory Deploying web application directory [C:\Study\JavaEE\tomcat9\webapps\docs]
30-Nov-2020 16:25:26.888 INFO [main] org.apache.jasper.servlet.TldScanner.scanJars At least one JAR was scanned for TLDs yet contained no TLDs. Enable debug logging for this logger for a complete list of JARs that were scanned but no TLDs were found in them. Skipping unneeded JARs during scanning can improve startup time and JSP compilation time.
30-Nov-2020 16:25:27.018 INFO [main] org.apache.catalina.startup.HostConfig.deployDirectory Deployment of web application directory [C:\Study\JavaEE\tomcat9\webapps\docs] has finished in [1,659] ms
30-Nov-2020 16:25:27.023 INFO [main] org.apache.catalina.startup.HostConfig.deployDirectory Deploying web application directory [C:\Study\JavaEE\tomcat9\webapps\examples]
30-Nov-2020 16:25:28.573 INFO [main] org.apache.jasper.servlet.TldScanner.scanJars At least one JAR was scanned for TLDs yet contained no TLDs. Enable debug logging for this logger for a complete list of JARs that were scanned but no TLDs were found in them. Skipping unneeded JARs during scanning can improve startup time and JSP compilation time.
30-Nov-2020 16:25:28.688 INFO [main] org.apache.catalina.startup.HostConfig.deployDirectory Deployment of web application directory [C:\Study\JavaEE\tomcat9\webapps\examples] has finished in [1,665] ms
30-Nov-2020 16:25:28.688 INFO [main] org.apache.catalina.startup.HostConfig.deployDirectory Deploying web application directory [C:\Study\JavaEE\tomcat9\webapps\five]
30-Nov-2020 16:25:29.208 INFO [main] org.apache.jasper.servlet.TldScanner.scanJars At least one JAR was scanned for TLDs yet contained no TLDs. Enable debug logging for this logger for a complete list of JARs that were scanned but no TLDs were found in them. Skipping unneeded JARs during scanning can improve startup time and JSP compilation time.
30-Nov-2020 16:25:29.218 INFO [main] org.apache.catalina.startup.HostConfig.deployDirectory Deployment of web application directory [C:\Study\JavaEE\tomcat9\webapps\five] has finished in [530] ms
30-Nov-2020 16:25:29.223 INFO [main] org.apache.catalina.startup.HostConfig.deployDirectory Deploying web application directory [C:\Study\JavaEE\tomcat9\webapps\four]
30-Nov-2020 16:25:29.837 INFO [main] org.apache.jasper.servlet.TldScanner.scanJars At least one JAR was scanned for TLDs yet contained no TLDs. Enable debug logging for this logger for a complete list of JARs that were scanned but no TLDs were found in them. Skipping unneeded JARs during scanning can improve startup time and JSP compilation time.
30-Nov-2020 16:25:29.842 INFO [main] org.apache.catalina.startup.HostConfig.deployDirectory Deployment of web application directory [C:\Study\JavaEE\tomcat9\webapps\four] has finished in [624] ms
30-Nov-2020 16:25:29.842 INFO [main] org.apache.catalina.startup.HostConfig.deployDirectory Deploying web application directory [C:\Study\JavaEE\tomcat9\webapps\host-manager]
30-Nov-2020 16:25:30.282 INFO [main] org.apache.jasper.servlet.TldScanner.scanJars At least one JAR was scanned for TLDs yet contained no TLDs. Enable debug logging for this logger for a complete list of JARs that were scanned but no TLDs were found in them. Skipping unneeded JARs during scanning can improve startup time and JSP compilation time.
30-Nov-2020 16:25:30.297 INFO [main] org.apache.catalina.startup.HostConfig.deployDirectory Deployment of web application directory [C:\Study\JavaEE\tomcat9\webapps\host-manager] has finished in [455] ms
30-Nov-2020 16:25:30.297 INFO [main] org.apache.catalina.startup.HostConfig.deployDirectory Deploying web application directory [C:\Study\JavaEE\tomcat9\webapps\manager]
30-Nov-2020 16:25:30.762 INFO [main] org.apache.jasper.servlet.TldScanner.scanJars At least one JAR was scanned for TLDs yet contained no TLDs. Enable debug logging for this logger for a complete list of JARs that were scanned but no TLDs were found in them. Skipping unneeded JARs during scanning can improve startup time and JSP compilation time.
30-Nov-2020 16:25:30.772 INFO [main] org.apache.catalina.startup.HostConfig.deployDirectory Deployment of web application directory [C:\Study\JavaEE\tomcat9\webapps\manager] has finished in [475] ms
30-Nov-2020 16:25:30.777 INFO [main] org.apache.catalina.startup.HostConfig.deployDirectory Deploying web application directory [C:\Study\JavaEE\tomcat9\webapps\one]
30-Nov-2020 16:25:31.217 INFO [main] org.apache.jasper.servlet.TldScanner.scanJars At least one JAR was scanned for TLDs yet contained no TLDs. Enable debug logging for this logger for a complete list of JARs that were scanned but no TLDs were found in them. Skipping unneeded JARs during scanning can improve startup time and JSP compilation time.
30-Nov-2020 16:25:31.227 INFO [main] org.apache.catalina.startup.HostConfig.deployDirectory Deployment of web application directory [C:\Study\JavaEE\tomcat9\webapps\one] has finished in [450] ms
30-Nov-2020 16:25:31.227 INFO [main] org.apache.catalina.startup.HostConfig.deployDirectory Deploying web application directory [C:\Study\JavaEE\tomcat9\webapps\ROOT]
30-Nov-2020 16:25:31.597 INFO [main] org.apache.jasper.servlet.TldScanner.scanJars At least one JAR was scanned for TLDs yet contained no TLDs. Enable debug logging for this logger for a complete list of JARs that were scanned but no TLDs were found in them. Skipping unneeded JARs during scanning can improve startup time and JSP compilation time.
30-Nov-2020 16:25:31.602 INFO [main] org.apache.catalina.startup.HostConfig.deployDirectory Deployment of web application directory [C:\Study\JavaEE\tomcat9\webapps\ROOT] has finished in [375] ms
30-Nov-2020 16:25:31.607 INFO [main] org.apache.catalina.startup.HostConfig.deployDirectory Deploying web application directory [C:\Study\JavaEE\tomcat9\webapps\styleone]
30-Nov-2020 16:25:32.183 INFO [main] org.apache.jasper.servlet.TldScanner.scanJars At least one JAR was scanned for TLDs yet contained no TLDs. Enable debug logging for this logger for a complete list of JARs that were scanned but no TLDs were found in them. Skipping unneeded JARs during scanning can improve startup time and JSP compilation time.
30-Nov-2020 16:25:32.188 INFO [main] org.apache.catalina.startup.HostConfig.deployDirectory Deployment of web application directory [C:\Study\JavaEE\tomcat9\webapps\styleone] has finished in [586] ms
30-Nov-2020 16:25:32.193 INFO [main] org.apache.catalina.startup.HostConfig.deployDirectory Deploying web application directory [C:\Study\JavaEE\tomcat9\webapps\three]
30-Nov-2020 16:25:32.633 INFO [main] org.apache.jasper.servlet.TldScanner.scanJars At least one JAR was scanned for TLDs yet contained no TLDs. Enable debug logging for this logger for a complete list of JARs that were scanned but no TLDs were found in them. Skipping unneeded JARs during scanning can improve startup time and JSP compilation time.
30-Nov-2020 16:25:32.643 INFO [main] org.apache.catalina.startup.HostConfig.deployDirectory Deployment of web application directory [C:\Study\JavaEE\tomcat9\webapps\three] has finished in [450] ms
30-Nov-2020 16:25:32.643 INFO [main] org.apache.catalina.startup.HostConfig.deployDirectory Deploying web application directory [C:\Study\JavaEE\tomcat9\webapps\two]
30-Nov-2020 16:25:33.018 INFO [main] org.apache.jasper.servlet.TldScanner.scanJars At least one JAR was scanned for TLDs yet contained no TLDs. Enable debug logging for this logger for a complete list of JARs that were scanned but no TLDs were found in them. Skipping unneeded JARs during scanning can improve startup time and JSP compilation time.
30-Nov-2020 16:25:33.028 INFO [main] org.apache.catalina.startup.HostConfig.deployDirectory Deployment of web application directory [C:\Study\JavaEE\tomcat9\webapps\two] has finished in [385] ms
30-Nov-2020 16:25:33.043 INFO [main] org.apache.coyote.AbstractProtocol.start Starting ProtocolHandler ["http-nio-8080"]
30-Nov-2020 16:25:33.098 INFO [main] org.apache.catalina.startup.Catalina.start Server startup in [7898] milliseconds
30-Nov-2020 17:12:04.068 INFO [Thread-4] org.apache.coyote.AbstractProtocol.pause Pausing ProtocolHandler ["http-nio-8080"]
30-Nov-2020 17:12:04.452 INFO [Thread-4] org.apache.catalina.core.StandardService.stopInternal Stopping service [Catalina]
30-Nov-2020 17:12:04.502 WARNING [Thread-4] org.apache.catalina.loader.WebappClassLoaderBase.clearReferencesJdbc The web application [styleone] registered the JDBC driver [com.mysql.jdbc.Driver] but failed to unregister it when the web application was stopped. To prevent a memory leak, the JDBC Driver has been forcibly unregistered.
30-Nov-2020 17:12:04.504 WARNING [Thread-4] org.apache.catalina.loader.WebappClassLoaderBase.clearReferencesJdbc The web application [styleone] registered the JDBC driver [com.mysql.fabric.jdbc.FabricMySQLDriver] but failed to unregister it when the web application was stopped. To prevent a memory leak, the JDBC Driver has been forcibly unregistered.
30-Nov-2020 17:12:04.507 WARNING [Thread-4] org.apache.catalina.loader.WebappClassLoaderBase.clearReferencesThreads The web application [styleone] appears to have started a thread named [mysql-cj-abandoned-connection-cleanup] but has failed to stop it. This is very likely to create a memory leak. Stack trace of thread:
 java.lang.Object.wait(Native Method)
 java.lang.ref.ReferenceQueue.remove(ReferenceQueue.java:144)
 com.mysql.jdbc.AbandonedConnectionCleanupThread.run(AbandonedConnectionCleanupThread.java:80)
 java.util.concurrent.ThreadPoolExecutor.runWorker(ThreadPoolExecutor.java:1149)
 java.util.concurrent.ThreadPoolExecutor$Worker.run(ThreadPoolExecutor.java:624)
 java.lang.Thread.run(Thread.java:748)
30-Nov-2020 17:12:04.588 INFO [Thread-4] org.apache.coyote.AbstractProtocol.stop Stopping ProtocolHandler ["http-nio-8080"]
30-Nov-2020 17:12:04.593 INFO [Thread-4] org.apache.coyote.AbstractProtocol.destroy Destroying ProtocolHandler ["http-nio-8080"]
30-Nov-2020 17:12:10.478 INFO [main] org.apache.catalina.startup.VersionLoggerListener.log Server version name:   Apache Tomcat/9.0.37
30-Nov-2020 17:12:10.489 INFO [main] org.apache.catalina.startup.VersionLoggerListener.log Server built:          Jun 30 2020 20:09:49 UTC
30-Nov-2020 17:12:10.490 INFO [main] org.apache.catalina.startup.VersionLoggerListener.log Server version number: 9.0.37.0
30-Nov-2020 17:12:10.491 INFO [main] org.apache.catalina.startup.VersionLoggerListener.log OS Name:               Windows 7
30-Nov-2020 17:12:10.491 INFO [main] org.apache.catalina.startup.VersionLoggerListener.log OS Version:            6.1
30-Nov-2020 17:12:10.492 INFO [main] org.apache.catalina.startup.VersionLoggerListener.log Architecture:          x86
30-Nov-2020 17:12:10.492 INFO [main] org.apache.catalina.startup.VersionLoggerListener.log Java Home:             c:\jdk1.8.0\jre
30-Nov-2020 17:12:10.493 INFO [main] org.apache.catalina.startup.VersionLoggerListener.log JVM Version:           1.8.0_251-b08
30-Nov-2020 17:12:10.494 INFO [main] org.apache.catalina.startup.VersionLoggerListener.log JVM Vendor:            Oracle Corporation
30-Nov-2020 17:12:10.495 INFO [main] org.apache.catalina.startup.VersionLoggerListener.log CATALINA_BASE:         C:\Study\JavaEE\tomcat9
30-Nov-2020 17:12:10.497 INFO [main] org.apache.catalina.startup.VersionLoggerListener.log CATALINA_HOME:         C:\Study\JavaEE\tomcat9
30-Nov-2020 17:12:10.499 INFO [main] org.apache.catalina.startup.VersionLoggerListener.log Command line argument: -Djava.util.logging.config.file=C:\Study\JavaEE\tomcat9\conf\logging.properties
30-Nov-2020 17:12:10.500 INFO [main] org.apache.catalina.startup.VersionLoggerListener.log Command line argument: -Djava.util.logging.manager=org.apache.juli.ClassLoaderLogManager
30-Nov-2020 17:12:10.502 INFO [main] org.apache.catalina.startup.VersionLoggerListener.log Command line argument: -Djdk.tls.ephemeralDHKeySize=2048
30-Nov-2020 17:12:10.502 INFO [main] org.apache.catalina.startup.VersionLoggerListener.log Command line argument: -Djava.protocol.handler.pkgs=org.apache.catalina.webresources
30-Nov-2020 17:12:10.504 INFO [main] org.apache.catalina.startup.VersionLoggerListener.log Command line argument: -Dignore.endorsed.dirs=
30-Nov-2020 17:12:10.505 INFO [main] org.apache.catalina.startup.VersionLoggerListener.log Command line argument: -Dcatalina.base=C:\Study\JavaEE\tomcat9
30-Nov-2020 17:12:10.506 INFO [main] org.apache.catalina.startup.VersionLoggerListener.log Command line argument: -Dcatalina.home=C:\Study\JavaEE\tomcat9
30-Nov-2020 17:12:10.509 INFO [main] org.apache.catalina.startup.VersionLoggerListener.log Command line argument: -Djava.io.tmpdir=C:\Study\JavaEE\tomcat9\temp
30-Nov-2020 17:12:10.513 INFO [main] org.apache.catalina.core.AprLifecycleListener.lifecycleEvent The Apache Tomcat Native library which allows using OpenSSL was not found on the java.library.path: [c:\jdk1.8.0\bin;C:\Windows\Sun\Java\bin;C:\Windows\system32;C:\Windows;C:\Program Files\Common Files\Oracle\Java\javapath;C:\ProgramData\Oracle\Java\javapath;C:\Program Files\Common Files\Microsoft Shared\Windows Live;C:\Windows\system32;C:\Windows;C:\Windows\System32\Wbem;C:\Windows\System32\WindowsPowerShell\v1.0\;C:\Program Files\Windows Live\Shared;C:\Program Files\TortoiseSVN\bin;C:\Program Files\PuTTY\;C:\Program Files\Git\cmd;C:\Program Files\Windows Kits\10\Windows Performance Toolkit\;C:\Program Files\Microsoft SQL Server\120\Tools\Binn\;C:\Program Files\dotnet\;C:\Users\esha\AppData\Local\Programs\Python\Python36-32\Scripts\;C:\Users\esha\AppData\Local\Programs\Python\Python36-32\;C:\Windows;C:\Windows\System32;C:\Program Files\Java\jre1.8.0_144\bin;C:\Users\esha\AppData\Local\Programs\Python\Python36-32;C:\jdk1.8.0\bin;C:\tc\BIN;C:\MinGW\bin;.]
30-Nov-2020 17:12:11.727 INFO [main] org.apache.coyote.AbstractProtocol.init Initializing ProtocolHandler ["http-nio-8080"]
30-Nov-2020 17:12:12.341 INFO [main] org.apache.catalina.startup.Catalina.load Server initialization in [2626] milliseconds
30-Nov-2020 17:12:12.423 INFO [main] org.apache.catalina.core.StandardService.startInternal Starting service [Catalina]
30-Nov-2020 17:12:12.424 INFO [main] org.apache.catalina.core.StandardEngine.startInternal Starting Servlet engine: [Apache Tomcat/9.0.37]
30-Nov-2020 17:12:12.458 INFO [main] org.apache.catalina.startup.HostConfig.deployDirectory Deploying web application directory [C:\Study\JavaEE\tomcat9\webapps\docs]
30-Nov-2020 17:12:13.712 INFO [main] org.apache.jasper.servlet.TldScanner.scanJars At least one JAR was scanned for TLDs yet contained no TLDs. Enable debug logging for this logger for a complete list of JARs that were scanned but no TLDs were found in them. Skipping unneeded JARs during scanning can improve startup time and JSP compilation time.
30-Nov-2020 17:12:13.889 INFO [main] org.apache.catalina.startup.HostConfig.deployDirectory Deployment of web application directory [C:\Study\JavaEE\tomcat9\webapps\docs] has finished in [1,430] ms
30-Nov-2020 17:12:13.891 INFO [main] org.apache.catalina.startup.HostConfig.deployDirectory Deploying web application directory [C:\Study\JavaEE\tomcat9\webapps\examples]
30-Nov-2020 17:12:15.273 INFO [main] org.apache.jasper.servlet.TldScanner.scanJars At least one JAR was scanned for TLDs yet contained no TLDs. Enable debug logging for this logger for a complete list of JARs that were scanned but no TLDs were found in them. Skipping unneeded JARs during scanning can improve startup time and JSP compilation time.
30-Nov-2020 17:12:15.425 INFO [main] org.apache.catalina.startup.HostConfig.deployDirectory Deployment of web application directory [C:\Study\JavaEE\tomcat9\webapps\examples] has finished in [1,534] ms
30-Nov-2020 17:12:15.427 INFO [main] org.apache.catalina.startup.HostConfig.deployDirectory Deploying web application directory [C:\Study\JavaEE\tomcat9\webapps\five]
30-Nov-2020 17:12:15.990 INFO [main] org.apache.jasper.servlet.TldScanner.scanJars At least one JAR was scanned for TLDs yet contained no TLDs. Enable debug logging for this logger for a complete list of JARs that were scanned but no TLDs were found in them. Skipping unneeded JARs during scanning can improve startup time and JSP compilation time.
30-Nov-2020 17:12:15.999 INFO [main] org.apache.catalina.startup.HostConfig.deployDirectory Deployment of web application directory [C:\Study\JavaEE\tomcat9\webapps\five] has finished in [573] ms
30-Nov-2020 17:12:16.001 INFO [main] org.apache.catalina.startup.HostConfig.deployDirectory Deploying web application directory [C:\Study\JavaEE\tomcat9\webapps\four]
30-Nov-2020 17:12:16.556 INFO [main] org.apache.jasper.servlet.TldScanner.scanJars At least one JAR was scanned for TLDs yet contained no TLDs. Enable debug logging for this logger for a complete list of JARs that were scanned but no TLDs were found in them. Skipping unneeded JARs during scanning can improve startup time and JSP compilation time.
30-Nov-2020 17:12:16.564 INFO [main] org.apache.catalina.startup.HostConfig.deployDirectory Deployment of web application directory [C:\Study\JavaEE\tomcat9\webapps\four] has finished in [563] ms
30-Nov-2020 17:12:16.566 INFO [main] org.apache.catalina.startup.HostConfig.deployDirectory Deploying web application directory [C:\Study\JavaEE\tomcat9\webapps\host-manager]
30-Nov-2020 17:12:17.116 INFO [main] org.apache.jasper.servlet.TldScanner.scanJars At least one JAR was scanned for TLDs yet contained no TLDs. Enable debug logging for this logger for a complete list of JARs that were scanned but no TLDs were found in them. Skipping unneeded JARs during scanning can improve startup time and JSP compilation time.
30-Nov-2020 17:12:17.129 INFO [main] org.apache.catalina.startup.HostConfig.deployDirectory Deployment of web application directory [C:\Study\JavaEE\tomcat9\webapps\host-manager] has finished in [564] ms
30-Nov-2020 17:12:17.130 INFO [main] org.apache.catalina.startup.HostConfig.deployDirectory Deploying web application directory [C:\Study\JavaEE\tomcat9\webapps\manager]
30-Nov-2020 17:12:17.653 INFO [main] org.apache.jasper.servlet.TldScanner.scanJars At least one JAR was scanned for TLDs yet contained no TLDs. Enable debug logging for this logger for a complete list of JARs that were scanned but no TLDs were found in them. Skipping unneeded JARs during scanning can improve startup time and JSP compilation time.
30-Nov-2020 17:12:17.662 INFO [main] org.apache.catalina.startup.HostConfig.deployDirectory Deployment of web application directory [C:\Study\JavaEE\tomcat9\webapps\manager] has finished in [531] ms
30-Nov-2020 17:12:17.664 INFO [main] org.apache.catalina.startup.HostConfig.deployDirectory Deploying web application directory [C:\Study\JavaEE\tomcat9\webapps\one]
30-Nov-2020 17:12:18.137 INFO [main] org.apache.jasper.servlet.TldScanner.scanJars At least one JAR was scanned for TLDs yet contained no TLDs. Enable debug logging for this logger for a complete list of JARs that were scanned but no TLDs were found in them. Skipping unneeded JARs during scanning can improve startup time and JSP compilation time.
30-Nov-2020 17:12:18.144 INFO [main] org.apache.catalina.startup.HostConfig.deployDirectory Deployment of web application directory [C:\Study\JavaEE\tomcat9\webapps\one] has finished in [481] ms
30-Nov-2020 17:12:18.145 INFO [main] org.apache.catalina.startup.HostConfig.deployDirectory Deploying web application directory [C:\Study\JavaEE\tomcat9\webapps\ROOT]
30-Nov-2020 17:12:18.590 INFO [main] org.apache.jasper.servlet.TldScanner.scanJars At least one JAR was scanned for TLDs yet contained no TLDs. Enable debug logging for this logger for a complete list of JARs that were scanned but no TLDs were found in them. Skipping unneeded JARs during scanning can improve startup time and JSP compilation time.
30-Nov-2020 17:12:18.598 INFO [main] org.apache.catalina.startup.HostConfig.deployDirectory Deployment of web application directory [C:\Study\JavaEE\tomcat9\webapps\ROOT] has finished in [453] ms
30-Nov-2020 17:12:18.600 INFO [main] org.apache.catalina.startup.HostConfig.deployDirectory Deploying web application directory [C:\Study\JavaEE\tomcat9\webapps\styleone]
30-Nov-2020 17:12:19.252 INFO [main] org.apache.jasper.servlet.TldScanner.scanJars At least one JAR was scanned for TLDs yet contained no TLDs. Enable debug logging for this logger for a complete list of JARs that were scanned but no TLDs were found in them. Skipping unneeded JARs during scanning can improve startup time and JSP compilation time.
30-Nov-2020 17:12:19.261 INFO [main] org.apache.catalina.startup.HostConfig.deployDirectory Deployment of web application directory [C:\Study\JavaEE\tomcat9\webapps\styleone] has finished in [661] ms
30-Nov-2020 17:12:19.263 INFO [main] org.apache.catalina.startup.HostConfig.deployDirectory Deploying web application directory [C:\Study\JavaEE\tomcat9\webapps\three]
30-Nov-2020 17:12:19.747 INFO [main] org.apache.jasper.servlet.TldScanner.scanJars At least one JAR was scanned for TLDs yet contained no TLDs. Enable debug logging for this logger for a complete list of JARs that were scanned but no TLDs were found in them. Skipping unneeded JARs during scanning can improve startup time and JSP compilation time.
30-Nov-2020 17:12:19.753 INFO [main] org.apache.catalina.startup.HostConfig.deployDirectory Deployment of web application directory [C:\Study\JavaEE\tomcat9\webapps\three] has finished in [489] ms
30-Nov-2020 17:12:19.754 INFO [main] org.apache.catalina.startup.HostConfig.deployDirectory Deploying web application directory [C:\Study\JavaEE\tomcat9\webapps\two]
30-Nov-2020 17:12:20.156 INFO [main] org.apache.jasper.servlet.TldScanner.scanJars At least one JAR was scanned for TLDs yet contained no TLDs. Enable debug logging for this logger for a complete list of JARs that were scanned but no TLDs were found in them. Skipping unneeded JARs during scanning can improve startup time and JSP compilation time.
30-Nov-2020 17:12:20.163 INFO [main] org.apache.catalina.startup.HostConfig.deployDirectory Deployment of web application directory [C:\Study\JavaEE\tomcat9\webapps\two] has finished in [409] ms
30-Nov-2020 17:12:20.174 INFO [main] org.apache.coyote.AbstractProtocol.start Starting ProtocolHandler ["http-nio-8080"]
30-Nov-2020 17:12:20.203 INFO [main] org.apache.catalina.startup.Catalina.start Server startup in [7860] milliseconds
