12-Nov-2020 14:21:40.443 INFO [main] org.apache.catalina.core.ApplicationContext.log ContextListener: contextInitialized()
12-Nov-2020 14:21:40.443 INFO [main] org.apache.catalina.core.ApplicationContext.log SessionListener: contextInitialized()
12-Nov-2020 14:21:40.448 INFO [main] org.apache.catalina.core.ApplicationContext.log ContextListener: attributeAdded('StockTicker', 'async.Stockticker@1db5df9')
12-Nov-2020 14:22:58.818 INFO [main] org.apache.catalina.core.ApplicationContext.log ContextListener: contextInitialized()
12-Nov-2020 14:22:58.818 INFO [main] org.apache.catalina.core.ApplicationContext.log SessionListener: contextInitialized()
12-Nov-2020 14:22:58.822 INFO [main] org.apache.catalina.core.ApplicationContext.log ContextListener: attributeAdded('StockTicker', 'async.Stockticker@1db5df9')
12-Nov-2020 14:23:07.402 INFO [http-nio-8080-exec-4] org.apache.catalina.core.ApplicationContext.log Marking servlet [DesignationsView] as unavailable
12-Nov-2020 14:23:07.403 SEVERE [http-nio-8080-exec-4] org.apache.catalina.core.StandardWrapperValve.invoke Allocate exception for servlet [DesignationsView]
	java.lang.ClassNotFoundException: com.thinking.machines.hr.servlet.DesignationsView
		at org.apache.catalina.loader.WebappClassLoaderBase.loadClass(WebappClassLoaderBase.java:1365)
		at org.apache.catalina.loader.WebappClassLoaderBase.loadClass(WebappClassLoaderBase.java:1188)
		at org.apache.catalina.core.DefaultInstanceManager.loadClass(DefaultInstanceManager.java:539)
		at org.apache.catalina.core.DefaultInstanceManager.loadClassMaybePrivileged(DefaultInstanceManager.java:520)
		at org.apache.catalina.core.DefaultInstanceManager.newInstance(DefaultInstanceManager.java:150)
		at org.apache.catalina.core.StandardWrapper.loadServlet(StandardWrapper.java:1042)
		at org.apache.catalina.core.StandardWrapper.allocate(StandardWrapper.java:761)
		at org.apache.catalina.core.StandardWrapperValve.invoke(StandardWrapperValve.java:135)
		at org.apache.catalina.core.StandardContextValve.invoke(StandardContextValve.java:96)
		at org.apache.catalina.authenticator.AuthenticatorBase.invoke(AuthenticatorBase.java:541)
		at org.apache.catalina.core.StandardHostValve.invoke(StandardHostValve.java:139)
		at org.apache.catalina.valves.ErrorReportValve.invoke(ErrorReportValve.java:92)
		at org.apache.catalina.valves.AbstractAccessLogValve.invoke(AbstractAccessLogValve.java:690)
		at org.apache.catalina.core.StandardEngineValve.invoke(StandardEngineValve.java:74)
		at org.apache.catalina.connector.CoyoteAdapter.service(CoyoteAdapter.java:343)
		at org.apache.coyote.http11.Http11Processor.service(Http11Processor.java:373)
		at org.apache.coyote.AbstractProcessorLight.process(AbstractProcessorLight.java:65)
		at org.apache.coyote.AbstractProtocol$ConnectionHandler.process(AbstractProtocol.java:868)
		at org.apache.tomcat.util.net.NioEndpoint$SocketProcessor.doRun(NioEndpoint.java:1589)
		at org.apache.tomcat.util.net.SocketProcessorBase.run(SocketProcessorBase.java:49)
		at java.util.concurrent.ThreadPoolExecutor.runWorker(ThreadPoolExecutor.java:1149)
		at java.util.concurrent.ThreadPoolExecutor$Worker.run(ThreadPoolExecutor.java:624)
		at org.apache.tomcat.util.threads.TaskThread$WrappingRunnable.run(TaskThread.java:61)
		at java.lang.Thread.run(Thread.java:748)
12-Nov-2020 14:24:56.757 INFO [Thread-4] org.apache.catalina.core.ApplicationContext.log SessionListener: contextDestroyed()
12-Nov-2020 14:24:56.757 INFO [Thread-4] org.apache.catalina.core.ApplicationContext.log ContextListener: contextDestroyed()
12-Nov-2020 14:25:07.456 INFO [main] org.apache.catalina.core.ApplicationContext.log ContextListener: contextInitialized()
12-Nov-2020 14:25:07.456 INFO [main] org.apache.catalina.core.ApplicationContext.log SessionListener: contextInitialized()
12-Nov-2020 14:25:07.459 INFO [main] org.apache.catalina.core.ApplicationContext.log ContextListener: attributeAdded('StockTicker', 'async.Stockticker@1db5df9')
12-Nov-2020 14:30:39.740 INFO [Thread-4] org.apache.catalina.core.ApplicationContext.log SessionListener: contextDestroyed()
12-Nov-2020 14:30:39.740 INFO [Thread-4] org.apache.catalina.core.ApplicationContext.log ContextListener: contextDestroyed()
12-Nov-2020 14:30:48.457 INFO [main] org.apache.catalina.core.ApplicationContext.log ContextListener: contextInitialized()
12-Nov-2020 14:30:48.458 INFO [main] org.apache.catalina.core.ApplicationContext.log SessionListener: contextInitialized()
12-Nov-2020 14:30:48.462 INFO [main] org.apache.catalina.core.ApplicationContext.log ContextListener: attributeAdded('StockTicker', 'async.Stockticker@1c911a1')
12-Nov-2020 14:32:42.560 INFO [Thread-4] org.apache.catalina.core.ApplicationContext.log SessionListener: contextDestroyed()
12-Nov-2020 14:32:42.561 INFO [Thread-4] org.apache.catalina.core.ApplicationContext.log ContextListener: contextDestroyed()
12-Nov-2020 14:32:50.602 INFO [main] org.apache.catalina.core.ApplicationContext.log ContextListener: contextInitialized()
12-Nov-2020 14:32:50.602 INFO [main] org.apache.catalina.core.ApplicationContext.log SessionListener: contextInitialized()
12-Nov-2020 14:32:50.607 INFO [main] org.apache.catalina.core.ApplicationContext.log ContextListener: attributeAdded('StockTicker', 'async.Stockticker@1db5df9')
12-Nov-2020 14:57:08.496 INFO [Thread-4] org.apache.catalina.core.ApplicationContext.log SessionListener: contextDestroyed()
12-Nov-2020 14:57:08.496 INFO [Thread-4] org.apache.catalina.core.ApplicationContext.log ContextListener: contextDestroyed()
12-Nov-2020 14:57:21.017 INFO [main] org.apache.catalina.core.ApplicationContext.log ContextListener: contextInitialized()
12-Nov-2020 14:57:21.018 INFO [main] org.apache.catalina.core.ApplicationContext.log SessionListener: contextInitialized()
12-Nov-2020 14:57:21.021 INFO [main] org.apache.catalina.core.ApplicationContext.log ContextListener: attributeAdded('StockTicker', 'async.Stockticker@1cd8c7a')
12-Nov-2020 15:03:45.750 INFO [Thread-4] org.apache.catalina.core.ApplicationContext.log SessionListener: contextDestroyed()
12-Nov-2020 15:03:45.750 INFO [Thread-4] org.apache.catalina.core.ApplicationContext.log ContextListener: contextDestroyed()
12-Nov-2020 15:04:26.066 INFO [main] org.apache.catalina.core.ApplicationContext.log ContextListener: contextInitialized()
12-Nov-2020 15:04:26.066 INFO [main] org.apache.catalina.core.ApplicationContext.log SessionListener: contextInitialized()
12-Nov-2020 15:04:26.066 INFO [main] org.apache.catalina.core.ApplicationContext.log ContextListener: attributeAdded('StockTicker', 'async.Stockticker@1cd8c7a')
