12-Dec-2020 17:49:27.906 INFO [main] org.apache.catalina.core.ApplicationContext.log ContextListener: contextInitialized()
12-Dec-2020 17:49:27.906 INFO [main] org.apache.catalina.core.ApplicationContext.log SessionListener: contextInitialized()
12-Dec-2020 17:49:27.911 INFO [main] org.apache.catalina.core.ApplicationContext.log ContextListener: attributeAdded('StockTicker', 'async.Stockticker@1cd8c7a')
12-Dec-2020 17:55:14.028 INFO [Thread-4] org.apache.catalina.core.ApplicationContext.log SessionListener: contextDestroyed()
12-Dec-2020 17:55:14.029 INFO [Thread-4] org.apache.catalina.core.ApplicationContext.log ContextListener: contextDestroyed()
12-Dec-2020 17:55:26.547 INFO [main] org.apache.catalina.core.ApplicationContext.log ContextListener: contextInitialized()
12-Dec-2020 17:55:26.547 INFO [main] org.apache.catalina.core.ApplicationContext.log SessionListener: contextInitialized()
12-Dec-2020 17:55:26.551 INFO [main] org.apache.catalina.core.ApplicationContext.log ContextListener: attributeAdded('StockTicker', 'async.Stockticker@1cd8c7a')
12-Dec-2020 17:56:29.350 INFO [Thread-4] org.apache.catalina.core.ApplicationContext.log SessionListener: contextDestroyed()
12-Dec-2020 17:56:29.350 INFO [Thread-4] org.apache.catalina.core.ApplicationContext.log ContextListener: contextDestroyed()
12-Dec-2020 17:57:54.692 INFO [main] org.apache.catalina.core.ApplicationContext.log ContextListener: contextInitialized()
12-Dec-2020 17:57:54.693 INFO [main] org.apache.catalina.core.ApplicationContext.log SessionListener: contextInitialized()
12-Dec-2020 17:57:54.695 INFO [main] org.apache.catalina.core.ApplicationContext.log ContextListener: attributeAdded('StockTicker', 'async.Stockticker@1cd8c7a')
12-Dec-2020 18:01:02.106 INFO [Thread-4] org.apache.catalina.core.ApplicationContext.log SessionListener: contextDestroyed()
12-Dec-2020 18:01:02.106 INFO [Thread-4] org.apache.catalina.core.ApplicationContext.log ContextListener: contextDestroyed()
12-Dec-2020 18:01:23.414 INFO [main] org.apache.catalina.core.ApplicationContext.log ContextListener: contextInitialized()
12-Dec-2020 18:01:23.415 INFO [main] org.apache.catalina.core.ApplicationContext.log SessionListener: contextInitialized()
12-Dec-2020 18:01:23.418 INFO [main] org.apache.catalina.core.ApplicationContext.log ContextListener: attributeAdded('StockTicker', 'async.Stockticker@1cd8c7a')
12-Dec-2020 18:01:46.491 INFO [Thread-4] org.apache.catalina.core.ApplicationContext.log SessionListener: contextDestroyed()
12-Dec-2020 18:01:46.491 INFO [Thread-4] org.apache.catalina.core.ApplicationContext.log ContextListener: contextDestroyed()
12-Dec-2020 18:11:21.349 INFO [main] org.apache.catalina.core.ApplicationContext.log ContextListener: contextInitialized()
12-Dec-2020 18:11:21.349 INFO [main] org.apache.catalina.core.ApplicationContext.log SessionListener: contextInitialized()
12-Dec-2020 18:11:21.352 INFO [main] org.apache.catalina.core.ApplicationContext.log ContextListener: attributeAdded('StockTicker', 'async.Stockticker@1cd8c7a')
12-Dec-2020 18:15:29.352 INFO [Thread-4] org.apache.catalina.core.ApplicationContext.log SessionListener: contextDestroyed()
12-Dec-2020 18:15:29.352 INFO [Thread-4] org.apache.catalina.core.ApplicationContext.log ContextListener: contextDestroyed()
12-Dec-2020 18:15:37.957 INFO [main] org.apache.catalina.core.ApplicationContext.log ContextListener: contextInitialized()
12-Dec-2020 18:15:37.957 INFO [main] org.apache.catalina.core.ApplicationContext.log SessionListener: contextInitialized()
12-Dec-2020 18:15:37.960 INFO [main] org.apache.catalina.core.ApplicationContext.log ContextListener: attributeAdded('StockTicker', 'async.Stockticker@1cd8c7a')
12-Dec-2020 18:24:22.857 INFO [Thread-4] org.apache.catalina.core.ApplicationContext.log SessionListener: contextDestroyed()
12-Dec-2020 18:24:22.857 INFO [Thread-4] org.apache.catalina.core.ApplicationContext.log ContextListener: contextDestroyed()
12-Dec-2020 18:24:33.017 INFO [main] org.apache.catalina.core.ApplicationContext.log ContextListener: contextInitialized()
12-Dec-2020 18:24:33.017 INFO [main] org.apache.catalina.core.ApplicationContext.log SessionListener: contextInitialized()
12-Dec-2020 18:24:33.020 INFO [main] org.apache.catalina.core.ApplicationContext.log ContextListener: attributeAdded('StockTicker', 'async.Stockticker@1258e59')
12-Dec-2020 18:25:38.832 INFO [Thread-4] org.apache.catalina.core.ApplicationContext.log SessionListener: contextDestroyed()
12-Dec-2020 18:25:38.832 INFO [Thread-4] org.apache.catalina.core.ApplicationContext.log ContextListener: contextDestroyed()
12-Dec-2020 18:30:24.694 INFO [main] org.apache.catalina.core.ApplicationContext.log ContextListener: contextInitialized()
12-Dec-2020 18:30:24.694 INFO [main] org.apache.catalina.core.ApplicationContext.log SessionListener: contextInitialized()
12-Dec-2020 18:30:24.699 INFO [main] org.apache.catalina.core.ApplicationContext.log ContextListener: attributeAdded('StockTicker', 'async.Stockticker@1cd8c7a')
12-Dec-2020 18:31:19.623 INFO [Thread-4] org.apache.catalina.core.ApplicationContext.log SessionListener: contextDestroyed()
12-Dec-2020 18:31:19.623 INFO [Thread-4] org.apache.catalina.core.ApplicationContext.log ContextListener: contextDestroyed()
12-Dec-2020 18:32:15.284 INFO [main] org.apache.catalina.core.ApplicationContext.log ContextListener: contextInitialized()
12-Dec-2020 18:32:15.285 INFO [main] org.apache.catalina.core.ApplicationContext.log SessionListener: contextInitialized()
12-Dec-2020 18:32:15.288 INFO [main] org.apache.catalina.core.ApplicationContext.log ContextListener: attributeAdded('StockTicker', 'async.Stockticker@1cd8c7a')
